TpTrace Verbose: 0 : 10172, 1, 2021/08/19, 12:10:23.912, 3911502822286, vstest.console.dll, Version: 17.0.0-preview-20210715-01
TpTrace Information: 0 : 10172, 1, 2021/08/19, 12:10:23.932, 3911502969406, vstest.console.dll, FilePatternParser: The given file C:\Users\Ehlimana\source\repos\PrivatnaKlinika\UnitTestovi\bin\Debug\net5.0\fine-code-coverage\build-output\UnitTestovi.dll is a full path.
TpTrace Verbose: 0 : 10172, 1, 2021/08/19, 12:10:23.938, 3911503028959, vstest.console.dll, TestPluginCache.DiscoverTestExtensions: finding test extensions in assemblies ends with: RuntimeProvider.dll TPluginInfo: Microsoft.VisualStudio.TestPlatform.Common.ExtensionFramework.Utilities.TestRuntimePluginInformation TExtension: Microsoft.VisualStudio.TestPlatform.ObjectModel.Host.ITestRuntimeProvider
TpTrace Verbose: 0 : 10172, 1, 2021/08/19, 12:10:23.939, 3911503037036, vstest.console.dll, TestPluginCache.GetExtensionPaths: Filtered extension paths: 
TpTrace Verbose: 0 : 10172, 1, 2021/08/19, 12:10:23.939, 3911503038888, vstest.console.dll, TestPluginCache.GetExtensionPaths: Added default extension paths: C:\Program Files\dotnet\sdk\6.0.100-preview.7.21379.14\Extensions\Microsoft.Diagnostics.NETCore.Client.dll
C:\Program Files\dotnet\sdk\6.0.100-preview.7.21379.14\Extensions\Microsoft.TestPlatform.Extensions.BlameDataCollector.dll
C:\Program Files\dotnet\sdk\6.0.100-preview.7.21379.14\Extensions\Microsoft.TestPlatform.Extensions.EventLogCollector.dll
C:\Program Files\dotnet\sdk\6.0.100-preview.7.21379.14\Extensions\Microsoft.TestPlatform.TestHostRuntimeProvider.dll
C:\Program Files\dotnet\sdk\6.0.100-preview.7.21379.14\Extensions\Microsoft.VisualStudio.TestPlatform.Extensions.Html.TestLogger.dll
C:\Program Files\dotnet\sdk\6.0.100-preview.7.21379.14\Extensions\Microsoft.VisualStudio.TestPlatform.Extensions.Trx.TestLogger.dll
TpTrace Verbose: 0 : 10172, 1, 2021/08/19, 12:10:23.939, 3911503039540, vstest.console.dll, TestPluginCache.GetExtensionPaths: Added unfilterableExtensionPaths: 
TpTrace Information: 0 : 10172, 1, 2021/08/19, 12:10:23.940, 3911503049617, vstest.console.dll, AssemblyResolver.ctor: Creating AssemblyResolver with searchDirectories C:\Program Files\dotnet\sdk\6.0.100-preview.7.21379.14\Extensions,C:\Program Files\dotnet\sdk\6.0.100-preview.7.21379.14
TpTrace Verbose: 0 : 10172, 1, 2021/08/19, 12:10:23.941, 3911503060777, vstest.console.dll, TestPluginCache.DiscoverTestExtensions: Discovering the extensions using extension path.
TpTrace Verbose: 0 : 10172, 1, 2021/08/19, 12:10:23.941, 3911503063087, vstest.console.dll, TestPluginCache.GetExtensionPaths: Filtered extension paths: 
TpTrace Verbose: 0 : 10172, 1, 2021/08/19, 12:10:23.942, 3911503063765, vstest.console.dll, TestPluginCache.GetExtensionPaths: Added default extension paths: C:\Program Files\dotnet\sdk\6.0.100-preview.7.21379.14\Extensions\Microsoft.Diagnostics.NETCore.Client.dll
C:\Program Files\dotnet\sdk\6.0.100-preview.7.21379.14\Extensions\Microsoft.TestPlatform.Extensions.BlameDataCollector.dll
C:\Program Files\dotnet\sdk\6.0.100-preview.7.21379.14\Extensions\Microsoft.TestPlatform.Extensions.EventLogCollector.dll
C:\Program Files\dotnet\sdk\6.0.100-preview.7.21379.14\Extensions\Microsoft.TestPlatform.TestHostRuntimeProvider.dll
C:\Program Files\dotnet\sdk\6.0.100-preview.7.21379.14\Extensions\Microsoft.VisualStudio.TestPlatform.Extensions.Html.TestLogger.dll
C:\Program Files\dotnet\sdk\6.0.100-preview.7.21379.14\Extensions\Microsoft.VisualStudio.TestPlatform.Extensions.Trx.TestLogger.dll
TpTrace Verbose: 0 : 10172, 1, 2021/08/19, 12:10:23.942, 3911503064404, vstest.console.dll, TestPluginCache.GetExtensionPaths: Added unfilterableExtensionPaths: 
TpTrace Verbose: 0 : 10172, 1, 2021/08/19, 12:10:23.942, 3911503065336, vstest.console.dll, TestPluginCache.DiscoverTestExtensions: Discovering the extensions using allExtensionPaths: C:\Program Files\dotnet\sdk\6.0.100-preview.7.21379.14\Extensions\Microsoft.Diagnostics.NETCore.Client.dll
C:\Program Files\dotnet\sdk\6.0.100-preview.7.21379.14\Extensions\Microsoft.TestPlatform.Extensions.BlameDataCollector.dll
C:\Program Files\dotnet\sdk\6.0.100-preview.7.21379.14\Extensions\Microsoft.TestPlatform.Extensions.EventLogCollector.dll
C:\Program Files\dotnet\sdk\6.0.100-preview.7.21379.14\Extensions\Microsoft.TestPlatform.TestHostRuntimeProvider.dll
C:\Program Files\dotnet\sdk\6.0.100-preview.7.21379.14\Extensions\Microsoft.VisualStudio.TestPlatform.Extensions.Html.TestLogger.dll
C:\Program Files\dotnet\sdk\6.0.100-preview.7.21379.14\Extensions\Microsoft.VisualStudio.TestPlatform.Extensions.Trx.TestLogger.dll
TpTrace Information: 0 : 10172, 1, 2021/08/19, 12:10:23.942, 3911503067522, vstest.console.dll, AssemblyResolver.AddSearchDirectories: Adding more searchDirectories C:\Program Files\dotnet\sdk\6.0.100-preview.7.21379.14\Extensions,C:\Program Files\dotnet\sdk\6.0.100-preview.7.21379.14
TpTrace Information: 0 : 10172, 1, 2021/08/19, 12:10:23.942, 3911503068413, vstest.console.dll, AssemblyResolver.AddSearchDirectories: Adding more searchDirectories C:\Program Files\dotnet\sdk\6.0.100-preview.7.21379.14\Extensions,C:\Program Files\dotnet\sdk\6.0.100-preview.7.21379.14
TpTrace Information: 0 : 10172, 1, 2021/08/19, 12:10:23.942, 3911503069007, vstest.console.dll, AssemblyResolver.AddSearchDirectories: Adding more searchDirectories C:\Program Files\dotnet\sdk\6.0.100-preview.7.21379.14\Extensions,C:\Program Files\dotnet\sdk\6.0.100-preview.7.21379.14
TpTrace Information: 0 : 10172, 1, 2021/08/19, 12:10:23.942, 3911503069577, vstest.console.dll, AssemblyResolver.AddSearchDirectories: Adding more searchDirectories C:\Program Files\dotnet\sdk\6.0.100-preview.7.21379.14\Extensions,C:\Program Files\dotnet\sdk\6.0.100-preview.7.21379.14
TpTrace Information: 0 : 10172, 1, 2021/08/19, 12:10:23.942, 3911503070302, vstest.console.dll, AssemblyResolver.AddSearchDirectories: Adding more searchDirectories C:\Program Files\dotnet\sdk\6.0.100-preview.7.21379.14\Extensions,C:\Program Files\dotnet\sdk\6.0.100-preview.7.21379.14
TpTrace Information: 0 : 10172, 1, 2021/08/19, 12:10:23.942, 3911503071097, vstest.console.dll, AssemblyResolver.AddSearchDirectories: Adding more searchDirectories C:\Program Files\dotnet\sdk\6.0.100-preview.7.21379.14\Extensions,C:\Program Files\dotnet\sdk\6.0.100-preview.7.21379.14
TpTrace Information: 0 : 10172, 1, 2021/08/19, 12:10:23.943, 3911503075788, vstest.console.dll, AssemblyResolver.OnResolve: Microsoft.Diagnostics.NETCore.Client: Resolving assembly.
TpTrace Information: 0 : 10172, 1, 2021/08/19, 12:10:23.943, 3911503076864, vstest.console.dll, AssemblyResolver.OnResolve: Microsoft.Diagnostics.NETCore.Client: Searching in: 'C:\Program Files\dotnet\sdk\6.0.100-preview.7.21379.14\Extensions'.
TpTrace Information: 0 : 10172, 1, 2021/08/19, 12:10:23.944, 3911503083665, vstest.console.dll, AssemblyResolver.OnResolve: Microsoft.Diagnostics.NETCore.Client: Loading assembly 'C:\Program Files\dotnet\sdk\6.0.100-preview.7.21379.14\Extensions\Microsoft.Diagnostics.NETCore.Client.dll'.
TpTrace Information: 0 : 10172, 1, 2021/08/19, 12:10:23.945, 3911503094598, vstest.console.dll, AssemblyResolver.OnResolve: Resolved assembly: Microsoft.Diagnostics.NETCore.Client, from path: C:\Program Files\dotnet\sdk\6.0.100-preview.7.21379.14\Extensions\Microsoft.Diagnostics.NETCore.Client.dll
TpTrace Information: 0 : 10172, 1, 2021/08/19, 12:10:23.955, 3911503200976, vstest.console.dll, AssemblyResolver.OnResolve: Microsoft.Bcl.AsyncInterfaces: Resolving assembly.
TpTrace Information: 0 : 10172, 1, 2021/08/19, 12:10:23.955, 3911503202277, vstest.console.dll, AssemblyResolver.OnResolve: Microsoft.Bcl.AsyncInterfaces: Searching in: 'C:\Program Files\dotnet\sdk\6.0.100-preview.7.21379.14\Extensions'.
TpTrace Information: 0 : 10172, 1, 2021/08/19, 12:10:23.955, 3911503203550, vstest.console.dll, AssemblyResolver.OnResolve: Microsoft.Bcl.AsyncInterfaces: Assembly path does not exist: 'C:\Program Files\dotnet\sdk\6.0.100-preview.7.21379.14\Extensions\Microsoft.Bcl.AsyncInterfaces.dll', returning.
TpTrace Information: 0 : 10172, 1, 2021/08/19, 12:10:23.956, 3911503204526, vstest.console.dll, AssemblyResolver.OnResolve: Microsoft.Bcl.AsyncInterfaces: Assembly path does not exist: 'C:\Program Files\dotnet\sdk\6.0.100-preview.7.21379.14\Extensions\Microsoft.Bcl.AsyncInterfaces.exe', returning.
TpTrace Information: 0 : 10172, 1, 2021/08/19, 12:10:23.956, 3911503205521, vstest.console.dll, AssemblyResolver.OnResolve: Microsoft.Bcl.AsyncInterfaces: Searching in: 'C:\Program Files\dotnet\sdk\6.0.100-preview.7.21379.14'.
TpTrace Information: 0 : 10172, 1, 2021/08/19, 12:10:23.956, 3911503207119, vstest.console.dll, AssemblyResolver.OnResolve: Microsoft.Bcl.AsyncInterfaces: Assembly path does not exist: 'C:\Program Files\dotnet\sdk\6.0.100-preview.7.21379.14\Microsoft.Bcl.AsyncInterfaces.dll', returning.
TpTrace Information: 0 : 10172, 1, 2021/08/19, 12:10:23.956, 3911503208174, vstest.console.dll, AssemblyResolver.OnResolve: Microsoft.Bcl.AsyncInterfaces: Assembly path does not exist: 'C:\Program Files\dotnet\sdk\6.0.100-preview.7.21379.14\Microsoft.Bcl.AsyncInterfaces.exe', returning.
TpTrace Information: 0 : 10172, 1, 2021/08/19, 12:10:23.956, 3911503208705, vstest.console.dll, AssemblyResolver.OnResolve: Microsoft.Bcl.AsyncInterfaces: Failed to load assembly.
TpTrace Verbose: 0 : 10172, 1, 2021/08/19, 12:10:23.956, 3911503209402, vstest.console.dll, CurrentDomainAssemblyResolve: Resolving assembly 'Microsoft.Bcl.AsyncInterfaces'.
TpTrace Information: 0 : 10172, 1, 2021/08/19, 12:10:23.956, 3911503210369, vstest.console.dll, AssemblyResolver.OnResolve: Microsoft.Bcl.AsyncInterfaces: Resolving assembly.
TpTrace Information: 0 : 10172, 1, 2021/08/19, 12:10:23.956, 3911503211022, vstest.console.dll, AssemblyResolver.OnResolve: Microsoft.Bcl.AsyncInterfaces: Resolved from cache.
TpTrace Verbose: 0 : 10172, 1, 2021/08/19, 12:10:23.956, 3911503211561, vstest.console.dll, CurrentDomainAssemblyResolve: Resolving assembly 'Microsoft.Bcl.AsyncInterfaces'.
TpTrace Verbose: 0 : 10172, 1, 2021/08/19, 12:10:23.956, 3911503212176, vstest.console.dll, CurrentDomainAssemblyResolve: Failed to resolve assembly 'Microsoft.Bcl.AsyncInterfaces'.
TpTrace Verbose: 0 : 10172, 1, 2021/08/19, 12:10:23.957, 3911503217218, vstest.console.dll, CurrentDomainAssemblyResolve: Failed to resolve assembly 'Microsoft.Bcl.AsyncInterfaces'.
TpTrace Warning: 0 : 10172, 1, 2021/08/19, 12:10:23.982, 3911503473209, vstest.console.dll, TestPluginDiscoverer: Failed to get types from assembly 'Microsoft.Diagnostics.NETCore.Client, Version=0.2.4.21401, Culture=neutral, PublicKeyToken=31bf3856ad364e35'.  Skipping test extension scan for this assembly.  Error: System.Reflection.ReflectionTypeLoadException: Unable to load one or more of the requested types.
Could not load file or assembly 'Microsoft.Bcl.AsyncInterfaces, Version=1.0.0.0, Culture=neutral, PublicKeyToken=cc7b13ffcd2ddd51'. The system cannot find the file specified.
   at System.Reflection.RuntimeModule.GetTypes(RuntimeModule module)
   at System.Reflection.Assembly.GetTypes() in System.Private.CoreLib.dll:token 0x600514d+0x0
   at Microsoft.VisualStudio.TestPlatform.Common.ExtensionFramework.TestPluginDiscoverer.GetTestExtensionsFromAssembly[TPluginInfo,TExtension](Assembly assembly, Dictionary`2 pluginInfos) in Microsoft.VisualStudio.TestPlatform.Common.dll:token 0x60001af+0x1a
System.IO.FileNotFoundException: Could not load file or assembly 'Microsoft.Bcl.AsyncInterfaces, Version=1.0.0.0, Culture=neutral, PublicKeyToken=cc7b13ffcd2ddd51'. The system cannot find the file specified.
File name: 'Microsoft.Bcl.AsyncInterfaces, Version=1.0.0.0, Culture=neutral, PublicKeyToken=cc7b13ffcd2ddd51'
 ---> System.IO.FileNotFoundException: Could not load file or assembly 'Microsoft.Bcl.AsyncInterfaces, Culture=neutral, PublicKeyToken=null'. The system cannot find the file specified.
File name: 'Microsoft.Bcl.AsyncInterfaces, Culture=neutral, PublicKeyToken=null'
   at System.Reflection.RuntimeAssembly.InternalLoad(ObjectHandleOnStack assemblyName, ObjectHandleOnStack requestingAssembly, StackCrawlMarkHandle stackMark, Boolean throwOnFileNotFound, ObjectHandleOnStack assemblyLoadContext, ObjectHandleOnStack retAssembly) in System.Private.CoreLib.dll:token 0x600534c+0x8
   at System.Reflection.RuntimeAssembly.InternalLoad(AssemblyName assemblyName, RuntimeAssembly requestingAssembly, StackCrawlMark& stackMark, Boolean throwOnFileNotFound, AssemblyLoadContext assemblyLoadContext) in System.Private.CoreLib.dll:token 0x600534b+0x16
   at System.Reflection.Assembly.Load(AssemblyName assemblyRef) in System.Private.CoreLib.dll:token 0x6005142+0xe
   at Microsoft.VisualStudio.TestPlatform.Common.ExtensionFramework.TestPluginCache.CurrentDomainAssemblyResolve(Object sender, AssemblyResolveEventArgs args) in Microsoft.VisualStudio.TestPlatform.Common.dll:token 0x60001a9+0x64
   at Microsoft.VisualStudio.TestPlatform.PlatformAbstractions.PlatformAssemblyResolver.AssemblyResolverEvent(Object sender, Object eventArgs) in Microsoft.TestPlatform.PlatformAbstractions.dll:token 0x600004a+0x1c
   at System.Runtime.Loader.AssemblyLoadContext.GetFirstResolvedAssemblyFromResolvingEvent(AssemblyName assemblyName) in System.Private.CoreLib.dll:token 0x6003b3f+0x24
   at System.Runtime.Loader.AssemblyLoadContext.ResolveUsingEvent(AssemblyName assemblyName) in System.Private.CoreLib.dll:token 0x6003b42+0x7
   at System.Runtime.Loader.AssemblyLoadContext.ResolveUsingResolvingEvent(IntPtr gchManagedAssemblyLoadContext, AssemblyName assemblyName) in System.Private.CoreLib.dll:token 0x6003b03+0x7
TpTrace Warning: 0 : 10172, 1, 2021/08/19, 12:10:23.983, 3911503477853, vstest.console.dll, LoaderExceptions: System.IO.FileNotFoundException: Could not load file or assembly 'Microsoft.Bcl.AsyncInterfaces, Version=1.0.0.0, Culture=neutral, PublicKeyToken=cc7b13ffcd2ddd51'. The system cannot find the file specified.
File name: 'Microsoft.Bcl.AsyncInterfaces, Version=1.0.0.0, Culture=neutral, PublicKeyToken=cc7b13ffcd2ddd51'
 ---> System.IO.FileNotFoundException: Could not load file or assembly 'Microsoft.Bcl.AsyncInterfaces, Culture=neutral, PublicKeyToken=null'. The system cannot find the file specified.
File name: 'Microsoft.Bcl.AsyncInterfaces, Culture=neutral, PublicKeyToken=null'
   at System.Reflection.RuntimeAssembly.InternalLoad(ObjectHandleOnStack assemblyName, ObjectHandleOnStack requestingAssembly, StackCrawlMarkHandle stackMark, Boolean throwOnFileNotFound, ObjectHandleOnStack assemblyLoadContext, ObjectHandleOnStack retAssembly) in System.Private.CoreLib.dll:token 0x600534c+0x8
   at System.Reflection.RuntimeAssembly.InternalLoad(AssemblyName assemblyName, RuntimeAssembly requestingAssembly, StackCrawlMark& stackMark, Boolean throwOnFileNotFound, AssemblyLoadContext assemblyLoadContext) in System.Private.CoreLib.dll:token 0x600534b+0x16
   at System.Reflection.Assembly.Load(AssemblyName assemblyRef) in System.Private.CoreLib.dll:token 0x6005142+0xe
   at Microsoft.VisualStudio.TestPlatform.Common.ExtensionFramework.TestPluginCache.CurrentDomainAssemblyResolve(Object sender, AssemblyResolveEventArgs args) in Microsoft.VisualStudio.TestPlatform.Common.dll:token 0x60001a9+0x64
   at Microsoft.VisualStudio.TestPlatform.PlatformAbstractions.PlatformAssemblyResolver.AssemblyResolverEvent(Object sender, Object eventArgs) in Microsoft.TestPlatform.PlatformAbstractions.dll:token 0x600004a+0x1c
   at System.Runtime.Loader.AssemblyLoadContext.GetFirstResolvedAssemblyFromResolvingEvent(AssemblyName assemblyName) in System.Private.CoreLib.dll:token 0x6003b3f+0x24
   at System.Runtime.Loader.AssemblyLoadContext.ResolveUsingEvent(AssemblyName assemblyName) in System.Private.CoreLib.dll:token 0x6003b42+0x7
   at System.Runtime.Loader.AssemblyLoadContext.ResolveUsingResolvingEvent(IntPtr gchManagedAssemblyLoadContext, AssemblyName assemblyName) in System.Private.CoreLib.dll:token 0x6003b03+0x7
TpTrace Information: 0 : 10172, 1, 2021/08/19, 12:10:23.983, 3911503479863, vstest.console.dll, AssemblyResolver.OnResolve: Microsoft.TestPlatform.Extensions.BlameDataCollector: Resolving assembly.
TpTrace Information: 0 : 10172, 1, 2021/08/19, 12:10:23.983, 3911503480859, vstest.console.dll, AssemblyResolver.OnResolve: Microsoft.TestPlatform.Extensions.BlameDataCollector: Searching in: 'C:\Program Files\dotnet\sdk\6.0.100-preview.7.21379.14\Extensions'.
TpTrace Information: 0 : 10172, 1, 2021/08/19, 12:10:23.984, 3911503486196, vstest.console.dll, AssemblyResolver.OnResolve: Microsoft.TestPlatform.Extensions.BlameDataCollector: Loading assembly 'C:\Program Files\dotnet\sdk\6.0.100-preview.7.21379.14\Extensions\Microsoft.TestPlatform.Extensions.BlameDataCollector.dll'.
TpTrace Information: 0 : 10172, 1, 2021/08/19, 12:10:23.985, 3911503493696, vstest.console.dll, AssemblyResolver.OnResolve: Resolved assembly: Microsoft.TestPlatform.Extensions.BlameDataCollector, from path: C:\Program Files\dotnet\sdk\6.0.100-preview.7.21379.14\Extensions\Microsoft.TestPlatform.Extensions.BlameDataCollector.dll
TpTrace Information: 0 : 10172, 1, 2021/08/19, 12:10:23.986, 3911503504406, vstest.console.dll, AssemblyResolver.OnResolve: Microsoft.TestPlatform.Extensions.EventLogCollector: Resolving assembly.
TpTrace Information: 0 : 10172, 1, 2021/08/19, 12:10:23.986, 3911503505613, vstest.console.dll, AssemblyResolver.OnResolve: Microsoft.TestPlatform.Extensions.EventLogCollector: Searching in: 'C:\Program Files\dotnet\sdk\6.0.100-preview.7.21379.14\Extensions'.
TpTrace Information: 0 : 10172, 1, 2021/08/19, 12:10:23.986, 3911503510179, vstest.console.dll, AssemblyResolver.OnResolve: Microsoft.TestPlatform.Extensions.EventLogCollector: Loading assembly 'C:\Program Files\dotnet\sdk\6.0.100-preview.7.21379.14\Extensions\Microsoft.TestPlatform.Extensions.EventLogCollector.dll'.
TpTrace Information: 0 : 10172, 1, 2021/08/19, 12:10:23.987, 3911503516242, vstest.console.dll, AssemblyResolver.OnResolve: Resolved assembly: Microsoft.TestPlatform.Extensions.EventLogCollector, from path: C:\Program Files\dotnet\sdk\6.0.100-preview.7.21379.14\Extensions\Microsoft.TestPlatform.Extensions.EventLogCollector.dll
TpTrace Information: 0 : 10172, 1, 2021/08/19, 12:10:23.989, 3911503540260, vstest.console.dll, AssemblyResolver.OnResolve: Microsoft.TestPlatform.TestHostRuntimeProvider: Resolving assembly.
TpTrace Information: 0 : 10172, 1, 2021/08/19, 12:10:23.989, 3911503541726, vstest.console.dll, AssemblyResolver.OnResolve: Microsoft.TestPlatform.TestHostRuntimeProvider: Searching in: 'C:\Program Files\dotnet\sdk\6.0.100-preview.7.21379.14\Extensions'.
TpTrace Information: 0 : 10172, 1, 2021/08/19, 12:10:23.990, 3911503546121, vstest.console.dll, AssemblyResolver.OnResolve: Microsoft.TestPlatform.TestHostRuntimeProvider: Loading assembly 'C:\Program Files\dotnet\sdk\6.0.100-preview.7.21379.14\Extensions\Microsoft.TestPlatform.TestHostRuntimeProvider.dll'.
TpTrace Information: 0 : 10172, 1, 2021/08/19, 12:10:23.990, 3911503553326, vstest.console.dll, AssemblyResolver.OnResolve: Resolved assembly: Microsoft.TestPlatform.TestHostRuntimeProvider, from path: C:\Program Files\dotnet\sdk\6.0.100-preview.7.21379.14\Extensions\Microsoft.TestPlatform.TestHostRuntimeProvider.dll
TpTrace Information: 0 : 10172, 1, 2021/08/19, 12:10:23.993, 3911503574695, vstest.console.dll, AssemblyResolver.OnResolve: Microsoft.VisualStudio.TestPlatform.Extensions.Html.TestLogger: Resolving assembly.
TpTrace Information: 0 : 10172, 1, 2021/08/19, 12:10:23.993, 3911503576281, vstest.console.dll, AssemblyResolver.OnResolve: Microsoft.VisualStudio.TestPlatform.Extensions.Html.TestLogger: Searching in: 'C:\Program Files\dotnet\sdk\6.0.100-preview.7.21379.14\Extensions'.
TpTrace Information: 0 : 10172, 1, 2021/08/19, 12:10:23.993, 3911503580776, vstest.console.dll, AssemblyResolver.OnResolve: Microsoft.VisualStudio.TestPlatform.Extensions.Html.TestLogger: Loading assembly 'C:\Program Files\dotnet\sdk\6.0.100-preview.7.21379.14\Extensions\Microsoft.VisualStudio.TestPlatform.Extensions.Html.TestLogger.dll'.
TpTrace Information: 0 : 10172, 1, 2021/08/19, 12:10:23.994, 3911503593372, vstest.console.dll, AssemblyResolver.OnResolve: Resolved assembly: Microsoft.VisualStudio.TestPlatform.Extensions.Html.TestLogger, from path: C:\Program Files\dotnet\sdk\6.0.100-preview.7.21379.14\Extensions\Microsoft.VisualStudio.TestPlatform.Extensions.Html.TestLogger.dll
TpTrace Information: 0 : 10172, 1, 2021/08/19, 12:10:23.995, 3911503600932, vstest.console.dll, AssemblyResolver.OnResolve: Microsoft.VisualStudio.TestPlatform.Extensions.Trx.TestLogger: Resolving assembly.
TpTrace Information: 0 : 10172, 1, 2021/08/19, 12:10:23.995, 3911503602486, vstest.console.dll, AssemblyResolver.OnResolve: Microsoft.VisualStudio.TestPlatform.Extensions.Trx.TestLogger: Searching in: 'C:\Program Files\dotnet\sdk\6.0.100-preview.7.21379.14\Extensions'.
TpTrace Information: 0 : 10172, 1, 2021/08/19, 12:10:23.996, 3911503608689, vstest.console.dll, AssemblyResolver.OnResolve: Microsoft.VisualStudio.TestPlatform.Extensions.Trx.TestLogger: Loading assembly 'C:\Program Files\dotnet\sdk\6.0.100-preview.7.21379.14\Extensions\Microsoft.VisualStudio.TestPlatform.Extensions.Trx.TestLogger.dll'.
TpTrace Information: 0 : 10172, 1, 2021/08/19, 12:10:23.997, 3911503615573, vstest.console.dll, AssemblyResolver.OnResolve: Resolved assembly: Microsoft.VisualStudio.TestPlatform.Extensions.Trx.TestLogger, from path: C:\Program Files\dotnet\sdk\6.0.100-preview.7.21379.14\Extensions\Microsoft.VisualStudio.TestPlatform.Extensions.Trx.TestLogger.dll
TpTrace Verbose: 0 : 10172, 1, 2021/08/19, 12:10:23.997, 3911503623516, vstest.console.dll, TestPluginCache: Discovered the extensions using extension path ''.
TpTrace Verbose: 0 : 10172, 1, 2021/08/19, 12:10:23.998, 3911503625060, vstest.console.dll, TestPluginCache: Discoverers are ''.
TpTrace Verbose: 0 : 10172, 1, 2021/08/19, 12:10:23.998, 3911503625838, vstest.console.dll, TestPluginCache: Executors are ''.
TpTrace Verbose: 0 : 10172, 1, 2021/08/19, 12:10:23.998, 3911503626528, vstest.console.dll, TestPluginCache: Executors2 are ''.
TpTrace Verbose: 0 : 10172, 1, 2021/08/19, 12:10:23.998, 3911503627231, vstest.console.dll, TestPluginCache: Setting providers are ''.
TpTrace Verbose: 0 : 10172, 1, 2021/08/19, 12:10:23.998, 3911503627935, vstest.console.dll, TestPluginCache: Loggers are ''.
TpTrace Information: 0 : 10172, 1, 2021/08/19, 12:10:24.006, 3911503712293, vstest.console.dll, RunTestsArgumentProcessor:Execute: Test run is starting.
TpTrace Verbose: 0 : 10172, 1, 2021/08/19, 12:10:24.007, 3911503713942, vstest.console.dll, RunTestsArgumentProcessor:Execute: Queuing Test run.
TpTrace Information: 0 : 10172, 1, 2021/08/19, 12:10:24.007, 3911503717576, vstest.console.dll, TestRequestManager.RunTests: run tests started.
TpTrace Information: 0 : 10172, 1, 2021/08/19, 12:10:24.021, 3911503854206, vstest.console.dll, AssemblyMetadataProvider.GetFrameWork: Determined framework:'.NETCoreApp,Version=v5.0' for source: 'C:\Users\Ehlimana\source\repos\PrivatnaKlinika\UnitTestovi\bin\Debug\net5.0\fine-code-coverage\build-output\UnitTestovi.dll'
TpTrace Information: 0 : 10172, 1, 2021/08/19, 12:10:24.021, 3911503857149, vstest.console.dll, Determined framework for all sources: .NETCoreApp,Version=v5.0
TpTrace Information: 0 : 10172, 1, 2021/08/19, 12:10:24.022, 3911503864402, vstest.console.dll, AssemblyMetadataProvider.GetArchitecture: Determined architecture:AnyCPU info for assembly: C:\Users\Ehlimana\source\repos\PrivatnaKlinika\UnitTestovi\bin\Debug\net5.0\fine-code-coverage\build-output\UnitTestovi.dll
TpTrace Information: 0 : 10172, 1, 2021/08/19, 12:10:24.025, 3911503897063, vstest.console.dll, Determined platform for all sources: X64
TpTrace Information: 0 : 10172, 1, 2021/08/19, 12:10:24.030, 3911503949803, vstest.console.dll, Compatible sources list : 
TpTrace Information: 0 : 10172, 1, 2021/08/19, 12:10:24.030, 3911503951392, vstest.console.dll, C:\Users\Ehlimana\source\repos\PrivatnaKlinika\UnitTestovi\bin\Debug\net5.0\fine-code-coverage\build-output\UnitTestovi.dll
TpTrace Information: 0 : 10172, 1, 2021/08/19, 12:10:24.034, 3911503985838, vstest.console.dll, InferRunSettingsHelper.IsTestSettingsEnabled: Unable to navigate to RunSettings/MSTest. Current node: RunSettings
TpTrace Information: 0 : 10172, 1, 2021/08/19, 12:10:24.035, 3911503999492, vstest.console.dll, AssemblyResolver.OnResolve: Microsoft.VisualStudio.TestPlatform.Fakes: Resolving assembly.
TpTrace Information: 0 : 10172, 1, 2021/08/19, 12:10:24.035, 3911504001110, vstest.console.dll, AssemblyResolver.OnResolve: Microsoft.VisualStudio.TestPlatform.Fakes: Searching in: 'C:\Program Files\dotnet\sdk\6.0.100-preview.7.21379.14\Extensions'.
TpTrace Information: 0 : 10172, 1, 2021/08/19, 12:10:24.035, 3911504003017, vstest.console.dll, AssemblyResolver.OnResolve: Microsoft.VisualStudio.TestPlatform.Fakes: Assembly path does not exist: 'C:\Program Files\dotnet\sdk\6.0.100-preview.7.21379.14\Extensions\Microsoft.VisualStudio.TestPlatform.Fakes.dll', returning.
TpTrace Information: 0 : 10172, 1, 2021/08/19, 12:10:24.036, 3911504004543, vstest.console.dll, AssemblyResolver.OnResolve: Microsoft.VisualStudio.TestPlatform.Fakes: Assembly path does not exist: 'C:\Program Files\dotnet\sdk\6.0.100-preview.7.21379.14\Extensions\Microsoft.VisualStudio.TestPlatform.Fakes.exe', returning.
TpTrace Information: 0 : 10172, 1, 2021/08/19, 12:10:24.036, 3911504005428, vstest.console.dll, AssemblyResolver.OnResolve: Microsoft.VisualStudio.TestPlatform.Fakes: Searching in: 'C:\Program Files\dotnet\sdk\6.0.100-preview.7.21379.14'.
TpTrace Information: 0 : 10172, 1, 2021/08/19, 12:10:24.036, 3911504006765, vstest.console.dll, AssemblyResolver.OnResolve: Microsoft.VisualStudio.TestPlatform.Fakes: Assembly path does not exist: 'C:\Program Files\dotnet\sdk\6.0.100-preview.7.21379.14\Microsoft.VisualStudio.TestPlatform.Fakes.dll', returning.
TpTrace Information: 0 : 10172, 1, 2021/08/19, 12:10:24.036, 3911504008125, vstest.console.dll, AssemblyResolver.OnResolve: Microsoft.VisualStudio.TestPlatform.Fakes: Assembly path does not exist: 'C:\Program Files\dotnet\sdk\6.0.100-preview.7.21379.14\Microsoft.VisualStudio.TestPlatform.Fakes.exe', returning.
TpTrace Information: 0 : 10172, 1, 2021/08/19, 12:10:24.036, 3911504008924, vstest.console.dll, AssemblyResolver.OnResolve: Microsoft.VisualStudio.TestPlatform.Fakes: Failed to load assembly.
TpTrace Information: 0 : 10172, 1, 2021/08/19, 12:10:24.037, 3911504014266, vstest.console.dll, Failed to load assembly Microsoft.VisualStudio.TestPlatform.Fakes, Version=17.0.0.0, Culture=neutral. Reason:System.IO.FileNotFoundException: Could not load file or assembly 'Microsoft.VisualStudio.TestPlatform.Fakes, Version=17.0.0.0, Culture=neutral, PublicKeyToken=null'. The system cannot find the file specified.
File name: 'Microsoft.VisualStudio.TestPlatform.Fakes, Version=17.0.0.0, Culture=neutral, PublicKeyToken=null'
   at System.Reflection.RuntimeAssembly.InternalLoad(ObjectHandleOnStack assemblyName, ObjectHandleOnStack requestingAssembly, StackCrawlMarkHandle stackMark, Boolean throwOnFileNotFound, ObjectHandleOnStack assemblyLoadContext, ObjectHandleOnStack retAssembly) in System.Private.CoreLib.dll:token 0x600534c+0x8
   at System.Reflection.RuntimeAssembly.InternalLoad(AssemblyName assemblyName, RuntimeAssembly requestingAssembly, StackCrawlMark& stackMark, Boolean throwOnFileNotFound, AssemblyLoadContext assemblyLoadContext) in System.Private.CoreLib.dll:token 0x600534b+0x16
   at System.Reflection.Assembly.Load(AssemblyName assemblyRef) in System.Private.CoreLib.dll:token 0x6005142+0xe
   at Microsoft.VisualStudio.TestPlatform.Common.Utilities.FakesUtilities.LoadTestPlatformAssembly() in Microsoft.VisualStudio.TestPlatform.Common.dll:token 0x600007c+0xa
TpTrace Verbose: 0 : 10172, 1, 2021/08/19, 12:10:24.044, 3911504085597, vstest.console.dll, TestPluginCache.DiscoverTestExtensions: finding test extensions in assemblies ends with: TestLogger.dll TPluginInfo: Microsoft.VisualStudio.TestPlatform.Common.ExtensionFramework.Utilities.TestLoggerPluginInformation TExtension: Microsoft.VisualStudio.TestPlatform.ObjectModel.Client.ITestLogger
TpTrace Verbose: 0 : 10172, 1, 2021/08/19, 12:10:24.044, 3911504088205, vstest.console.dll, TestPluginCache.GetExtensionPaths: Filtered extension paths: 
TpTrace Verbose: 0 : 10172, 1, 2021/08/19, 12:10:24.044, 3911504089586, vstest.console.dll, TestPluginCache.GetExtensionPaths: Added default extension paths: C:\Program Files\dotnet\sdk\6.0.100-preview.7.21379.14\Extensions\Microsoft.Diagnostics.NETCore.Client.dll
C:\Program Files\dotnet\sdk\6.0.100-preview.7.21379.14\Extensions\Microsoft.TestPlatform.Extensions.BlameDataCollector.dll
C:\Program Files\dotnet\sdk\6.0.100-preview.7.21379.14\Extensions\Microsoft.TestPlatform.Extensions.EventLogCollector.dll
C:\Program Files\dotnet\sdk\6.0.100-preview.7.21379.14\Extensions\Microsoft.TestPlatform.TestHostRuntimeProvider.dll
C:\Program Files\dotnet\sdk\6.0.100-preview.7.21379.14\Extensions\Microsoft.VisualStudio.TestPlatform.Extensions.Html.TestLogger.dll
C:\Program Files\dotnet\sdk\6.0.100-preview.7.21379.14\Extensions\Microsoft.VisualStudio.TestPlatform.Extensions.Trx.TestLogger.dll
TpTrace Verbose: 0 : 10172, 1, 2021/08/19, 12:10:24.044, 3911504091041, vstest.console.dll, TestPluginCache.GetExtensionPaths: Added unfilterableExtensionPaths: 
TpTrace Information: 0 : 10172, 1, 2021/08/19, 12:10:24.045, 3911504094271, vstest.console.dll, AssemblyResolver.AddSearchDirectories: Adding more searchDirectories C:\Program Files\dotnet\sdk\6.0.100-preview.7.21379.14\Extensions,C:\Program Files\dotnet\sdk\6.0.100-preview.7.21379.14
TpTrace Verbose: 0 : 10172, 1, 2021/08/19, 12:10:24.045, 3911504095100, vstest.console.dll, TestPluginCache.DiscoverTestExtensions: Discovering the extensions using extension path.
TpTrace Verbose: 0 : 10172, 1, 2021/08/19, 12:10:24.045, 3911504095862, vstest.console.dll, TestPluginCache.GetExtensionPaths: Filtered extension paths: 
TpTrace Verbose: 0 : 10172, 1, 2021/08/19, 12:10:24.045, 3911504096320, vstest.console.dll, TestPluginCache.GetExtensionPaths: Added default extension paths: C:\Program Files\dotnet\sdk\6.0.100-preview.7.21379.14\Extensions\Microsoft.Diagnostics.NETCore.Client.dll
C:\Program Files\dotnet\sdk\6.0.100-preview.7.21379.14\Extensions\Microsoft.TestPlatform.Extensions.BlameDataCollector.dll
C:\Program Files\dotnet\sdk\6.0.100-preview.7.21379.14\Extensions\Microsoft.TestPlatform.Extensions.EventLogCollector.dll
C:\Program Files\dotnet\sdk\6.0.100-preview.7.21379.14\Extensions\Microsoft.TestPlatform.TestHostRuntimeProvider.dll
C:\Program Files\dotnet\sdk\6.0.100-preview.7.21379.14\Extensions\Microsoft.VisualStudio.TestPlatform.Extensions.Html.TestLogger.dll
C:\Program Files\dotnet\sdk\6.0.100-preview.7.21379.14\Extensions\Microsoft.VisualStudio.TestPlatform.Extensions.Trx.TestLogger.dll
TpTrace Verbose: 0 : 10172, 1, 2021/08/19, 12:10:24.045, 3911504096855, vstest.console.dll, TestPluginCache.GetExtensionPaths: Added unfilterableExtensionPaths: 
TpTrace Verbose: 0 : 10172, 1, 2021/08/19, 12:10:24.045, 3911504097305, vstest.console.dll, TestPluginCache.DiscoverTestExtensions: Discovering the extensions using allExtensionPaths: C:\Program Files\dotnet\sdk\6.0.100-preview.7.21379.14\Extensions\Microsoft.Diagnostics.NETCore.Client.dll
C:\Program Files\dotnet\sdk\6.0.100-preview.7.21379.14\Extensions\Microsoft.TestPlatform.Extensions.BlameDataCollector.dll
C:\Program Files\dotnet\sdk\6.0.100-preview.7.21379.14\Extensions\Microsoft.TestPlatform.Extensions.EventLogCollector.dll
C:\Program Files\dotnet\sdk\6.0.100-preview.7.21379.14\Extensions\Microsoft.TestPlatform.TestHostRuntimeProvider.dll
C:\Program Files\dotnet\sdk\6.0.100-preview.7.21379.14\Extensions\Microsoft.VisualStudio.TestPlatform.Extensions.Html.TestLogger.dll
C:\Program Files\dotnet\sdk\6.0.100-preview.7.21379.14\Extensions\Microsoft.VisualStudio.TestPlatform.Extensions.Trx.TestLogger.dll
TpTrace Information: 0 : 10172, 1, 2021/08/19, 12:10:24.045, 3911504098127, vstest.console.dll, AssemblyResolver.AddSearchDirectories: Adding more searchDirectories C:\Program Files\dotnet\sdk\6.0.100-preview.7.21379.14\Extensions,C:\Program Files\dotnet\sdk\6.0.100-preview.7.21379.14
TpTrace Information: 0 : 10172, 1, 2021/08/19, 12:10:24.045, 3911504098628, vstest.console.dll, AssemblyResolver.AddSearchDirectories: Adding more searchDirectories C:\Program Files\dotnet\sdk\6.0.100-preview.7.21379.14\Extensions,C:\Program Files\dotnet\sdk\6.0.100-preview.7.21379.14
TpTrace Information: 0 : 10172, 1, 2021/08/19, 12:10:24.045, 3911504099134, vstest.console.dll, AssemblyResolver.AddSearchDirectories: Adding more searchDirectories C:\Program Files\dotnet\sdk\6.0.100-preview.7.21379.14\Extensions,C:\Program Files\dotnet\sdk\6.0.100-preview.7.21379.14
TpTrace Information: 0 : 10172, 1, 2021/08/19, 12:10:24.045, 3911504100159, vstest.console.dll, AssemblyResolver.AddSearchDirectories: Adding more searchDirectories C:\Program Files\dotnet\sdk\6.0.100-preview.7.21379.14\Extensions,C:\Program Files\dotnet\sdk\6.0.100-preview.7.21379.14
TpTrace Information: 0 : 10172, 1, 2021/08/19, 12:10:24.045, 3911504100670, vstest.console.dll, AssemblyResolver.AddSearchDirectories: Adding more searchDirectories C:\Program Files\dotnet\sdk\6.0.100-preview.7.21379.14\Extensions,C:\Program Files\dotnet\sdk\6.0.100-preview.7.21379.14
TpTrace Information: 0 : 10172, 1, 2021/08/19, 12:10:24.045, 3911504101158, vstest.console.dll, AssemblyResolver.AddSearchDirectories: Adding more searchDirectories C:\Program Files\dotnet\sdk\6.0.100-preview.7.21379.14\Extensions,C:\Program Files\dotnet\sdk\6.0.100-preview.7.21379.14
TpTrace Information: 0 : 10172, 1, 2021/08/19, 12:10:24.047, 3911504116805, vstest.console.dll, AssemblyResolver.OnResolve: Microsoft.Bcl.AsyncInterfaces: Resolving assembly.
TpTrace Information: 0 : 10172, 1, 2021/08/19, 12:10:24.047, 3911504118232, vstest.console.dll, AssemblyResolver.OnResolve: Microsoft.Bcl.AsyncInterfaces: Resolved from cache.
TpTrace Verbose: 0 : 10172, 1, 2021/08/19, 12:10:24.047, 3911504118884, vstest.console.dll, CurrentDomainAssemblyResolve: Resolving assembly 'Microsoft.Bcl.AsyncInterfaces'.
TpTrace Information: 0 : 10172, 1, 2021/08/19, 12:10:24.047, 3911504119636, vstest.console.dll, AssemblyResolver.OnResolve: Microsoft.Bcl.AsyncInterfaces: Resolving assembly.
TpTrace Information: 0 : 10172, 1, 2021/08/19, 12:10:24.047, 3911504120167, vstest.console.dll, AssemblyResolver.OnResolve: Microsoft.Bcl.AsyncInterfaces: Resolved from cache.
TpTrace Verbose: 0 : 10172, 1, 2021/08/19, 12:10:24.047, 3911504120792, vstest.console.dll, CurrentDomainAssemblyResolve: Resolving assembly 'Microsoft.Bcl.AsyncInterfaces'.
TpTrace Verbose: 0 : 10172, 1, 2021/08/19, 12:10:24.047, 3911504121295, vstest.console.dll, CurrentDomainAssemblyResolve: Failed to resolve assembly 'Microsoft.Bcl.AsyncInterfaces'.
TpTrace Verbose: 0 : 10172, 1, 2021/08/19, 12:10:24.047, 3911504123058, vstest.console.dll, CurrentDomainAssemblyResolve: Failed to resolve assembly 'Microsoft.Bcl.AsyncInterfaces'.
TpTrace Warning: 0 : 10172, 1, 2021/08/19, 12:10:24.048, 3911504130321, vstest.console.dll, TestPluginDiscoverer: Failed to get types from assembly 'Microsoft.Diagnostics.NETCore.Client, Version=0.2.4.21401, Culture=neutral, PublicKeyToken=31bf3856ad364e35'.  Skipping test extension scan for this assembly.  Error: System.Reflection.ReflectionTypeLoadException: Unable to load one or more of the requested types.
Could not load file or assembly 'Microsoft.Bcl.AsyncInterfaces, Version=1.0.0.0, Culture=neutral, PublicKeyToken=cc7b13ffcd2ddd51'. The system cannot find the file specified.
   at System.Reflection.RuntimeModule.GetTypes(RuntimeModule module)
   at System.Reflection.Assembly.GetTypes() in System.Private.CoreLib.dll:token 0x600514d+0x0
   at Microsoft.VisualStudio.TestPlatform.Common.ExtensionFramework.TestPluginDiscoverer.GetTestExtensionsFromAssembly[TPluginInfo,TExtension](Assembly assembly, Dictionary`2 pluginInfos) in Microsoft.VisualStudio.TestPlatform.Common.dll:token 0x60001af+0x1a
System.IO.FileNotFoundException: Could not load file or assembly 'Microsoft.Bcl.AsyncInterfaces, Version=1.0.0.0, Culture=neutral, PublicKeyToken=cc7b13ffcd2ddd51'. The system cannot find the file specified.
File name: 'Microsoft.Bcl.AsyncInterfaces, Version=1.0.0.0, Culture=neutral, PublicKeyToken=cc7b13ffcd2ddd51'
 ---> System.IO.FileNotFoundException: Could not load file or assembly 'Microsoft.Bcl.AsyncInterfaces, Culture=neutral, PublicKeyToken=null'. The system cannot find the file specified.
File name: 'Microsoft.Bcl.AsyncInterfaces, Culture=neutral, PublicKeyToken=null'
   at System.Reflection.RuntimeAssembly.InternalLoad(ObjectHandleOnStack assemblyName, ObjectHandleOnStack requestingAssembly, StackCrawlMarkHandle stackMark, Boolean throwOnFileNotFound, ObjectHandleOnStack assemblyLoadContext, ObjectHandleOnStack retAssembly) in System.Private.CoreLib.dll:token 0x600534c+0x8
   at System.Reflection.RuntimeAssembly.InternalLoad(AssemblyName assemblyName, RuntimeAssembly requestingAssembly, StackCrawlMark& stackMark, Boolean throwOnFileNotFound, AssemblyLoadContext assemblyLoadContext) in System.Private.CoreLib.dll:token 0x600534b+0x16
   at System.Reflection.Assembly.Load(AssemblyName assemblyRef) in System.Private.CoreLib.dll:token 0x6005142+0xe
   at Microsoft.VisualStudio.TestPlatform.Common.ExtensionFramework.TestPluginCache.CurrentDomainAssemblyResolve(Object sender, AssemblyResolveEventArgs args) in Microsoft.VisualStudio.TestPlatform.Common.dll:token 0x60001a9+0x64
   at Microsoft.VisualStudio.TestPlatform.PlatformAbstractions.PlatformAssemblyResolver.AssemblyResolverEvent(Object sender, Object eventArgs) in Microsoft.TestPlatform.PlatformAbstractions.dll:token 0x600004a+0x1c
   at System.Runtime.Loader.AssemblyLoadContext.GetFirstResolvedAssemblyFromResolvingEvent(AssemblyName assemblyName) in System.Private.CoreLib.dll:token 0x6003b3f+0x24
   at System.Runtime.Loader.AssemblyLoadContext.ResolveUsingEvent(AssemblyName assemblyName) in System.Private.CoreLib.dll:token 0x6003b42+0x7
   at System.Runtime.Loader.AssemblyLoadContext.ResolveUsingResolvingEvent(IntPtr gchManagedAssemblyLoadContext, AssemblyName assemblyName) in System.Private.CoreLib.dll:token 0x6003b03+0x7
TpTrace Warning: 0 : 10172, 1, 2021/08/19, 12:10:24.048, 3911504133216, vstest.console.dll, LoaderExceptions: System.IO.FileNotFoundException: Could not load file or assembly 'Microsoft.Bcl.AsyncInterfaces, Version=1.0.0.0, Culture=neutral, PublicKeyToken=cc7b13ffcd2ddd51'. The system cannot find the file specified.
File name: 'Microsoft.Bcl.AsyncInterfaces, Version=1.0.0.0, Culture=neutral, PublicKeyToken=cc7b13ffcd2ddd51'
 ---> System.IO.FileNotFoundException: Could not load file or assembly 'Microsoft.Bcl.AsyncInterfaces, Culture=neutral, PublicKeyToken=null'. The system cannot find the file specified.
File name: 'Microsoft.Bcl.AsyncInterfaces, Culture=neutral, PublicKeyToken=null'
   at System.Reflection.RuntimeAssembly.InternalLoad(ObjectHandleOnStack assemblyName, ObjectHandleOnStack requestingAssembly, StackCrawlMarkHandle stackMark, Boolean throwOnFileNotFound, ObjectHandleOnStack assemblyLoadContext, ObjectHandleOnStack retAssembly) in System.Private.CoreLib.dll:token 0x600534c+0x8
   at System.Reflection.RuntimeAssembly.InternalLoad(AssemblyName assemblyName, RuntimeAssembly requestingAssembly, StackCrawlMark& stackMark, Boolean throwOnFileNotFound, AssemblyLoadContext assemblyLoadContext) in System.Private.CoreLib.dll:token 0x600534b+0x16
   at System.Reflection.Assembly.Load(AssemblyName assemblyRef) in System.Private.CoreLib.dll:token 0x6005142+0xe
   at Microsoft.VisualStudio.TestPlatform.Common.ExtensionFramework.TestPluginCache.CurrentDomainAssemblyResolve(Object sender, AssemblyResolveEventArgs args) in Microsoft.VisualStudio.TestPlatform.Common.dll:token 0x60001a9+0x64
   at Microsoft.VisualStudio.TestPlatform.PlatformAbstractions.PlatformAssemblyResolver.AssemblyResolverEvent(Object sender, Object eventArgs) in Microsoft.TestPlatform.PlatformAbstractions.dll:token 0x600004a+0x1c
   at System.Runtime.Loader.AssemblyLoadContext.GetFirstResolvedAssemblyFromResolvingEvent(AssemblyName assemblyName) in System.Private.CoreLib.dll:token 0x6003b3f+0x24
   at System.Runtime.Loader.AssemblyLoadContext.ResolveUsingEvent(AssemblyName assemblyName) in System.Private.CoreLib.dll:token 0x6003b42+0x7
   at System.Runtime.Loader.AssemblyLoadContext.ResolveUsingResolvingEvent(IntPtr gchManagedAssemblyLoadContext, AssemblyName assemblyName) in System.Private.CoreLib.dll:token 0x6003b03+0x7
TpTrace Verbose: 0 : 10172, 1, 2021/08/19, 12:10:24.049, 3911504139978, vstest.console.dll, TestPluginCache: Discovered the extensions using extension path ''.
TpTrace Verbose: 0 : 10172, 1, 2021/08/19, 12:10:24.049, 3911504141006, vstest.console.dll, TestPluginCache: Discoverers are ''.
TpTrace Verbose: 0 : 10172, 1, 2021/08/19, 12:10:24.049, 3911504141615, vstest.console.dll, TestPluginCache: Executors are ''.
TpTrace Verbose: 0 : 10172, 1, 2021/08/19, 12:10:24.049, 3911504142152, vstest.console.dll, TestPluginCache: Executors2 are ''.
TpTrace Verbose: 0 : 10172, 1, 2021/08/19, 12:10:24.049, 3911504142664, vstest.console.dll, TestPluginCache: Setting providers are ''.
TpTrace Verbose: 0 : 10172, 1, 2021/08/19, 12:10:24.050, 3911504143857, vstest.console.dll, TestPluginCache: Loggers are 'logger://Microsoft/TestPlatform/Extensions/Blame/v1,logger://Microsoft/TestPlatform/HtmlLogger/v1,logger://Microsoft/TestPlatform/TrxLogger/v1'.
TpTrace Information: 0 : 10172, 1, 2021/08/19, 12:10:24.051, 3911504155691, vstest.console.dll, TestPluginManager.CreateTestExtension: Attempting to load test extension: Microsoft.TestPlatform.Extensions.BlameDataCollector.BlameLogger
TpTrace Information: 0 : 10172, 1, 2021/08/19, 12:10:24.060, 3911504243936, vstest.console.dll, TestPluginManager.CreateTestExtension: Attempting to load test extension: Microsoft.VisualStudio.TestPlatform.CrossPlatEngine.Hosting.DefaultTestHostManager
TpTrace Information: 0 : 10172, 1, 2021/08/19, 12:10:24.060, 3911504250432, vstest.console.dll, TestPluginManager.CreateTestExtension: Attempting to load test extension: Microsoft.VisualStudio.TestPlatform.CrossPlatEngine.Hosting.DotnetTestHostManager
TpTrace Verbose: 0 : 10172, 1, 2021/08/19, 12:10:24.062, 3911504264194, vstest.console.dll, TestEngine: Initializing Parallel Execution as MaxCpuCount is set to: 1
TpTrace Information: 0 : 10172, 1, 2021/08/19, 12:10:24.063, 3911504274345, vstest.console.dll, InferRunSettingsHelper.IsTestSettingsEnabled: Unable to navigate to RunSettings/MSTest. Current node: RunSettings
TpTrace Verbose: 0 : 10172, 1, 2021/08/19, 12:10:24.084, 3911504492561, vstest.console.dll, TestRequestSender is acting as server
TpTrace Verbose: 0 : 10172, 5, 2021/08/19, 12:10:24.092, 3911504567954, vstest.console.dll, DataCollectionRequestSender.InitializeCommunication : Initialize communication. 
TpTrace Information: 0 : 10172, 5, 2021/08/19, 12:10:24.104, 3911504690519, vstest.console.dll, Listening on Endpoint : 127.0.0.1:63622
TpTrace Verbose: 0 : 10172, 5, 2021/08/19, 12:10:24.127, 3911504922785, vstest.console.dll, DotnetDataCollectionLauncher: Full path of dotnet.exe is C:\Program Files\dotnet\dotnet.exe
TpTrace Verbose: 0 : 10172, 5, 2021/08/19, 12:10:24.128, 3911504926424, vstest.console.dll, DotnetDataCollectionLauncher: Adding  --runtimeconfig "C:\Program Files\dotnet\sdk\6.0.100-preview.7.21379.14\datacollector.runtimeconfig.json" in args
TpTrace Verbose: 0 : 10172, 5, 2021/08/19, 12:10:24.128, 3911504928642, vstest.console.dll, DotnetDataCollectionLauncher: Adding  --depsfile "C:\Program Files\dotnet\sdk\6.0.100-preview.7.21379.14\datacollector.deps.json" in args
TpTrace Information: 0 : 10172, 5, 2021/08/19, 12:10:24.143, 3911505075245, vstest.console.dll, ProxyDataCollectionManager.Initialize: Launched datacollector processId: 13528 port: 63622
TpTrace Information: 0 : 10172, 5, 2021/08/19, 12:10:24.143, 3911505077836, vstest.console.dll, ProxyDataCollectionManager.Initialize: waiting for connection with timeout: 90 seconds
TpTrace Verbose: 0 : 10172, 5, 2021/08/19, 12:10:24.143, 3911505078983, vstest.console.dll, DataCollectionRequestSender.WaitForRequestHandlerConnection : Waiting for connection with timeout: 90000
TpTrace Information: 0 : 10172, 8, 2021/08/19, 12:10:24.385, 3911507502850, vstest.console.dll, Using the buffer size of 16384 bytes
TpTrace Verbose: 0 : 10172, 5, 2021/08/19, 12:10:24.385, 3911507503365, vstest.console.dll, ProxyDataCollectionManager.InvokeDataCollectionServiceAction: Starting.
TpTrace Information: 0 : 10172, 8, 2021/08/19, 12:10:24.386, 3911507504542, vstest.console.dll, Accepted Client request and set the flag
TpTrace Information: 0 : 10172, 5, 2021/08/19, 12:10:24.386, 3911507505982, vstest.console.dll, ProxyDataCollectionManager.BeforeTestRunStart: Get environment variable and port for datacollector processId: 13528 port: 63622
TpTrace Verbose: 0 : 10172, 5, 2021/08/19, 12:10:24.386, 3911507507920, vstest.console.dll, DataCollectionRequestSender.SendBeforeTestRunStartAndGetResult : Send BeforeTestRunStart message with settingsXml <RunSettings><RunConfiguration><ResultsDirectory>C:\Users\Ehlimana\source\repos\PrivatnaKlinika\UnitTestovi\bin\Debug\net5.0\fine-code-coverage\coverage-tool-output</ResultsDirectory><TargetPlatform>X64</TargetPlatform><TargetFrameworkVersion>.NETCoreApp,Version=v5.0</TargetFrameworkVersion><DesignMode>False</DesignMode><CollectSourceInformation>False</CollectSourceInformation><TestAdaptersPaths>C:\Program Files\dotnet\sdk\6.0.100-preview.7.21379.14\Extensions</TestAdaptersPaths></RunConfiguration><LoggerRunSettings><Loggers><Logger friendlyName="blame" enabled="True" /><Logger friendlyName="Console" uri="logger://microsoft/TestPlatform/ConsoleLogger/v1" assemblyQualifiedName="Microsoft.VisualStudio.TestPlatform.CommandLine.Internal.ConsoleLogger, vstest.console, Version=15.0.0.0, Culture=neutral, PublicKeyToken=b03f5f7f11d50a3a" codeBase="C:\Program Files\dotnet\sdk\6.0.100-preview.7.21379.14\vstest.console.dll" enabled="True" /></Loggers></LoggerRunSettings><DataCollectionRunSettings><DataCollectors><DataCollector friendlyName="blame" enabled="True"><Configuration><ResultsDirectory>C:\Users\Ehlimana\source\repos\PrivatnaKlinika\UnitTestovi\bin\Debug\net5.0\fine-code-coverage\coverage-tool-output</ResultsDirectory></Configuration></DataCollector></DataCollectors></DataCollectionRunSettings></RunSettings> and sources System.Linq.Enumerable+Concat2Iterator`1[System.String]: 
TpTrace Verbose: 0 : 10172, 5, 2021/08/19, 12:10:24.509, 3911508739438, vstest.console.dll, DataCollectionRequestSender.SendBeforeTestRunStartAndGetResult : Received message: (DataCollection.SendMessage) -> {
  "FriendlyName": null,
  "Uri": null,
  "TestCaseId": "00000000-0000-0000-0000-000000000000",
  "Message": "Logging DataCollector Diagnostics in file: C:\\Users\\Ehlimana\\source\\repos\\PrivatnaKlinika\\UnitTestovi\\bin\\Debug\\net5.0\\fine-code-coverage\\coverage-tool-output\\diagnostics.datacollector.21-08-19_12-10-24_11841_5.log",
  "Level": 0
}
TpTrace Verbose: 0 : 10172, 5, 2021/08/19, 12:10:24.734, 3911510987819, vstest.console.dll, DataCollectionRequestSender.SendBeforeTestRunStartAndGetResult : Received message: (DataCollection.BeforeTestRunStartResult) -> {
  "EnvironmentVariables": {},
  "DataCollectionEventsPort": 63624
}
TpTrace Information: 0 : 10172, 5, 2021/08/19, 12:10:24.745, 3911511096917, vstest.console.dll, ProxyDataCollectionManager.BeforeTestRunStart: SendBeforeTestRunStartAndGetResult successful, env variable from datacollector:   and testhost port: 63624
TpTrace Information: 0 : 10172, 5, 2021/08/19, 12:10:24.745, 3911511098739, vstest.console.dll, ProxyDataCollectionManager.InvokeDataCollectionServiceAction: Completed.
TpTrace Verbose: 0 : 10172, 1, 2021/08/19, 12:10:24.745, 3911511100571, vstest.console.dll, TestRunRequest.ExecuteAsync: Creating test run request.
TpTrace Verbose: 0 : 10172, 1, 2021/08/19, 12:10:24.746, 3911511105404, vstest.console.dll, TestRunRequest.ExecuteAsync: Starting.
TpTrace Information: 0 : 10172, 1, 2021/08/19, 12:10:24.746, 3911511112129, vstest.console.dll, TestRunRequest.ExecuteAsync: Starting run with settings:TestRunCriteria:
   KeepAlive=False,FrequencyOfRunStatsChangeEvent=10,RunStatsChangeEventTimeout=00:00:01.5000000,TestCaseFilter=,TestExecutorLauncher=
   Settingsxml=<RunSettings>
  <RunConfiguration>
    <ResultsDirectory>C:\Users\Ehlimana\source\repos\PrivatnaKlinika\UnitTestovi\bin\Debug\net5.0\fine-code-coverage\coverage-tool-output</ResultsDirectory>
    <TargetPlatform>X64</TargetPlatform>
    <TargetFrameworkVersion>.NETCoreApp,Version=v5.0</TargetFrameworkVersion>
    <DesignMode>False</DesignMode>
    <CollectSourceInformation>False</CollectSourceInformation>
  </RunConfiguration>
  <LoggerRunSettings>
    <Loggers>
      <Logger friendlyName="blame" enabled="True" />
      <Logger friendlyName="Console" uri="logger://microsoft/TestPlatform/ConsoleLogger/v1" assemblyQualifiedName="Microsoft.VisualStudio.TestPlatform.CommandLine.Internal.ConsoleLogger, vstest.console, Version=15.0.0.0, Culture=neutral, PublicKeyToken=b03f5f7f11d50a3a" codeBase="C:\Program Files\dotnet\sdk\6.0.100-preview.7.21379.14\vstest.console.dll" enabled="True" />
    </Loggers>
  </LoggerRunSettings>
  <DataCollectionRunSettings>
    <DataCollectors>
      <DataCollector friendlyName="blame" enabled="True">
        <Configuration>
          <ResultsDirectory>C:\Users\Ehlimana\source\repos\PrivatnaKlinika\UnitTestovi\bin\Debug\net5.0\fine-code-coverage\coverage-tool-output</ResultsDirectory>
        </Configuration>
      </DataCollector>
    </DataCollectors>
  </DataCollectionRunSettings>
</RunSettings>

TpTrace Verbose: 0 : 10172, 1, 2021/08/19, 12:10:24.746, 3911511113404, vstest.console.dll, TestRunRequest.ExecuteAsync: Wait for the first run request is over.
TpTrace Verbose: 0 : 10172, 1, 2021/08/19, 12:10:24.747, 3911511121634, vstest.console.dll, ParallelProxyExecutionManager: Start execution. Total sources: 1
TpTrace Information: 0 : 10172, 1, 2021/08/19, 12:10:24.749, 3911511136659, vstest.console.dll, ProxyParallelExecutionManager: Triggering test run for next source: C:\Users\Ehlimana\source\repos\PrivatnaKlinika\UnitTestovi\bin\Debug\net5.0\fine-code-coverage\build-output\UnitTestovi.dll
TpTrace Verbose: 0 : 10172, 5, 2021/08/19, 12:10:24.749, 3911511140627, vstest.console.dll, ParallelProxyExecutionManager: Execution started. Started clients: 1
TpTrace Verbose: 0 : 10172, 1, 2021/08/19, 12:10:24.749, 3911511141548, vstest.console.dll, ProxyParallelExecutionManager: No sources available for execution.
TpTrace Information: 0 : 10172, 1, 2021/08/19, 12:10:24.749, 3911511142759, vstest.console.dll, TestRunRequest.ExecuteAsync: Started.
TpTrace Verbose: 0 : 10172, 1, 2021/08/19, 12:10:24.750, 3911511144262, vstest.console.dll, TestRunRequest.WaitForCompletion: Waiting with timeout -1.
TpTrace Verbose: 0 : 10172, 5, 2021/08/19, 12:10:24.750, 3911511146758, vstest.console.dll, TestRunRequest:SendTestRunMessage: Starting.
TpTrace Information: 0 : 10172, 5, 2021/08/19, 12:10:24.750, 3911511149450, vstest.console.dll, TestRunRequest:SendTestRunMessage: Completed.
TpTrace Verbose: 0 : 10172, 5, 2021/08/19, 12:10:24.751, 3911511154404, vstest.console.dll, ProxyExecutionManager: Test host is always Lazy initialize.
TpTrace Verbose: 0 : 10172, 5, 2021/08/19, 12:10:24.751, 3911511160191, vstest.console.dll, TestRequestSender.InitializeCommunication: initialize communication. 
TpTrace Information: 0 : 10172, 5, 2021/08/19, 12:10:24.752, 3911511169796, vstest.console.dll, SocketServer.Start: Listening on endpoint : 127.0.0.1:63625
TpTrace Verbose: 0 : 10172, 5, 2021/08/19, 12:10:24.754, 3911511183752, vstest.console.dll, DotnetTestHostmanager: Adding  --runtimeconfig "C:\Users\Ehlimana\source\repos\PrivatnaKlinika\UnitTestovi\bin\Debug\net5.0\fine-code-coverage\build-output\UnitTestovi.runtimeconfig.json" in args
TpTrace Verbose: 0 : 10172, 5, 2021/08/19, 12:10:24.754, 3911511186074, vstest.console.dll, DotnetTestHostmanager: Adding  --depsfile "C:\Users\Ehlimana\source\repos\PrivatnaKlinika\UnitTestovi\bin\Debug\net5.0\fine-code-coverage\build-output\UnitTestovi.deps.json" in args
TpTrace Verbose: 0 : 10172, 5, 2021/08/19, 12:10:24.754, 3911511190224, vstest.console.dll, DotnetTestHostManager: Testhost.exe/testhost.x86.exe found at path: C:\Users\Ehlimana\source\repos\PrivatnaKlinika\UnitTestovi\bin\Debug\net5.0\fine-code-coverage\build-output\testhost.exe
TpTrace Verbose: 0 : 10172, 5, 2021/08/19, 12:10:24.754, 3911511191338, vstest.console.dll, DotnetTestHostmanager: Full path of host exe is C:\Users\Ehlimana\source\repos\PrivatnaKlinika\UnitTestovi\bin\Debug\net5.0\fine-code-coverage\build-output\testhost.exe
TpTrace Verbose: 0 : 10172, 6, 2021/08/19, 12:10:24.755, 3911511203540, vstest.console.dll, DotnetTestHostManager: Starting process 'C:\Users\Ehlimana\source\repos\PrivatnaKlinika\UnitTestovi\bin\Debug\net5.0\fine-code-coverage\build-output\testhost.exe' with command line ' --runtimeconfig "C:\Users\Ehlimana\source\repos\PrivatnaKlinika\UnitTestovi\bin\Debug\net5.0\fine-code-coverage\build-output\UnitTestovi.runtimeconfig.json" --depsfile "C:\Users\Ehlimana\source\repos\PrivatnaKlinika\UnitTestovi\bin\Debug\net5.0\fine-code-coverage\build-output\UnitTestovi.deps.json" --port 63625 --endpoint 127.0.0.1:063625 --role client --parentprocessid 10172 --diag "C:\Users\Ehlimana\source\repos\PrivatnaKlinika\UnitTestovi\bin\Debug\net5.0\fine-code-coverage\coverage-tool-output\diagnostics.host.21-08-19_12-10-24_75329_5.log" --tracelevel 4 --datacollectionport 63624 --telemetryoptedin false'
TpTrace Verbose: 0 : 10172, 6, 2021/08/19, 12:10:24.766, 3911511311089, vstest.console.dll, Test Runtime launched
TpTrace Verbose: 0 : 10172, 5, 2021/08/19, 12:10:24.768, 3911511325337, vstest.console.dll, TestRequestSender.WaitForRequestHandlerConnection: waiting for connection with timeout: 90000
TpTrace Verbose: 0 : 10172, 6, 2021/08/19, 12:10:25.263, 3911516275164, vstest.console.dll, SocketServer.OnClientConnected: Client connected for endPoint: 127.0.0.1:63625, starting MessageLoopAsync:
TpTrace Verbose: 0 : 10172, 6, 2021/08/19, 12:10:25.263, 3911516279886, vstest.console.dll, TcpClientExtensions.MessageLoopAsync: Polling on remoteEndPoint: 127.0.0.1:63626 localEndPoint: 127.0.0.1:63625
TpTrace Verbose: 0 : 10172, 6, 2021/08/19, 12:10:25.490, 3911518552809, vstest.console.dll, TcpClientExtensions.MessageLoopAsync: NotifyDataAvailable remoteEndPoint: 127.0.0.1:63626 localEndPoint: 127.0.0.1:63625
TpTrace Verbose: 0 : 10172, 6, 2021/08/19, 12:10:25.491, 3911518556531, vstest.console.dll, TestRequestSender.CheckVersionWithTestHost: onMessageReceived received message: (ProtocolVersion) -> 5
TpTrace Verbose: 0 : 10172, 6, 2021/08/19, 12:10:25.491, 3911518562811, vstest.console.dll, TcpClientExtensions.MessageLoopAsync: Polling on remoteEndPoint: 127.0.0.1:63626 localEndPoint: 127.0.0.1:63625
TpTrace Verbose: 0 : 10172, 5, 2021/08/19, 12:10:25.492, 3911518564133, vstest.console.dll, TestPluginCache.GetExtensionPaths: Filtered extension paths: 
TpTrace Verbose: 0 : 10172, 5, 2021/08/19, 12:10:25.492, 3911518565064, vstest.console.dll, TestPluginCache.GetExtensionPaths: Added default extension paths: C:\Program Files\dotnet\sdk\6.0.100-preview.7.21379.14\Extensions\Microsoft.Diagnostics.NETCore.Client.dll
C:\Program Files\dotnet\sdk\6.0.100-preview.7.21379.14\Extensions\Microsoft.TestPlatform.Extensions.BlameDataCollector.dll
C:\Program Files\dotnet\sdk\6.0.100-preview.7.21379.14\Extensions\Microsoft.TestPlatform.Extensions.EventLogCollector.dll
C:\Program Files\dotnet\sdk\6.0.100-preview.7.21379.14\Extensions\Microsoft.TestPlatform.TestHostRuntimeProvider.dll
C:\Program Files\dotnet\sdk\6.0.100-preview.7.21379.14\Extensions\Microsoft.VisualStudio.TestPlatform.Extensions.Html.TestLogger.dll
C:\Program Files\dotnet\sdk\6.0.100-preview.7.21379.14\Extensions\Microsoft.VisualStudio.TestPlatform.Extensions.Trx.TestLogger.dll
TpTrace Verbose: 0 : 10172, 5, 2021/08/19, 12:10:25.492, 3911518565696, vstest.console.dll, TestPluginCache.GetExtensionPaths: Added unfilterableExtensionPaths: 
TpTrace Verbose: 0 : 10172, 5, 2021/08/19, 12:10:25.497, 3911518618865, vstest.console.dll, TestRequestSender.InitializeExecution: Sending initializing execution with message: {"Version":5,"MessageType":"TestExecution.Initialize","Payload":["C:\\Users\\Ehlimana\\source\\repos\\PrivatnaKlinika\\UnitTestovi\\bin\\Debug\\net5.0\\fine-code-coverage\\build-output\\Microsoft.VisualStudio.TestPlatform.MSTest.TestAdapter.dll"]}
TpTrace Verbose: 0 : 10172, 5, 2021/08/19, 12:10:25.512, 3911518773273, vstest.console.dll, TestRequestSender.StartTestRun: Sending test run with message: {"Version":5,"MessageType":"TestExecution.StartWithSources","Payload":{"AdapterSourceMap":{"_none_":["C:\\Users\\Ehlimana\\source\\repos\\PrivatnaKlinika\\UnitTestovi\\bin\\Debug\\net5.0\\fine-code-coverage\\build-output\\UnitTestovi.dll"]},"RunSettings":"<RunSettings>\r\n  <RunConfiguration>\r\n    <ResultsDirectory>C:\\Users\\Ehlimana\\source\\repos\\PrivatnaKlinika\\UnitTestovi\\bin\\Debug\\net5.0\\fine-code-coverage\\coverage-tool-output</ResultsDirectory>\r\n    <TargetPlatform>X64</TargetPlatform>\r\n    <TargetFrameworkVersion>.NETCoreApp,Version=v5.0</TargetFrameworkVersion>\r\n    <DesignMode>False</DesignMode>\r\n    <CollectSourceInformation>False</CollectSourceInformation>\r\n  </RunConfiguration>\r\n  <LoggerRunSettings>\r\n    <Loggers>\r\n      <Logger friendlyName=\"blame\" enabled=\"True\" />\r\n      <Logger friendlyName=\"Console\" uri=\"logger://microsoft/TestPlatform/ConsoleLogger/v1\" assemblyQualifiedName=\"Microsoft.VisualStudio.TestPlatform.CommandLine.Internal.ConsoleLogger, vstest.console, Version=15.0.0.0, Culture=neutral, PublicKeyToken=b03f5f7f11d50a3a\" codeBase=\"C:\\Program Files\\dotnet\\sdk\\6.0.100-preview.7.21379.14\\vstest.console.dll\" enabled=\"True\" />\r\n    </Loggers>\r\n  </LoggerRunSettings>\r\n  <DataCollectionRunSettings>\r\n    <DataCollectors>\r\n      <DataCollector friendlyName=\"blame\" enabled=\"True\">\r\n        <Configuration>\r\n          <ResultsDirectory>C:\\Users\\Ehlimana\\source\\repos\\PrivatnaKlinika\\UnitTestovi\\bin\\Debug\\net5.0\\fine-code-coverage\\coverage-tool-output</ResultsDirectory>\r\n        </Configuration>\r\n      </DataCollector>\r\n    </DataCollectors>\r\n  </DataCollectionRunSettings>\r\n</RunSettings>","TestExecutionContext":{"FrequencyOfRunStatsChangeEvent":10,"RunStatsChangeEventTimeout":"00:00:01.5000000","InIsolation":false,"KeepAlive":false,"AreTestCaseLevelEventsRequired":false,"IsDebug":false,"TestCaseFilter":null,"FilterOptions":null},"Package":null}}
TpTrace Verbose: 0 : 10172, 6, 2021/08/19, 12:10:25.513, 3911518778980, vstest.console.dll, TcpClientExtensions.MessageLoopAsync: NotifyDataAvailable remoteEndPoint: 127.0.0.1:63626 localEndPoint: 127.0.0.1:63625
TpTrace Verbose: 0 : 10172, 6, 2021/08/19, 12:10:25.513, 3911518781178, vstest.console.dll, TestRequestSender.OnExecutionMessageReceived: Received message: {"Version":5,"MessageType":"TestSession.Message","Payload":{"MessageLevel":0,"Message":"Logging TestHost Diagnostics in file: C:\\Users\\Ehlimana\\source\\repos\\PrivatnaKlinika\\UnitTestovi\\bin\\Debug\\net5.0\\fine-code-coverage\\coverage-tool-output\\diagnostics.host.21-08-19_12-10-24_75329_5.log"}}
TpTrace Verbose: 0 : 10172, 6, 2021/08/19, 12:10:25.517, 3911518814651, vstest.console.dll, TestRunRequest:SendTestRunMessage: Starting.
TpTrace Information: 0 : 10172, 6, 2021/08/19, 12:10:25.517, 3911518816667, vstest.console.dll, TestRunRequest:SendTestRunMessage: Completed.
TpTrace Verbose: 0 : 10172, 6, 2021/08/19, 12:10:25.517, 3911518817547, vstest.console.dll, TcpClientExtensions.MessageLoopAsync: Polling on remoteEndPoint: 127.0.0.1:63626 localEndPoint: 127.0.0.1:63625
TpTrace Verbose: 0 : 10172, 6, 2021/08/19, 12:10:26.279, 3911526440739, vstest.console.dll, TcpClientExtensions.MessageLoopAsync: NotifyDataAvailable remoteEndPoint: 127.0.0.1:63626 localEndPoint: 127.0.0.1:63625
TpTrace Verbose: 0 : 10172, 6, 2021/08/19, 12:10:26.280, 3911526444598, vstest.console.dll, TestRequestSender.OnExecutionMessageReceived: Received message: {"Version":5,"MessageType":"TestExecution.Completed","Payload":{"TestRunCompleteArgs":{"TestRunStatistics":{"ExecutedTests":3,"Stats":{"Passed":3}},"IsCanceled":false,"IsAborted":false,"Error":null,"AttachmentSets":[],"ElapsedTimeInRunningTests":"00:00:00.3365905","Metrics":{}},"LastRunTests":{"NewTestResults":[{"TestCase":{"Id":"b757a307-51ef-f1e8-bfc7-ebe285b01dab","FullyQualifiedName":"UnitTestovi.UnitTest1.TestDodavanjePacijentaURed","DisplayName":"TestDodavanjePacijentaURed","ExecutorUri":"executor://MSTestAdapter/v2","Source":"C:\\Users\\Ehlimana\\source\\repos\\PrivatnaKlinika\\UnitTestovi\\bin\\Debug\\net5.0\\fine-code-coverage\\build-output\\UnitTestovi.dll","CodeFilePath":null,"LineNumber":-1,"Properties":[{"Key":{"Id":"TestCase.ManagedType","Label":"ManagedType","Category":"","Description":"","Attributes":1,"ValueType":"System.String"},"Value":"UnitTestovi.UnitTest1"},{"Key":{"Id":"TestCase.ManagedMethod","Label":"ManagedMethod","Category":"","Description":"","Attributes":1,"ValueType":"System.String"},"Value":"TestDodavanjePacijentaURed"},{"Key":{"Id":"MSTestDiscoverer.TestClassName","Label":"ClassName","Category":"","Description":"","Attributes":1,"ValueType":"System.String"},"Value":"UnitTestovi.UnitTest1"},{"Key":{"Id":"TestObject.Traits","Label":"Traits","Category":"","Description":"","Attributes":5,"ValueType":"System.Collections.Generic.KeyValuePair`2[[System.String],[System.String]][]"},"Value":[]}]},"Attachments":[],"Outcome":1,"ErrorMessage":null,"ErrorStackTrace":null,"DisplayName":null,"Messages":[],"ComputerName":null,"Duration":"00:00:00.0112939","StartTime":"2021-08-19T12:10:26.0909418+02:00","EndTime":"2021-08-19T12:10:26.1668964+02:00","Properties":[{"Key":{"Id":"ExecutionId","Label":"ExecutionId","Category":"","Description":"","Attributes":1,"ValueType":"System.Guid"},"Value":"00000000-0000-0000-0000-000000000000"},{"Key":{"Id":"ParentExecId","Label":"ParentExecId","Category":"","Description":"","Attributes":1,"ValueType":"System.Guid"},"Value":"00000000-0000-0000-0000-000000000000"},{"Key":{"Id":"InnerResultsCount","Label":"InnerResultsCount","Category":"","Description":"","Attributes":1,"ValueType":"System.Int32"},"Value":0}]},{"TestCase":{"Id":"cf56bba1-e54b-efea-8141-ecf65af4eb4d","FullyQualifiedName":"UnitTestovi.UnitTest1.TestObradePacijenta","DisplayName":"TestObradePacijenta","ExecutorUri":"executor://MSTestAdapter/v2","Source":"C:\\Users\\Ehlimana\\source\\repos\\PrivatnaKlinika\\UnitTestovi\\bin\\Debug\\net5.0\\fine-code-coverage\\build-output\\UnitTestovi.dll","CodeFilePath":null,"LineNumber":-1,"Properties":[{"Key":{"Id":"TestCase.ManagedType","Label":"ManagedType","Category":"","Description":"","Attributes":1,"ValueType":"System.String"},"Value":"UnitTestovi.UnitTest1"},{"Key":{"Id":"TestCase.ManagedMethod","Label":"ManagedMethod","Category":"","Description":"","Attributes":1,"ValueType":"System.String"},"Value":"TestObradePacijenta"},{"Key":{"Id":"MSTestDiscoverer.TestClassName","Label":"ClassName","Category":"","Description":"","Attributes":1,"ValueType":"System.String"},"Value":"UnitTestovi.UnitTest1"},{"Key":{"Id":"TestObject.Traits","Label":"Traits","Category":"","Description":"","Attributes":5,"ValueType":"System.Collections.Generic.KeyValuePair`2[[System.String],[System.String]][]"},"Value":[]}]},"Attachments":[],"Outcome":1,"ErrorMessage":null,"ErrorStackTrace":null,"DisplayName":null,"Messages":[],"ComputerName":null,"Duration":"00:00:00.0009972","StartTime":"2021-08-19T12:10:26.1984939+02:00","EndTime":"2021-08-19T12:10:26.1999705+02:00","Properties":[{"Key":{"Id":"ExecutionId","Label":"ExecutionId","Category":"","Description":"","Attributes":1,"ValueType":"System.Guid"},"Value":"00000000-0000-0000-0000-000000000000"},{"Key":{"Id":"ParentExecId","Label":"ParentExecId","Category":"","Description":"","Attributes":1,"ValueType":"System.Guid"},"Value":"00000000-0000-0000-0000-000000000000"},{"Key":{"Id":"InnerResultsCount","Label":"InnerResultsCount","Category":"","Description":"","Attributes":1,"ValueType":"System.Int32"},"Value":0}]},{"TestCase":{"Id":"3a51f395-7715-667d-1ffb-75616b6fa031","FullyQualifiedName":"UnitTestovi.UnitTest1.TestObradePacijentaIzuzetak","DisplayName":"TestObradePacijentaIzuzetak","ExecutorUri":"executor://MSTestAdapter/v2","Source":"C:\\Users\\Ehlimana\\source\\repos\\PrivatnaKlinika\\UnitTestovi\\bin\\Debug\\net5.0\\fine-code-coverage\\build-output\\UnitTestovi.dll","CodeFilePath":null,"LineNumber":-1,"Properties":[{"Key":{"Id":"TestCase.ManagedType","Label":"ManagedType","Category":"","Description":"","Attributes":1,"ValueType":"System.String"},"Value":"UnitTestovi.UnitTest1"},{"Key":{"Id":"TestCase.ManagedMethod","Label":"ManagedMethod","Category":"","Description":"","Attributes":1,"ValueType":"System.String"},"Value":"TestObradePacijentaIzuzetak"},{"Key":{"Id":"MSTestDiscoverer.TestClassName","Label":"ClassName","Category":"","Description":"","Attributes":1,"ValueType":"System.String"},"Value":"UnitTestovi.UnitTest1"},{"Key":{"Id":"TestObject.Traits","Label":"Traits","Category":"","Description":"","Attributes":5,"ValueType":"System.Collections.Generic.KeyValuePair`2[[System.String],[System.String]][]"},"Value":[]}]},"Attachments":[],"Outcome":1,"ErrorMessage":null,"ErrorStackTrace":null,"DisplayName":null,"Messages":[],"ComputerName":null,"Duration":"00:00:00.0028390","StartTime":"2021-08-19T12:10:26.2046752+02:00","EndTime":"2021-08-19T12:10:26.2081364+02:00","Properties":[{"Key":{"Id":"ExecutionId","Label":"ExecutionId","Category":"","Description":"","Attributes":1,"ValueType":"System.Guid"},"Value":"00000000-0000-0000-0000-000000000000"},{"Key":{"Id":"ParentExecId","Label":"ParentExecId","Category":"","Description":"","Attributes":1,"ValueType":"System.Guid"},"Value":"00000000-0000-0000-0000-000000000000"},{"Key":{"Id":"InnerResultsCount","Label":"InnerResultsCount","Category":"","Description":"","Attributes":1,"ValueType":"System.Int32"},"Value":0}]}],"TestRunStatistics":{"ExecutedTests":3,"Stats":{"Passed":3}},"ActiveTests":[]},"RunAttachments":[],"ExecutorUris":["executor://mstestadapter/v2"]}}
TpTrace Verbose: 0 : 10172, 6, 2021/08/19, 12:10:26.284, 3911526487454, vstest.console.dll, TestRequestSender.EndSession: Sending end session.
TpTrace Verbose: 0 : 10172, 6, 2021/08/19, 12:10:26.284, 3911526490027, vstest.console.dll, ProxyOperationManager.Close: waiting for test host to exit for 100 ms
TpTrace Warning: 0 : 10172, 11, 2021/08/19, 12:10:26.300, 3911526653315, vstest.console.dll, TestHostManagerCallbacks.ErrorReceivedCallback Test host standard error line: 
TpTrace Verbose: 0 : 10172, 8, 2021/08/19, 12:10:26.309, 3911526736949, vstest.console.dll, TestHostProvider.ExitCallBack: Host exited starting callback.
TpTrace Information: 0 : 10172, 8, 2021/08/19, 12:10:26.310, 3911526745565, vstest.console.dll, TestHostManagerCallbacks.ExitCallBack: Testhost processId: 10424 exited with exitcode: 0 error: ''
TpTrace Verbose: 0 : 10172, 8, 2021/08/19, 12:10:26.310, 3911526746997, vstest.console.dll, DotnetTestHostManager.OnHostExited: invoking OnHostExited callback
TpTrace Verbose: 0 : 10172, 8, 2021/08/19, 12:10:26.310, 3911526747895, vstest.console.dll, CrossPlatEngine.TestHostManagerHostExited: calling on client process exit callback.
TpTrace Information: 0 : 10172, 8, 2021/08/19, 12:10:26.310, 3911526748779, vstest.console.dll, TestRequestSender.OnClientProcessExit: Test host process exited. Standard error: 
TpTrace Warning: 0 : 10172, 6, 2021/08/19, 12:10:26.310, 3911526748833, vstest.console.dll, ProxyOperationManager: Timed out waiting for test host to exit. Will terminate process.
TpTrace Information: 0 : 10172, 8, 2021/08/19, 12:10:26.310, 3911526749554, vstest.console.dll, SocketServer.Stop: Stop server endPoint: 127.0.0.1:63625
TpTrace Information: 0 : 10172, 8, 2021/08/19, 12:10:26.310, 3911526751241, vstest.console.dll, SocketServer.Stop: Cancellation requested. Stopping message loop.
TpTrace Verbose: 0 : 10172, 6, 2021/08/19, 12:10:26.311, 3911526757227, vstest.console.dll, ProxyDataCollectionManager.InvokeDataCollectionServiceAction: Starting.
TpTrace Information: 0 : 10172, 6, 2021/08/19, 12:10:26.311, 3911526758036, vstest.console.dll, ProxyDataCollectionManager.AfterTestRunEnd: Get attachment set for datacollector processId: 13528 port: 63622
TpTrace Verbose: 0 : 10172, 6, 2021/08/19, 12:10:26.311, 3911526758717, vstest.console.dll, DataCollectionRequestSender.SendAfterTestRunStartAndGetResult : Send AfterTestRunEnd message with isCancelled: False
TpTrace Verbose: 0 : 10172, 6, 2021/08/19, 12:10:26.362, 3911527265527, vstest.console.dll, DataCollectionRequestSender.SendAfterTestRunStartAndGetResult : Received message: (DataCollection.AfterTestRunEndResult) -> {
  "AttachmentSets": [],
  "Metrics": {}
}
TpTrace Information: 0 : 10172, 6, 2021/08/19, 12:10:26.368, 3911527325946, vstest.console.dll, ProxyDataCollectionManager.InvokeDataCollectionServiceAction: Completed.
TpTrace Warning: 0 : 10172, 10, 2021/08/19, 12:10:26.368, 3911527331382, vstest.console.dll, DataCollectionLauncher.ErrorReceivedCallback datacollector standard error line: 
TpTrace Information: 0 : 10172, 8, 2021/08/19, 12:10:26.380, 3911527449483, vstest.console.dll, DataCollectionLauncher.ExitCallBack: Data collector exited with exitcode: 0 error: ''
TpTrace Verbose: 0 : 10172, 6, 2021/08/19, 12:10:26.484, 3911528491010, vstest.console.dll, TestRunRequest:SendTestRunStatsChange: Starting.
TpTrace Information: 0 : 10172, 6, 2021/08/19, 12:10:26.485, 3911528494657, vstest.console.dll, TestRunRequest:SendTestRunStatsChange: Completed.
TpTrace Verbose: 0 : 10172, 6, 2021/08/19, 12:10:26.485, 3911528497552, vstest.console.dll, ParallelProxyExecutionManager: HandlePartialRunComplete: Total completed clients = 1, Run complete = True, Run canceled: False.
TpTrace Verbose: 0 : 10172, 6, 2021/08/19, 12:10:26.516, 3911528812903, vstest.console.dll, TestRunRequest:TestRunComplete: Starting. IsAborted:False IsCanceled:False.
TpTrace Verbose: 0 : 10172, 6, 2021/08/19, 12:10:26.517, 3911528816139, vstest.console.dll, TestLoggerManager.HandleTestRunComplete: Ignoring as the object is disposed.
TpTrace Information: 0 : 10172, 6, 2021/08/19, 12:10:26.517, 3911528820891, vstest.console.dll, TestRunRequest:TestRunComplete: Completed.
TpTrace Verbose: 0 : 10172, 1, 2021/08/19, 12:10:26.517, 3911528820966, vstest.console.dll, TestRunRequest.Dispose: Starting.
TpTrace Verbose: 0 : 10172, 6, 2021/08/19, 12:10:26.517, 3911528822612, vstest.console.dll, TestRequestSender.SetOperationComplete: Setting operation complete.
TpTrace Information: 0 : 10172, 1, 2021/08/19, 12:10:26.518, 3911528823820, vstest.console.dll, TestRunRequest.Dispose: Completed.
TpTrace Information: 0 : 10172, 6, 2021/08/19, 12:10:26.518, 3911528824505, vstest.console.dll, SocketServer.Stop: Stop server endPoint: 127.0.0.1:63625
TpTrace Information: 0 : 10172, 1, 2021/08/19, 12:10:26.518, 3911528825328, vstest.console.dll, TestRequestManager.RunTests: run tests completed.
TpTrace Information: 0 : 10172, 6, 2021/08/19, 12:10:26.518, 3911528826909, vstest.console.dll, SocketServer.Stop: Cancellation requested. Stopping message loop.
TpTrace Information: 0 : 10172, 1, 2021/08/19, 12:10:26.518, 3911528829142, vstest.console.dll, RunTestsArgumentProcessor:Execute: Test run is completed.
TpTrace Information: 0 : 10172, 6, 2021/08/19, 12:10:26.518, 3911528829923, vstest.console.dll, SocketServer.PrivateStop: Stopping server endPoint: 127.0.0.1:63625 error: 
TpTrace Verbose: 0 : 10172, 1, 2021/08/19, 12:10:26.518, 3911528833216, vstest.console.dll, Executor.Execute: Exiting with exit code of 0
