TpTrace Verbose: 0 : 10016, 1, 2021/11/17, 22:14:04.486, 198083069864, testhost.dll, Version: 16.9.4
TpTrace Information: 0 : 10016, 1, 2021/11/17, 22:14:04.494, 198083126693, testhost.dll, DefaultEngineInvoker.Invoke: Testhost process started with args :[--port, 56758],[--endpoint, 127.0.0.1:056758],[--role, client],[--parentprocessid, 19960],[--diag, C:\Users\Armin\Documents\GitHub\Grupa-3-Verifikovani-i-Validirani-Softverasi\Pijaca\Zadatak 2\bin\Debug\net5.0\fine-code-coverage\coverage-tool-output\diagnostics.host.21-11-17_22-14-04_31393_6.log],[--tracelevel, 4],[--datacollectionport, 56757],[--telemetryoptedin, false]
TpTrace Information: 0 : 10016, 1, 2021/11/17, 22:14:04.498, 198083163952, testhost.dll, Setting up debug trace listener.
TpTrace Verbose: 0 : 10016, 1, 2021/11/17, 22:14:04.498, 198083167345, testhost.dll, TestPlatformTraceListener.Setup: Replacing listener 0 with TestHostTraceListener.
TpTrace Verbose: 0 : 10016, 1, 2021/11/17, 22:14:04.498, 198083167903, testhost.dll, TestPlatformTraceListener.Setup: Added test platform trace listener.
TpTrace Information: 0 : 10016, 1, 2021/11/17, 22:14:04.499, 198083172560, testhost.dll, DefaultEngineInvoker.SetParentProcessExitCallback: Monitoring parent process with id: '19960'
TpTrace Information: 0 : 10016, 1, 2021/11/17, 22:14:04.505, 198083234978, testhost.dll, DefaultEngineInvoker.GetConnectionInfo: Initialize communication on endpoint address: '127.0.0.1:056758'
TpTrace Information: 0 : 10016, 1, 2021/11/17, 22:14:04.520, 198083388827, testhost.dll, SocketClient.Start: connecting to server endpoint: 127.0.0.1:056758
TpTrace Information: 0 : 10016, 1, 2021/11/17, 22:14:04.531, 198083496664, testhost.dll, DefaultEngineInvoker.ConnectToDatacollector: Connecting to datacollector, port: 56757
TpTrace Information: 0 : 10016, 9, 2021/11/17, 22:14:04.533, 198083513285, testhost.dll, SocketClient.OnServerConnected: connected to server endpoint: 127.0.0.1:056758
TpTrace Verbose: 0 : 10016, 9, 2021/11/17, 22:14:04.535, 198083531601, testhost.dll, Connected to server, and starting MessageLoopAsync
TpTrace Information: 0 : 10016, 1, 2021/11/17, 22:14:04.536, 198083546909, testhost.dll, Trying to connect to server on socket : 127.0.0.1:56757 
TpTrace Verbose: 0 : 10016, 1, 2021/11/17, 22:14:04.536, 198083550639, testhost.dll, SocketCommunicationManager : SetupClientAsync : Attempting to connect to the server.
TpTrace Verbose: 0 : 10016, 9, 2021/11/17, 22:14:04.538, 198083569433, testhost.dll, TcpClientExtensions.MessageLoopAsync: Polling on remoteEndPoint: [::ffff:127.0.0.1]:56758 localEndPoint: [::ffff:127.0.0.1]:56760
TpTrace Information: 0 : 10016, 6, 2021/11/17, 22:14:04.538, 198083569433, testhost.dll, Connected to the server successfully 
TpTrace Information: 0 : 10016, 6, 2021/11/17, 22:14:04.539, 198083571792, testhost.dll, Using the buffer size of 16384 bytes
TpTrace Verbose: 0 : 10016, 9, 2021/11/17, 22:14:04.539, 198083573450, testhost.dll, TcpClientExtensions.MessageLoopAsync: NotifyDataAvailable remoteEndPoint: [::ffff:127.0.0.1]:56758 localEndPoint: [::ffff:127.0.0.1]:56760
TpTrace Information: 0 : 10016, 1, 2021/11/17, 22:14:04.539, 198083577047, testhost.dll, DefaultEngineInvoker.Invoke: Start Request Processing.
TpTrace Information: 0 : 10016, 11, 2021/11/17, 22:14:04.540, 198083586513, testhost.dll, DefaultEngineInvoker.StartProcessingAsync: Connected to vstest.console, Starting process requests.
TpTrace Information: 0 : 10016, 9, 2021/11/17, 22:14:04.682, 198085006908, testhost.dll, TestRequestHandler.ProcessRequests: received message: (ProtocolVersion) -> 5
TpTrace Verbose: 0 : 10016, 9, 2021/11/17, 22:14:04.711, 198085299913, testhost.dll, TestRequestHandler.SendData:  sending data from testhost: {"Version":5,"MessageType":"TestSession.Message","Payload":{"MessageLevel":0,"Message":"Logging TestHost Diagnostics in file: C:\\Users\\Armin\\Documents\\GitHub\\Grupa-3-Verifikovani-i-Validirani-Softverasi\\Pijaca\\Zadatak 2\\bin\\Debug\\net5.0\\fine-code-coverage\\coverage-tool-output\\diagnostics.host.21-11-17_22-14-04_31393_6.log"}}
TpTrace Verbose: 0 : 10016, 9, 2021/11/17, 22:14:04.713, 198085316976, testhost.dll, TcpClientExtensions.MessageLoopAsync: Polling on remoteEndPoint: [::ffff:127.0.0.1]:56758 localEndPoint: [::ffff:127.0.0.1]:56760
TpTrace Verbose: 0 : 10016, 9, 2021/11/17, 22:14:04.713, 198085321250, testhost.dll, TcpClientExtensions.MessageLoopAsync: NotifyDataAvailable remoteEndPoint: [::ffff:127.0.0.1]:56758 localEndPoint: [::ffff:127.0.0.1]:56760
TpTrace Information: 0 : 10016, 9, 2021/11/17, 22:14:04.719, 198085373028, testhost.dll, TestRequestHandler.ProcessRequests: received message: (TestExecution.Initialize) -> [
  "C:\\Users\\Armin\\Documents\\GitHub\\Grupa-3-Verifikovani-i-Validirani-Softverasi\\Pijaca\\Zadatak 2\\bin\\Debug\\net5.0\\fine-code-coverage\\build-output\\Microsoft.VisualStudio.TestPlatform.MSTest.TestAdapter.dll"
]
TpTrace Information: 0 : 10016, 9, 2021/11/17, 22:14:04.719, 198085375227, testhost.dll, Execution Session Initialize.
TpTrace Verbose: 0 : 10016, 9, 2021/11/17, 22:14:04.725, 198085436848, testhost.dll, TcpClientExtensions.MessageLoopAsync: Polling on remoteEndPoint: [::ffff:127.0.0.1]:56758 localEndPoint: [::ffff:127.0.0.1]:56760
TpTrace Verbose: 0 : 10016, 9, 2021/11/17, 22:14:04.725, 198085438096, testhost.dll, TcpClientExtensions.MessageLoopAsync: NotifyDataAvailable remoteEndPoint: [::ffff:127.0.0.1]:56758 localEndPoint: [::ffff:127.0.0.1]:56760
TpTrace Verbose: 0 : 10016, 4, 2021/11/17, 22:14:04.728, 198085470315, testhost.dll, TestExecutorService: Loading the extensions
TpTrace Information: 0 : 10016, 9, 2021/11/17, 22:14:04.730, 198085485468, testhost.dll, TestRequestHandler.ProcessRequests: received message: (TestExecution.StartWithSources) -> {
  "AdapterSourceMap": {
    "_none_": [
      "C:\\Users\\Armin\\Documents\\GitHub\\Grupa-3-Verifikovani-i-Validirani-Softverasi\\Pijaca\\Zadatak 2\\bin\\Debug\\net5.0\\fine-code-coverage\\build-output\\Zadatak 2.dll"
    ]
  },
  "RunSettings": "<RunSettings>\r\n  <RunConfiguration>\r\n    <ResultsDirectory>C:\\Users\\Armin\\Documents\\GitHub\\Grupa-3-Verifikovani-i-Validirani-Softverasi\\Pijaca\\Zadatak 2\\bin\\Debug\\net5.0\\fine-code-coverage\\coverage-tool-output</ResultsDirectory>\r\n    <TargetPlatform>X64</TargetPlatform>\r\n    <TargetFrameworkVersion>.NETCoreApp,Version=v5.0</TargetFrameworkVersion>\r\n    <DesignMode>False</DesignMode>\r\n    <CollectSourceInformation>False</CollectSourceInformation>\r\n  </RunConfiguration>\r\n  <LoggerRunSettings>\r\n    <Loggers>\r\n      <Logger friendlyName=\"blame\" enabled=\"True\" />\r\n      <Logger friendlyName=\"Console\" uri=\"logger://microsoft/TestPlatform/ConsoleLogger/v1\" assemblyQualifiedName=\"Microsoft.VisualStudio.TestPlatform.CommandLine.Internal.ConsoleLogger, vstest.console, Version=15.0.0.0, Culture=neutral, PublicKeyToken=b03f5f7f11d50a3a\" codeBase=\"C:\\Program Files\\dotnet\\sdk\\5.0.402\\vstest.console.dll\" enabled=\"True\" />\r\n    </Loggers>\r\n  </LoggerRunSettings>\r\n  <DataCollectionRunSettings>\r\n    <DataCollectors>\r\n      <DataCollector friendlyName=\"blame\" enabled=\"True\">\r\n        <Configuration>\r\n          <ResultsDirectory>C:\\Users\\Armin\\Documents\\GitHub\\Grupa-3-Verifikovani-i-Validirani-Softverasi\\Pijaca\\Zadatak 2\\bin\\Debug\\net5.0\\fine-code-coverage\\coverage-tool-output</ResultsDirectory>\r\n        </Configuration>\r\n      </DataCollector>\r\n    </DataCollectors>\r\n  </DataCollectionRunSettings>\r\n</RunSettings>",
  "TestExecutionContext": {
    "FrequencyOfRunStatsChangeEvent": 10,
    "RunStatsChangeEventTimeout": "00:00:01.5000000",
    "InIsolation": false,
    "KeepAlive": false,
    "AreTestCaseLevelEventsRequired": false,
    "IsDebug": false,
    "TestCaseFilter": null,
    "FilterOptions": null
  },
  "Package": null
}
TpTrace Information: 0 : 10016, 9, 2021/11/17, 22:14:04.730, 198085488684, testhost.dll, Execution started.
TpTrace Verbose: 0 : 10016, 4, 2021/11/17, 22:14:04.733, 198085516866, testhost.dll, TestPluginCache.DiscoverTestExtensions: finding test extensions in assemblies ends with: TestAdapter.dll TPluginInfo: Microsoft.VisualStudio.TestPlatform.Common.ExtensionFramework.Utilities.TestExecutorPluginInformation TExtension: Microsoft.VisualStudio.TestPlatform.ObjectModel.Adapter.ITestExecutor
TpTrace Verbose: 0 : 10016, 4, 2021/11/17, 22:14:04.735, 198085534767, testhost.dll, TestPluginCache.GetExtensionPaths: Filtered extension paths: 
TpTrace Verbose: 0 : 10016, 4, 2021/11/17, 22:14:04.735, 198085540366, testhost.dll, TestPluginCache.GetExtensionPaths: Added default extension paths: C:\Users\Armin\Documents\GitHub\Grupa-3-Verifikovani-i-Validirani-Softverasi\Pijaca\Zadatak 2\bin\Debug\net5.0\fine-code-coverage\build-output\Microsoft.VisualStudio.TestPlatform.MSTest.TestAdapter.dll
TpTrace Verbose: 0 : 10016, 4, 2021/11/17, 22:14:04.735, 198085541332, testhost.dll, TestPluginCache.GetExtensionPaths: Added unfilterableExtensionPaths: 
TpTrace Information: 0 : 10016, 4, 2021/11/17, 22:14:04.739, 198085571703, testhost.dll, AssemblyResolver.ctor: Creating AssemblyResolver with searchDirectories C:\Users\Armin\Documents\GitHub\Grupa-3-Verifikovani-i-Validirani-Softverasi\Pijaca\Zadatak 2\bin\Debug\net5.0\fine-code-coverage\build-output
TpTrace Verbose: 0 : 10016, 4, 2021/11/17, 22:14:04.740, 198085591400, testhost.dll, TestPluginCache.DiscoverTestExtensions: Discovering the extensions using extension path.
TpTrace Verbose: 0 : 10016, 4, 2021/11/17, 22:14:04.741, 198085593275, testhost.dll, TestPluginCache.GetExtensionPaths: Filtered extension paths: 
TpTrace Verbose: 0 : 10016, 4, 2021/11/17, 22:14:04.741, 198085593712, testhost.dll, TestPluginCache.GetExtensionPaths: Added default extension paths: C:\Users\Armin\Documents\GitHub\Grupa-3-Verifikovani-i-Validirani-Softverasi\Pijaca\Zadatak 2\bin\Debug\net5.0\fine-code-coverage\build-output\Microsoft.VisualStudio.TestPlatform.MSTest.TestAdapter.dll
TpTrace Verbose: 0 : 10016, 4, 2021/11/17, 22:14:04.741, 198085594000, testhost.dll, TestPluginCache.GetExtensionPaths: Added unfilterableExtensionPaths: 
TpTrace Verbose: 0 : 10016, 4, 2021/11/17, 22:14:04.741, 198085594593, testhost.dll, TestPluginCache.DiscoverTestExtensions: Discovering the extensions using allExtensionPaths: C:\Users\Armin\Documents\GitHub\Grupa-3-Verifikovani-i-Validirani-Softverasi\Pijaca\Zadatak 2\bin\Debug\net5.0\fine-code-coverage\build-output\Microsoft.VisualStudio.TestPlatform.MSTest.TestAdapter.dll
TpTrace Information: 0 : 10016, 4, 2021/11/17, 22:14:04.742, 198085602991, testhost.dll, AssemblyResolver.AddSearchDirectories: Adding more searchDirectories C:\Users\Armin\Documents\GitHub\Grupa-3-Verifikovani-i-Validirani-Softverasi\Pijaca\Zadatak 2\bin\Debug\net5.0\fine-code-coverage\build-output
TpTrace Information: 0 : 10016, 4, 2021/11/17, 22:14:04.751, 198085693510, testhost.dll, AssemblyResolver.OnResolve: Microsoft.VisualStudio.TestPlatform.MSTest.TestAdapter: Resolving assembly.
TpTrace Information: 0 : 10016, 4, 2021/11/17, 22:14:04.758, 198085765202, testhost.dll, AssemblyResolver.OnResolve: Resolved assembly: Microsoft.VisualStudio.TestPlatform.MSTest.TestAdapter, from path: C:\Users\Armin\Documents\GitHub\Grupa-3-Verifikovani-i-Validirani-Softverasi\Pijaca\Zadatak 2\bin\Debug\net5.0\fine-code-coverage\build-output\Microsoft.VisualStudio.TestPlatform.MSTest.TestAdapter.dll
TpTrace Verbose: 0 : 10016, 4, 2021/11/17, 22:14:04.771, 198085895002, testhost.dll, TestPluginCache: Discovered the extensions using extension path ''.
TpTrace Verbose: 0 : 10016, 4, 2021/11/17, 22:14:04.771, 198085900276, testhost.dll, TestPluginCache: Discoverers are ''.
TpTrace Verbose: 0 : 10016, 4, 2021/11/17, 22:14:04.772, 198085901642, testhost.dll, TestPluginCache: Executors are 'executor://MSTestAdapter/v2'.
TpTrace Verbose: 0 : 10016, 4, 2021/11/17, 22:14:04.772, 198085902519, testhost.dll, TestPluginCache: Executors2 are ''.
TpTrace Verbose: 0 : 10016, 4, 2021/11/17, 22:14:04.772, 198085903165, testhost.dll, TestPluginCache: Setting providers are ''.
TpTrace Verbose: 0 : 10016, 4, 2021/11/17, 22:14:04.772, 198085904070, testhost.dll, TestPluginCache: Loggers are ''.
TpTrace Verbose: 0 : 10016, 9, 2021/11/17, 22:14:04.772, 198085904957, testhost.dll, TcpClientExtensions.MessageLoopAsync: Polling on remoteEndPoint: [::ffff:127.0.0.1]:56758 localEndPoint: [::ffff:127.0.0.1]:56760
TpTrace Verbose: 0 : 10016, 4, 2021/11/17, 22:14:04.775, 198085940058, testhost.dll, TestPluginCache.DiscoverTestExtensions: finding test extensions in assemblies ends with: TestAdapter.dll TPluginInfo: Microsoft.VisualStudio.TestPlatform.Common.ExtensionFramework.Utilities.TestExecutorPluginInformation2 TExtension: Microsoft.VisualStudio.TestPlatform.ObjectModel.Adapter.ITestExecutor2
TpTrace Verbose: 0 : 10016, 4, 2021/11/17, 22:14:04.776, 198085943425, testhost.dll, TestPluginCache.GetExtensionPaths: Filtered extension paths: 
TpTrace Verbose: 0 : 10016, 4, 2021/11/17, 22:14:04.776, 198085944218, testhost.dll, TestPluginCache.GetExtensionPaths: Added default extension paths: C:\Users\Armin\Documents\GitHub\Grupa-3-Verifikovani-i-Validirani-Softverasi\Pijaca\Zadatak 2\bin\Debug\net5.0\fine-code-coverage\build-output\Microsoft.VisualStudio.TestPlatform.MSTest.TestAdapter.dll
TpTrace Verbose: 0 : 10016, 4, 2021/11/17, 22:14:04.776, 198085944913, testhost.dll, TestPluginCache.GetExtensionPaths: Added unfilterableExtensionPaths: 
TpTrace Information: 0 : 10016, 4, 2021/11/17, 22:14:04.776, 198085947421, testhost.dll, AssemblyResolver.AddSearchDirectories: Adding more searchDirectories C:\Users\Armin\Documents\GitHub\Grupa-3-Verifikovani-i-Validirani-Softverasi\Pijaca\Zadatak 2\bin\Debug\net5.0\fine-code-coverage\build-output
TpTrace Verbose: 0 : 10016, 4, 2021/11/17, 22:14:04.776, 198085948752, testhost.dll, TestPluginCache.DiscoverTestExtensions: Discovering the extensions using extension path.
TpTrace Verbose: 0 : 10016, 4, 2021/11/17, 22:14:04.776, 198085950368, testhost.dll, TestPluginCache.GetExtensionPaths: Filtered extension paths: 
TpTrace Verbose: 0 : 10016, 4, 2021/11/17, 22:14:04.777, 198085952829, testhost.dll, TestPluginCache.GetExtensionPaths: Added default extension paths: C:\Users\Armin\Documents\GitHub\Grupa-3-Verifikovani-i-Validirani-Softverasi\Pijaca\Zadatak 2\bin\Debug\net5.0\fine-code-coverage\build-output\Microsoft.VisualStudio.TestPlatform.MSTest.TestAdapter.dll
TpTrace Verbose: 0 : 10016, 4, 2021/11/17, 22:14:04.777, 198085953432, testhost.dll, TestPluginCache.GetExtensionPaths: Added unfilterableExtensionPaths: 
TpTrace Verbose: 0 : 10016, 4, 2021/11/17, 22:14:04.777, 198085954276, testhost.dll, TestPluginCache.DiscoverTestExtensions: Discovering the extensions using allExtensionPaths: C:\Users\Armin\Documents\GitHub\Grupa-3-Verifikovani-i-Validirani-Softverasi\Pijaca\Zadatak 2\bin\Debug\net5.0\fine-code-coverage\build-output\Microsoft.VisualStudio.TestPlatform.MSTest.TestAdapter.dll
TpTrace Information: 0 : 10016, 4, 2021/11/17, 22:14:04.777, 198085956841, testhost.dll, AssemblyResolver.AddSearchDirectories: Adding more searchDirectories C:\Users\Armin\Documents\GitHub\Grupa-3-Verifikovani-i-Validirani-Softverasi\Pijaca\Zadatak 2\bin\Debug\net5.0\fine-code-coverage\build-output
TpTrace Verbose: 0 : 10016, 4, 2021/11/17, 22:14:04.778, 198085967373, testhost.dll, TestPluginCache: Discovered the extensions using extension path ''.
TpTrace Verbose: 0 : 10016, 4, 2021/11/17, 22:14:04.778, 198085971111, testhost.dll, TestPluginCache: Discoverers are ''.
TpTrace Verbose: 0 : 10016, 4, 2021/11/17, 22:14:04.779, 198085974201, testhost.dll, TestPluginCache: Executors are 'executor://MSTestAdapter/v2'.
TpTrace Verbose: 0 : 10016, 4, 2021/11/17, 22:14:04.779, 198085977692, testhost.dll, TestPluginCache: Executors2 are ''.
TpTrace Verbose: 0 : 10016, 4, 2021/11/17, 22:14:04.779, 198085979008, testhost.dll, TestPluginCache: Setting providers are ''.
TpTrace Verbose: 0 : 10016, 4, 2021/11/17, 22:14:04.779, 198085979625, testhost.dll, TestPluginCache: Loggers are ''.
TpTrace Information: 0 : 10016, 4, 2021/11/17, 22:14:04.786, 198086047539, testhost.dll, TestPluginManager.CreateTestExtension: Attempting to load test extension: Microsoft.VisualStudio.TestPlatform.MSTest.TestAdapter.MSTestExecutor
TpTrace Verbose: 0 : 10016, 4, 2021/11/17, 22:14:04.797, 198086152531, testhost.dll, TestExecutorExtensionManager: Loading executor Microsoft.VisualStudio.TestPlatform.MSTest.TestAdapter.MSTestExecutor
TpTrace Verbose: 0 : 10016, 4, 2021/11/17, 22:14:04.797, 198086154116, testhost.dll, TestExecutorService: Loaded the executors
TpTrace Verbose: 0 : 10016, 4, 2021/11/17, 22:14:04.798, 198086165610, testhost.dll, TestPluginCache.DiscoverTestExtensions: finding test extensions in assemblies ends with: TestAdapter.dll TPluginInfo: Microsoft.VisualStudio.TestPlatform.Common.ExtensionFramework.Utilities.TestSettingsProviderPluginInformation TExtension: Microsoft.VisualStudio.TestPlatform.ObjectModel.Adapter.ISettingsProvider
TpTrace Verbose: 0 : 10016, 4, 2021/11/17, 22:14:04.798, 198086167484, testhost.dll, TestPluginCache.GetExtensionPaths: Filtered extension paths: 
TpTrace Verbose: 0 : 10016, 4, 2021/11/17, 22:14:04.798, 198086168344, testhost.dll, TestPluginCache.GetExtensionPaths: Added default extension paths: C:\Users\Armin\Documents\GitHub\Grupa-3-Verifikovani-i-Validirani-Softverasi\Pijaca\Zadatak 2\bin\Debug\net5.0\fine-code-coverage\build-output\Microsoft.VisualStudio.TestPlatform.MSTest.TestAdapter.dll
TpTrace Verbose: 0 : 10016, 4, 2021/11/17, 22:14:04.798, 198086168748, testhost.dll, TestPluginCache.GetExtensionPaths: Added unfilterableExtensionPaths: 
TpTrace Information: 0 : 10016, 4, 2021/11/17, 22:14:04.798, 198086170251, testhost.dll, AssemblyResolver.AddSearchDirectories: Adding more searchDirectories C:\Users\Armin\Documents\GitHub\Grupa-3-Verifikovani-i-Validirani-Softverasi\Pijaca\Zadatak 2\bin\Debug\net5.0\fine-code-coverage\build-output
TpTrace Verbose: 0 : 10016, 4, 2021/11/17, 22:14:04.798, 198086171037, testhost.dll, TestPluginCache.DiscoverTestExtensions: Discovering the extensions using extension path.
TpTrace Verbose: 0 : 10016, 4, 2021/11/17, 22:14:04.798, 198086171389, testhost.dll, TestPluginCache.GetExtensionPaths: Filtered extension paths: 
TpTrace Verbose: 0 : 10016, 4, 2021/11/17, 22:14:04.799, 198086171685, testhost.dll, TestPluginCache.GetExtensionPaths: Added default extension paths: C:\Users\Armin\Documents\GitHub\Grupa-3-Verifikovani-i-Validirani-Softverasi\Pijaca\Zadatak 2\bin\Debug\net5.0\fine-code-coverage\build-output\Microsoft.VisualStudio.TestPlatform.MSTest.TestAdapter.dll
TpTrace Verbose: 0 : 10016, 4, 2021/11/17, 22:14:04.799, 198086171976, testhost.dll, TestPluginCache.GetExtensionPaths: Added unfilterableExtensionPaths: 
TpTrace Verbose: 0 : 10016, 4, 2021/11/17, 22:14:04.799, 198086173136, testhost.dll, TestPluginCache.DiscoverTestExtensions: Discovering the extensions using allExtensionPaths: C:\Users\Armin\Documents\GitHub\Grupa-3-Verifikovani-i-Validirani-Softverasi\Pijaca\Zadatak 2\bin\Debug\net5.0\fine-code-coverage\build-output\Microsoft.VisualStudio.TestPlatform.MSTest.TestAdapter.dll
TpTrace Information: 0 : 10016, 4, 2021/11/17, 22:14:04.799, 198086173667, testhost.dll, AssemblyResolver.AddSearchDirectories: Adding more searchDirectories C:\Users\Armin\Documents\GitHub\Grupa-3-Verifikovani-i-Validirani-Softverasi\Pijaca\Zadatak 2\bin\Debug\net5.0\fine-code-coverage\build-output
TpTrace Verbose: 0 : 10016, 4, 2021/11/17, 22:14:04.799, 198086175990, testhost.dll, TestPluginCache: Discovered the extensions using extension path ''.
TpTrace Verbose: 0 : 10016, 4, 2021/11/17, 22:14:04.799, 198086176964, testhost.dll, TestPluginCache: Discoverers are ''.
TpTrace Verbose: 0 : 10016, 4, 2021/11/17, 22:14:04.799, 198086177325, testhost.dll, TestPluginCache: Executors are 'executor://MSTestAdapter/v2'.
TpTrace Verbose: 0 : 10016, 4, 2021/11/17, 22:14:04.799, 198086177673, testhost.dll, TestPluginCache: Executors2 are ''.
TpTrace Verbose: 0 : 10016, 4, 2021/11/17, 22:14:04.799, 198086178070, testhost.dll, TestPluginCache: Setting providers are ''.
TpTrace Verbose: 0 : 10016, 4, 2021/11/17, 22:14:04.799, 198086178455, testhost.dll, TestPluginCache: Loggers are ''.
TpTrace Verbose: 0 : 10016, 4, 2021/11/17, 22:14:04.800, 198086189189, testhost.dll, TestExecutorService: Loaded the settings providers
TpTrace Information: 0 : 10016, 4, 2021/11/17, 22:14:04.800, 198086190492, testhost.dll, TestExecutorService: Loaded the extensions
TpTrace Information: 0 : 10016, 4, 2021/11/17, 22:14:04.909, 198087272929, testhost.dll, TestDiscoveryManager: Discovering tests from sources C:\Users\Armin\Documents\GitHub\Grupa-3-Verifikovani-i-Validirani-Softverasi\Pijaca\Zadatak 2\bin\Debug\net5.0\fine-code-coverage\build-output\Zadatak 2.dll
TpTrace Verbose: 0 : 10016, 4, 2021/11/17, 22:14:04.914, 198087325978, testhost.dll, TestPluginCache.DiscoverTestExtensions: finding test extensions in assemblies ends with: TestAdapter.dll TPluginInfo: Microsoft.VisualStudio.TestPlatform.Common.ExtensionFramework.Utilities.TestDiscovererPluginInformation TExtension: Microsoft.VisualStudio.TestPlatform.ObjectModel.Adapter.ITestDiscoverer
TpTrace Verbose: 0 : 10016, 4, 2021/11/17, 22:14:04.914, 198087329523, testhost.dll, TestPluginCache.GetExtensionPaths: Filtered extension paths: 
TpTrace Verbose: 0 : 10016, 4, 2021/11/17, 22:14:04.915, 198087331712, testhost.dll, TestPluginCache.GetExtensionPaths: Added default extension paths: C:\Users\Armin\Documents\GitHub\Grupa-3-Verifikovani-i-Validirani-Softverasi\Pijaca\Zadatak 2\bin\Debug\net5.0\fine-code-coverage\build-output\Microsoft.VisualStudio.TestPlatform.MSTest.TestAdapter.dll
TpTrace Verbose: 0 : 10016, 4, 2021/11/17, 22:14:04.915, 198087332632, testhost.dll, TestPluginCache.GetExtensionPaths: Added unfilterableExtensionPaths: 
TpTrace Information: 0 : 10016, 4, 2021/11/17, 22:14:04.915, 198087335118, testhost.dll, AssemblyResolver.AddSearchDirectories: Adding more searchDirectories C:\Users\Armin\Documents\GitHub\Grupa-3-Verifikovani-i-Validirani-Softverasi\Pijaca\Zadatak 2\bin\Debug\net5.0\fine-code-coverage\build-output
TpTrace Verbose: 0 : 10016, 4, 2021/11/17, 22:14:04.915, 198087335871, testhost.dll, TestPluginCache.DiscoverTestExtensions: Discovering the extensions using extension path.
TpTrace Verbose: 0 : 10016, 4, 2021/11/17, 22:14:04.915, 198087336298, testhost.dll, TestPluginCache.GetExtensionPaths: Filtered extension paths: 
TpTrace Verbose: 0 : 10016, 4, 2021/11/17, 22:14:04.915, 198087336673, testhost.dll, TestPluginCache.GetExtensionPaths: Added default extension paths: C:\Users\Armin\Documents\GitHub\Grupa-3-Verifikovani-i-Validirani-Softverasi\Pijaca\Zadatak 2\bin\Debug\net5.0\fine-code-coverage\build-output\Microsoft.VisualStudio.TestPlatform.MSTest.TestAdapter.dll
TpTrace Verbose: 0 : 10016, 4, 2021/11/17, 22:14:04.915, 198087337959, testhost.dll, TestPluginCache.GetExtensionPaths: Added unfilterableExtensionPaths: 
TpTrace Verbose: 0 : 10016, 4, 2021/11/17, 22:14:04.915, 198087338558, testhost.dll, TestPluginCache.DiscoverTestExtensions: Discovering the extensions using allExtensionPaths: C:\Users\Armin\Documents\GitHub\Grupa-3-Verifikovani-i-Validirani-Softverasi\Pijaca\Zadatak 2\bin\Debug\net5.0\fine-code-coverage\build-output\Microsoft.VisualStudio.TestPlatform.MSTest.TestAdapter.dll
TpTrace Information: 0 : 10016, 4, 2021/11/17, 22:14:04.915, 198087340029, testhost.dll, AssemblyResolver.AddSearchDirectories: Adding more searchDirectories C:\Users\Armin\Documents\GitHub\Grupa-3-Verifikovani-i-Validirani-Softverasi\Pijaca\Zadatak 2\bin\Debug\net5.0\fine-code-coverage\build-output
TpTrace Verbose: 0 : 10016, 4, 2021/11/17, 22:14:04.919, 198087375832, testhost.dll, TestPluginCache: Discovered the extensions using extension path ''.
TpTrace Verbose: 0 : 10016, 4, 2021/11/17, 22:14:04.919, 198087380821, testhost.dll, TestPluginCache: Discoverers are 'Microsoft.VisualStudio.TestPlatform.MSTest.TestAdapter.MSTestDiscoverer, Microsoft.VisualStudio.TestPlatform.MSTest.TestAdapter, Version=14.0.0.0, Culture=neutral, PublicKeyToken=b03f5f7f11d50a3a'.
TpTrace Verbose: 0 : 10016, 4, 2021/11/17, 22:14:04.920, 198087382310, testhost.dll, TestPluginCache: Executors are 'executor://MSTestAdapter/v2'.
TpTrace Verbose: 0 : 10016, 4, 2021/11/17, 22:14:04.920, 198087383031, testhost.dll, TestPluginCache: Executors2 are ''.
TpTrace Verbose: 0 : 10016, 4, 2021/11/17, 22:14:04.920, 198087383601, testhost.dll, TestPluginCache: Setting providers are ''.
TpTrace Verbose: 0 : 10016, 4, 2021/11/17, 22:14:04.920, 198087384406, testhost.dll, TestPluginCache: Loggers are ''.
TpTrace Verbose: 0 : 10016, 4, 2021/11/17, 22:14:04.934, 198087530973, testhost.dll, BaseRunTests.RunTestInternalWithExecutors: Running tests for executor://MSTestAdapter/v2
TpTrace Information: 0 : 10016, 4, 2021/11/17, 22:14:04.935, 198087538423, testhost.dll, AssemblyResolver.OnResolve: Microsoft.VisualStudio.TestPlatform.MSTestAdapter.PlatformServices.Interface: Resolving assembly.
TpTrace Information: 0 : 10016, 4, 2021/11/17, 22:14:04.936, 198087550594, testhost.dll, AssemblyResolver.OnResolve: Resolved assembly: Microsoft.VisualStudio.TestPlatform.MSTestAdapter.PlatformServices.Interface, from path: C:\Users\Armin\Documents\GitHub\Grupa-3-Verifikovani-i-Validirani-Softverasi\Pijaca\Zadatak 2\bin\Debug\net5.0\fine-code-coverage\build-output\Microsoft.VisualStudio.TestPlatform.MSTestAdapter.PlatformServices.Interface.dll
TpTrace Information: 0 : 10016, 4, 2021/11/17, 22:14:04.938, 198087569323, testhost.dll, AssemblyResolver.OnResolve: Microsoft.VisualStudio.TestPlatform.MSTestAdapter.PlatformServices: Resolving assembly.
TpTrace Information: 0 : 10016, 4, 2021/11/17, 22:14:04.939, 198087580792, testhost.dll, AssemblyResolver.OnResolve: Resolved assembly: Microsoft.VisualStudio.TestPlatform.MSTestAdapter.PlatformServices, from path: C:\Users\Armin\Documents\GitHub\Grupa-3-Verifikovani-i-Validirani-Softverasi\Pijaca\Zadatak 2\bin\Debug\net5.0\fine-code-coverage\build-output\Microsoft.VisualStudio.TestPlatform.MSTestAdapter.PlatformServices.dll
TpTrace Information: 0 : 10016, 4, 2021/11/17, 22:14:04.940, 198087586493, testhost.dll, MSTest - MSTestExecutor.RunTests: Running tests from sources.
TpTrace Information: 0 : 10016, 4, 2021/11/17, 22:14:04.946, 198087649899, testhost.dll, MSTest - CollectSourceInformation value Found : False 
TpTrace Information: 0 : 10016, 4, 2021/11/17, 22:14:04.983, 198088013041, testhost.dll, AssemblyResolver.OnResolve: Microsoft.TestPlatform.AdapterUtilities: Resolving assembly.
TpTrace Information: 0 : 10016, 4, 2021/11/17, 22:14:04.984, 198088023935, testhost.dll, AssemblyResolver.OnResolve: Resolved assembly: Microsoft.TestPlatform.AdapterUtilities, from path: C:\Users\Armin\Documents\GitHub\Grupa-3-Verifikovani-i-Validirani-Softverasi\Pijaca\Zadatak 2\bin\Debug\net5.0\fine-code-coverage\build-output\Microsoft.TestPlatform.AdapterUtilities.dll
TpTrace Information: 0 : 10016, 4, 2021/11/17, 22:14:05.001, 198088199456, testhost.dll, MSTest - MSTestDiscoverer: Found 5 tests from source C:\Users\Armin\Documents\GitHub\Grupa-3-Verifikovani-i-Validirani-Softverasi\Pijaca\Zadatak 2\bin\Debug\net5.0\fine-code-coverage\build-output\Zadatak 2.dll
TpTrace Information: 0 : 10016, 4, 2021/11/17, 22:14:05.024, 198088427623, testhost.dll, AssemblyResolver.OnResolve: Microsoft.VisualStudio.TestPlatform.MSTestAdapter.PlatformServices.resources: Resolving assembly.
TpTrace Information: 0 : 10016, 4, 2021/11/17, 22:14:05.024, 198088430213, testhost.dll, AssemblyResolver.OnResolve: Microsoft.VisualStudio.TestPlatform.MSTestAdapter.PlatformServices.resources: Failed to load assembly.
TpTrace Information: 0 : 10016, 4, 2021/11/17, 22:14:05.025, 198088437639, testhost.dll, AssemblyResolver.OnResolve: Microsoft.VisualStudio.TestPlatform.MSTestAdapter.PlatformServices.resources: Resolving assembly.
TpTrace Information: 0 : 10016, 4, 2021/11/17, 22:14:05.025, 198088439449, testhost.dll, AssemblyResolver.OnResolve: Microsoft.VisualStudio.TestPlatform.MSTestAdapter.PlatformServices.resources: Resolved from cache.
TpTrace Information: 0 : 10016, 4, 2021/11/17, 22:14:05.048, 198088671364, testhost.dll, MSTest - Created unit-test runner C:\Users\Armin\Documents\GitHub\Grupa-3-Verifikovani-i-Validirani-Softverasi\Pijaca\Zadatak 2\bin\Debug\net5.0\fine-code-coverage\build-output\Zadatak 2.dll
TpTrace Verbose: 0 : 10016, 4, 2021/11/17, 22:14:05.055, 198088738594, testhost.dll, TestExecutionRecorder.RecordStart: Starting test: Zadatak_2.TDD.TestZamjenskiObjekat.
TpTrace Information: 0 : 10016, 4, 2021/11/17, 22:14:05.151, 198089692184, testhost.dll, MSTest - Executing test TestZamjenskiObjekat
TpTrace Information: 0 : 10016, 4, 2021/11/17, 22:14:05.192, 198090107444, testhost.dll, AssemblyResolver.OnResolve: Microsoft.VisualStudio.TestPlatform.MSTest.TestAdapter.resources: Resolving assembly.
TpTrace Information: 0 : 10016, 4, 2021/11/17, 22:14:05.192, 198090109012, testhost.dll, AssemblyResolver.OnResolve: Microsoft.VisualStudio.TestPlatform.MSTest.TestAdapter.resources: Failed to load assembly.
TpTrace Information: 0 : 10016, 4, 2021/11/17, 22:14:05.219, 198090377990, testhost.dll, MSTest - Executed test TestZamjenskiObjekat
TpTrace Verbose: 0 : 10016, 4, 2021/11/17, 22:14:05.223, 198090416026, testhost.dll, TestExecutionRecorder.RecordEnd: test: Zadatak_2.TDD.TestZamjenskiObjekat execution completed.
TpTrace Information: 0 : 10016, 4, 2021/11/17, 22:14:05.241, 198090595693, testhost.dll, MSTest - MSTestExecutor:Test Zadatak_2.TDD.TestZamjenskiObjekat failed. ErrorMessage:Test method Zadatak_2.TDD.TestZamjenskiObjekat threw exception: 
System.NotImplementedException: The method or operation is not implemented., ErrorStackTrace:    at Pijaca.Inspekcija.ŠtandIspravan(Štand š) in C:\Users\Armin\Documents\GitHub\Grupa-3-Verifikovani-i-Validirani-Softverasi\Pijaca\Pijaca\Inspekcija.cs:line 18
   at Pijaca.Tržnica.IzvršiInspekciju(IInspekcija inspekcija) in C:\Users\Armin\Documents\GitHub\Grupa-3-Verifikovani-i-Validirani-Softverasi\Pijaca\Pijaca\Tržnica.cs:line 156
   at Zadatak_2.TDD.TestZamjenskiObjekat() in C:\Users\Armin\Documents\GitHub\Grupa-3-Verifikovani-i-Validirani-Softverasi\Pijaca\Zadatak 2\TDD.cs:line 35
.
TpTrace Verbose: 0 : 10016, 4, 2021/11/17, 22:14:05.242, 198090601969, testhost.dll, TestExecutionRecorder.RecordResult: Received result for test: Zadatak_2.TDD.TestZamjenskiObjekat.
TpTrace Warning: 0 : 10016, 4, 2021/11/17, 22:14:05.248, 198090669042, testhost.dll, TestRunCache: InProgressTests is null
TpTrace Warning: 0 : 10016, 4, 2021/11/17, 22:14:05.248, 198090671202, testhost.dll, TestRunCache: No test found corresponding to testResult '' in inProgress list.
TpTrace Verbose: 0 : 10016, 4, 2021/11/17, 22:14:05.249, 198090672418, testhost.dll, TestExecutionRecorder.RecordStart: Starting test: Zadatak_2.TDD.DodavanjeMesnihProizvoda.
TpTrace Information: 0 : 10016, 4, 2021/11/17, 22:14:05.250, 198090686167, testhost.dll, MSTest - Executing test DodavanjeMesnihProizvoda
TpTrace Information: 0 : 10016, 4, 2021/11/17, 22:14:05.257, 198090759349, testhost.dll, MSTest - Executed test DodavanjeMesnihProizvoda
TpTrace Verbose: 0 : 10016, 4, 2021/11/17, 22:14:05.257, 198090760545, testhost.dll, TestExecutionRecorder.RecordEnd: test: Zadatak_2.TDD.DodavanjeMesnihProizvoda execution completed.
TpTrace Information: 0 : 10016, 4, 2021/11/17, 22:14:05.259, 198090772283, testhost.dll, MSTest - MSTestExecutor:Test Zadatak_2.TDD.DodavanjeMesnihProizvoda failed. ErrorMessage:Test method Zadatak_2.TDD.DodavanjeMesnihProizvoda threw exception: 
System.NotImplementedException: The method or operation is not implemented., ErrorStackTrace:    at Pijaca.Tržnica.DodajTipskeNamirnice(Namirnica vrsta, Boolean svi) in C:\Users\Armin\Documents\GitHub\Grupa-3-Verifikovani-i-Validirani-Softverasi\Pijaca\Pijaca\Tržnica.cs:line 120
   at Zadatak_2.TDD.DodavanjeMesnihProizvoda() in C:\Users\Armin\Documents\GitHub\Grupa-3-Verifikovani-i-Validirani-Softverasi\Pijaca\Zadatak 2\TDD.cs:line 57
.
TpTrace Verbose: 0 : 10016, 4, 2021/11/17, 22:14:05.259, 198090772951, testhost.dll, TestExecutionRecorder.RecordResult: Received result for test: Zadatak_2.TDD.DodavanjeMesnihProizvoda.
TpTrace Warning: 0 : 10016, 4, 2021/11/17, 22:14:05.259, 198090773392, testhost.dll, TestRunCache: InProgressTests is null
TpTrace Warning: 0 : 10016, 4, 2021/11/17, 22:14:05.259, 198090773685, testhost.dll, TestRunCache: No test found corresponding to testResult '' in inProgress list.
TpTrace Verbose: 0 : 10016, 4, 2021/11/17, 22:14:05.259, 198090774222, testhost.dll, TestExecutionRecorder.RecordStart: Starting test: Zadatak_2.TDD.DodavanjeVoćaIBrisanje.
TpTrace Information: 0 : 10016, 4, 2021/11/17, 22:14:05.260, 198090789712, testhost.dll, MSTest - Executing test DodavanjeVoćaIBrisanje
TpTrace Information: 0 : 10016, 4, 2021/11/17, 22:14:05.263, 198090820277, testhost.dll, MSTest - Executed test DodavanjeVoćaIBrisanje
TpTrace Verbose: 0 : 10016, 4, 2021/11/17, 22:14:05.264, 198090821945, testhost.dll, TestExecutionRecorder.RecordEnd: test: Zadatak_2.TDD.DodavanjeVoćaIBrisanje execution completed.
TpTrace Information: 0 : 10016, 4, 2021/11/17, 22:14:05.267, 198090861060, testhost.dll, MSTest - MSTestExecutor:Test Zadatak_2.TDD.DodavanjeVoćaIBrisanje failed. ErrorMessage:Test method Zadatak_2.TDD.DodavanjeVoćaIBrisanje threw exception: 
System.NotImplementedException: The method or operation is not implemented., ErrorStackTrace:    at Pijaca.Tržnica.DodajTipskeNamirnice(Namirnica vrsta, Boolean svi) in C:\Users\Armin\Documents\GitHub\Grupa-3-Verifikovani-i-Validirani-Softverasi\Pijaca\Pijaca\Tržnica.cs:line 120
   at Zadatak_2.TDD.DodavanjeVoćaIBrisanje() in C:\Users\Armin\Documents\GitHub\Grupa-3-Verifikovani-i-Validirani-Softverasi\Pijaca\Zadatak 2\TDD.cs:line 80
.
TpTrace Verbose: 0 : 10016, 4, 2021/11/17, 22:14:05.268, 198090862338, testhost.dll, TestExecutionRecorder.RecordResult: Received result for test: Zadatak_2.TDD.DodavanjeVoćaIBrisanje.
TpTrace Warning: 0 : 10016, 4, 2021/11/17, 22:14:05.268, 198090863308, testhost.dll, TestRunCache: InProgressTests is null
TpTrace Warning: 0 : 10016, 4, 2021/11/17, 22:14:05.268, 198090864067, testhost.dll, TestRunCache: No test found corresponding to testResult '' in inProgress list.
TpTrace Verbose: 0 : 10016, 4, 2021/11/17, 22:14:05.268, 198090865273, testhost.dll, TestExecutionRecorder.RecordStart: Starting test: Zadatak_2.TDD.NepodržaniTipDodavanja.
TpTrace Information: 0 : 10016, 4, 2021/11/17, 22:14:05.270, 198090884886, testhost.dll, MSTest - Executing test NepodržaniTipDodavanja
TpTrace Information: 0 : 10016, 4, 2021/11/17, 22:14:05.271, 198090900125, testhost.dll, AssemblyResolver.OnResolve: Microsoft.VisualStudio.TestPlatform.TestFramework.resources: Resolving assembly.
TpTrace Information: 0 : 10016, 4, 2021/11/17, 22:14:05.271, 198090901421, testhost.dll, AssemblyResolver.OnResolve: Microsoft.VisualStudio.TestPlatform.TestFramework.resources: Failed to load assembly.
TpTrace Information: 0 : 10016, 4, 2021/11/17, 22:14:05.272, 198090909991, testhost.dll, MSTest - Executed test NepodržaniTipDodavanja
TpTrace Verbose: 0 : 10016, 4, 2021/11/17, 22:14:05.272, 198090910873, testhost.dll, TestExecutionRecorder.RecordEnd: test: Zadatak_2.TDD.NepodržaniTipDodavanja execution completed.
TpTrace Information: 0 : 10016, 4, 2021/11/17, 22:14:05.274, 198090922380, testhost.dll, MSTest - MSTestExecutor:Test Zadatak_2.TDD.NepodržaniTipDodavanja failed. ErrorMessage:Test method threw exception System.NotImplementedException, but exception System.InvalidOperationException was expected. Exception message: System.NotImplementedException: The method or operation is not implemented., ErrorStackTrace:   at Pijaca.Tržnica.DodajTipskeNamirnice(Namirnica vrsta, Boolean svi) in C:\Users\Armin\Documents\GitHub\Grupa-3-Verifikovani-i-Validirani-Softverasi\Pijaca\Pijaca\Tržnica.cs:line 120
   at Zadatak_2.TDD.NepodržaniTipDodavanja() in C:\Users\Armin\Documents\GitHub\Grupa-3-Verifikovani-i-Validirani-Softverasi\Pijaca\Zadatak 2\TDD.cs:line 100
.
TpTrace Verbose: 0 : 10016, 4, 2021/11/17, 22:14:05.274, 198090923075, testhost.dll, TestExecutionRecorder.RecordResult: Received result for test: Zadatak_2.TDD.NepodržaniTipDodavanja.
TpTrace Warning: 0 : 10016, 4, 2021/11/17, 22:14:05.274, 198090923553, testhost.dll, TestRunCache: InProgressTests is null
TpTrace Warning: 0 : 10016, 4, 2021/11/17, 22:14:05.274, 198090923845, testhost.dll, TestRunCache: No test found corresponding to testResult '' in inProgress list.
TpTrace Verbose: 0 : 10016, 4, 2021/11/17, 22:14:05.274, 198090924426, testhost.dll, TestExecutionRecorder.RecordStart: Starting test: Zadatak_2.TDD.NemogućeDodavanjeUzBrisanje.
TpTrace Information: 0 : 10016, 4, 2021/11/17, 22:14:05.275, 198090933780, testhost.dll, MSTest - Executing test NemogućeDodavanjeUzBrisanje
TpTrace Information: 0 : 10016, 4, 2021/11/17, 22:14:05.276, 198090942891, testhost.dll, MSTest - Executed test NemogućeDodavanjeUzBrisanje
TpTrace Verbose: 0 : 10016, 4, 2021/11/17, 22:14:05.276, 198090943746, testhost.dll, TestExecutionRecorder.RecordEnd: test: Zadatak_2.TDD.NemogućeDodavanjeUzBrisanje execution completed.
TpTrace Information: 0 : 10016, 4, 2021/11/17, 22:14:05.278, 198090968428, testhost.dll, MSTest - MSTestExecutor:Test Zadatak_2.TDD.NemogućeDodavanjeUzBrisanje failed. ErrorMessage:Test method threw exception System.NotImplementedException, but exception System.InvalidOperationException was expected. Exception message: System.NotImplementedException: The method or operation is not implemented., ErrorStackTrace:   at Pijaca.Tržnica.DodajTipskeNamirnice(Namirnica vrsta, Boolean svi) in C:\Users\Armin\Documents\GitHub\Grupa-3-Verifikovani-i-Validirani-Softverasi\Pijaca\Pijaca\Tržnica.cs:line 120
   at Zadatak_2.TDD.NemogućeDodavanjeUzBrisanje() in C:\Users\Armin\Documents\GitHub\Grupa-3-Verifikovani-i-Validirani-Softverasi\Pijaca\Zadatak 2\TDD.cs:line 113
.
TpTrace Verbose: 0 : 10016, 4, 2021/11/17, 22:14:05.278, 198090971310, testhost.dll, TestExecutionRecorder.RecordResult: Received result for test: Zadatak_2.TDD.NemogućeDodavanjeUzBrisanje.
TpTrace Warning: 0 : 10016, 4, 2021/11/17, 22:14:05.279, 198090973250, testhost.dll, TestRunCache: InProgressTests is null
TpTrace Warning: 0 : 10016, 4, 2021/11/17, 22:14:05.279, 198090973892, testhost.dll, TestRunCache: No test found corresponding to testResult '' in inProgress list.
TpTrace Information: 0 : 10016, 4, 2021/11/17, 22:14:05.279, 198090979816, testhost.dll, MSTest - Executing cleanup methods.
TpTrace Information: 0 : 10016, 4, 2021/11/17, 22:14:05.281, 198090995932, testhost.dll, MSTest - Executed cleanup methods.
TpTrace Information: 0 : 10016, 4, 2021/11/17, 22:14:05.281, 198090997290, testhost.dll, MSTest - Executed tests belonging to source C:\Users\Armin\Documents\GitHub\Grupa-3-Verifikovani-i-Validirani-Softverasi\Pijaca\Zadatak 2\bin\Debug\net5.0\fine-code-coverage\build-output\Zadatak 2.dll
TpTrace Verbose: 0 : 10016, 4, 2021/11/17, 22:14:05.281, 198091001509, testhost.dll, BaseRunTests.RunTestInternalWithExecutors: Completed running tests for executor://MSTestAdapter/v2
TpTrace Information: 0 : 10016, 4, 2021/11/17, 22:14:05.285, 198091032109, testhost.dll, Sending test run complete
TpTrace Verbose: 0 : 10016, 4, 2021/11/17, 22:14:05.326, 198091443856, testhost.dll, TestRequestHandler.SendData:  sending data from testhost: {"Version":5,"MessageType":"TestExecution.Completed","Payload":{"TestRunCompleteArgs":{"TestRunStatistics":{"ExecutedTests":5,"Stats":{"Failed":5}},"IsCanceled":false,"IsAborted":false,"Error":null,"AttachmentSets":[],"ElapsedTimeInRunningTests":"00:00:00.3590894","Metrics":{}},"LastRunTests":{"NewTestResults":[{"TestCase":{"Id":"cd075b4d-61b2-de77-403b-0cfb69a56f47","FullyQualifiedName":"Zadatak_2.TDD.TestZamjenskiObjekat","DisplayName":"TestZamjenskiObjekat","ExecutorUri":"executor://MSTestAdapter/v2","Source":"C:\\Users\\Armin\\Documents\\GitHub\\Grupa-3-Verifikovani-i-Validirani-Softverasi\\Pijaca\\Zadatak 2\\bin\\Debug\\net5.0\\fine-code-coverage\\build-output\\Zadatak 2.dll","CodeFilePath":null,"LineNumber":-1,"Properties":[{"Key":{"Id":"TestCase.ManagedType","Label":"ManagedType","Category":"","Description":"","Attributes":1,"ValueType":"System.String"},"Value":"Zadatak_2.TDD"},{"Key":{"Id":"TestCase.ManagedMethod","Label":"ManagedMethod","Category":"","Description":"","Attributes":1,"ValueType":"System.String"},"Value":"TestZamjenskiObjekat"},{"Key":{"Id":"MSTestDiscoverer.TestClassName","Label":"ClassName","Category":"","Description":"","Attributes":1,"ValueType":"System.String"},"Value":"Zadatak_2.TDD"},{"Key":{"Id":"TestObject.Traits","Label":"Traits","Category":"","Description":"","Attributes":5,"ValueType":"System.Collections.Generic.KeyValuePair`2[[System.String],[System.String]][]"},"Value":[]}]},"Attachments":[],"Outcome":2,"ErrorMessage":"Test method Zadatak_2.TDD.TestZamjenskiObjekat threw exception: \r\nSystem.NotImplementedException: The method or operation is not implemented.","ErrorStackTrace":"    at Pijaca.Inspekcija.ŠtandIspravan(Štand š) in C:\\Users\\Armin\\Documents\\GitHub\\Grupa-3-Verifikovani-i-Validirani-Softverasi\\Pijaca\\Pijaca\\Inspekcija.cs:line 18\r\n   at Pijaca.Tržnica.IzvršiInspekciju(IInspekcija inspekcija) in C:\\Users\\Armin\\Documents\\GitHub\\Grupa-3-Verifikovani-i-Validirani-Softverasi\\Pijaca\\Pijaca\\Tržnica.cs:line 156\r\n   at Zadatak_2.TDD.TestZamjenskiObjekat() in C:\\Users\\Armin\\Documents\\GitHub\\Grupa-3-Verifikovani-i-Validirani-Softverasi\\Pijaca\\Zadatak 2\\TDD.cs:line 35\r\n","DisplayName":null,"Messages":[],"ComputerName":null,"Duration":"00:00:00.0337603","StartTime":"2021-11-17T22:14:05.1509783+01:00","EndTime":"2021-11-17T22:14:05.2197577+01:00","Properties":[{"Key":{"Id":"ExecutionId","Label":"ExecutionId","Category":"","Description":"","Attributes":1,"ValueType":"System.Guid"},"Value":"00000000-0000-0000-0000-000000000000"},{"Key":{"Id":"ParentExecId","Label":"ParentExecId","Category":"","Description":"","Attributes":1,"ValueType":"System.Guid"},"Value":"00000000-0000-0000-0000-000000000000"},{"Key":{"Id":"InnerResultsCount","Label":"InnerResultsCount","Category":"","Description":"","Attributes":1,"ValueType":"System.Int32"},"Value":0}]},{"TestCase":{"Id":"3a1d8414-af96-8075-3e91-63006d286d73","FullyQualifiedName":"Zadatak_2.TDD.DodavanjeMesnihProizvoda","DisplayName":"DodavanjeMesnihProizvoda","ExecutorUri":"executor://MSTestAdapter/v2","Source":"C:\\Users\\Armin\\Documents\\GitHub\\Grupa-3-Verifikovani-i-Validirani-Softverasi\\Pijaca\\Zadatak 2\\bin\\Debug\\net5.0\\fine-code-coverage\\build-output\\Zadatak 2.dll","CodeFilePath":null,"LineNumber":-1,"Properties":[{"Key":{"Id":"TestCase.ManagedType","Label":"ManagedType","Category":"","Description":"","Attributes":1,"ValueType":"System.String"},"Value":"Zadatak_2.TDD"},{"Key":{"Id":"TestCase.ManagedMethod","Label":"ManagedMethod","Category":"","Description":"","Attributes":1,"ValueType":"System.String"},"Value":"DodavanjeMesnihProizvoda"},{"Key":{"Id":"MSTestDiscoverer.TestClassName","Label":"ClassName","Category":"","Description":"","Attributes":1,"ValueType":"System.String"},"Value":"Zadatak_2.TDD"},{"Key":{"Id":"TestObject.Traits","Label":"Traits","Category":"","Description":"","Attributes":5,"ValueType":"System.Collections.Generic.KeyValuePair`2[[System.String],[System.String]][]"},"Value":[]}]},"Attachments":[],"Outcome":2,"ErrorMessage":"Test method Zadatak_2.TDD.DodavanjeMesnihProizvoda threw exception: \r\nSystem.NotImplementedException: The method or operation is not implemented.","ErrorStackTrace":"    at Pijaca.Tržnica.DodajTipskeNamirnice(Namirnica vrsta, Boolean svi) in C:\\Users\\Armin\\Documents\\GitHub\\Grupa-3-Verifikovani-i-Validirani-Softverasi\\Pijaca\\Pijaca\\Tržnica.cs:line 120\r\n   at Zadatak_2.TDD.DodavanjeMesnihProizvoda() in C:\\Users\\Armin\\Documents\\GitHub\\Grupa-3-Verifikovani-i-Validirani-Softverasi\\Pijaca\\Zadatak 2\\TDD.cs:line 57\r\n","DisplayName":null,"Messages":[],"ComputerName":null,"Duration":"00:00:00.0069521","StartTime":"2021-11-17T22:14:05.2504534+01:00","EndTime":"2021-11-17T22:14:05.2578773+01:00","Properties":[{"Key":{"Id":"ExecutionId","Label":"ExecutionId","Category":"","Description":"","Attributes":1,"ValueType":"System.Guid"},"Value":"00000000-0000-0000-0000-000000000000"},{"Key":{"Id":"ParentExecId","Label":"ParentExecId","Category":"","Description":"","Attributes":1,"ValueType":"System.Guid"},"Value":"00000000-0000-0000-0000-000000000000"},{"Key":{"Id":"InnerResultsCount","Label":"InnerResultsCount","Category":"","Description":"","Attributes":1,"ValueType":"System.Int32"},"Value":0}]},{"TestCase":{"Id":"3f4528f8-6f76-6b66-8987-b10996504e89","FullyQualifiedName":"Zadatak_2.TDD.DodavanjeVoćaIBrisanje","DisplayName":"DodavanjeVoćaIBrisanje","ExecutorUri":"executor://MSTestAdapter/v2","Source":"C:\\Users\\Armin\\Documents\\GitHub\\Grupa-3-Verifikovani-i-Validirani-Softverasi\\Pijaca\\Zadatak 2\\bin\\Debug\\net5.0\\fine-code-coverage\\build-output\\Zadatak 2.dll","CodeFilePath":null,"LineNumber":-1,"Properties":[{"Key":{"Id":"TestCase.ManagedType","Label":"ManagedType","Category":"","Description":"","Attributes":1,"ValueType":"System.String"},"Value":"Zadatak_2.TDD"},{"Key":{"Id":"TestCase.ManagedMethod","Label":"ManagedMethod","Category":"","Description":"","Attributes":1,"ValueType":"System.String"},"Value":"DodavanjeVoćaIBrisanje"},{"Key":{"Id":"MSTestDiscoverer.TestClassName","Label":"ClassName","Category":"","Description":"","Attributes":1,"ValueType":"System.String"},"Value":"Zadatak_2.TDD"},{"Key":{"Id":"TestObject.Traits","Label":"Traits","Category":"","Description":"","Attributes":5,"ValueType":"System.Collections.Generic.KeyValuePair`2[[System.String],[System.String]][]"},"Value":[]}]},"Attachments":[],"Outcome":2,"ErrorMessage":"Test method Zadatak_2.TDD.DodavanjeVoćaIBrisanje threw exception: \r\nSystem.NotImplementedException: The method or operation is not implemented.","ErrorStackTrace":"    at Pijaca.Tržnica.DodajTipskeNamirnice(Namirnica vrsta, Boolean svi) in C:\\Users\\Armin\\Documents\\GitHub\\Grupa-3-Verifikovani-i-Validirani-Softverasi\\Pijaca\\Pijaca\\Tržnica.cs:line 120\r\n   at Zadatak_2.TDD.DodavanjeVoćaIBrisanje() in C:\\Users\\Armin\\Documents\\GitHub\\Grupa-3-Verifikovani-i-Validirani-Softverasi\\Pijaca\\Zadatak 2\\TDD.cs:line 80\r\n","DisplayName":null,"Messages":[],"ComputerName":null,"Duration":"00:00:00.0023856","StartTime":"2021-11-17T22:14:05.2607735+01:00","EndTime":"2021-11-17T22:14:05.2640103+01:00","Properties":[{"Key":{"Id":"ExecutionId","Label":"ExecutionId","Category":"","Description":"","Attributes":1,"ValueType":"System.Guid"},"Value":"00000000-0000-0000-0000-000000000000"},{"Key":{"Id":"ParentExecId","Label":"ParentExecId","Category":"","Description":"","Attributes":1,"ValueType":"System.Guid"},"Value":"00000000-0000-0000-0000-000000000000"},{"Key":{"Id":"InnerResultsCount","Label":"InnerResultsCount","Category":"","Description":"","Attributes":1,"ValueType":"System.Int32"},"Value":0}]},{"TestCase":{"Id":"94f032db-9346-302f-6689-ffa07b4ffe55","FullyQualifiedName":"Zadatak_2.TDD.NepodržaniTipDodavanja","DisplayName":"NepodržaniTipDodavanja","ExecutorUri":"executor://MSTestAdapter/v2","Source":"C:\\Users\\Armin\\Documents\\GitHub\\Grupa-3-Verifikovani-i-Validirani-Softverasi\\Pijaca\\Zadatak 2\\bin\\Debug\\net5.0\\fine-code-coverage\\build-output\\Zadatak 2.dll","CodeFilePath":null,"LineNumber":-1,"Properties":[{"Key":{"Id":"TestCase.ManagedType","Label":"ManagedType","Category":"","Description":"","Attributes":1,"ValueType":"System.String"},"Value":"Zadatak_2.TDD"},{"Key":{"Id":"TestCase.ManagedMethod","Label":"ManagedMethod","Category":"","Description":"","Attributes":1,"ValueType":"System.String"},"Value":"NepodržaniTipDodavanja"},{"Key":{"Id":"MSTestDiscoverer.TestClassName","Label":"ClassName","Category":"","Description":"","Attributes":1,"ValueType":"System.String"},"Value":"Zadatak_2.TDD"},{"Key":{"Id":"TestObject.Traits","Label":"Traits","Category":"","Description":"","Attributes":5,"ValueType":"System.Collections.Generic.KeyValuePair`2[[System.String],[System.String]][]"},"Value":[]}]},"Attachments":[],"Outcome":2,"ErrorMessage":"Test method threw exception System.NotImplementedException, but exception System.InvalidOperationException was expected. Exception message: System.NotImplementedException: The method or operation is not implemented.","ErrorStackTrace":"   at Pijaca.Tržnica.DodajTipskeNamirnice(Namirnica vrsta, Boolean svi) in C:\\Users\\Armin\\Documents\\GitHub\\Grupa-3-Verifikovani-i-Validirani-Softverasi\\Pijaca\\Pijaca\\Tržnica.cs:line 120\r\n   at Zadatak_2.TDD.NepodržaniTipDodavanja() in C:\\Users\\Armin\\Documents\\GitHub\\Grupa-3-Verifikovani-i-Validirani-Softverasi\\Pijaca\\Zadatak 2\\TDD.cs:line 100\r\n","DisplayName":null,"Messages":[],"ComputerName":null,"Duration":"00:00:00.0022194","StartTime":"2021-11-17T22:14:05.270317+01:00","EndTime":"2021-11-17T22:14:05.2729207+01:00","Properties":[{"Key":{"Id":"ExecutionId","Label":"ExecutionId","Category":"","Description":"","Attributes":1,"ValueType":"System.Guid"},"Value":"00000000-0000-0000-0000-000000000000"},{"Key":{"Id":"ParentExecId","Label":"ParentExecId","Category":"","Description":"","Attributes":1,"ValueType":"System.Guid"},"Value":"00000000-0000-0000-0000-000000000000"},{"Key":{"Id":"InnerResultsCount","Label":"InnerResultsCount","Category":"","Description":"","Attributes":1,"ValueType":"System.Int32"},"Value":0}]},{"TestCase":{"Id":"0e86f05c-b4ae-450e-5451-e8f8450dc484","FullyQualifiedName":"Zadatak_2.TDD.NemogućeDodavanjeUzBrisanje","DisplayName":"NemogućeDodavanjeUzBrisanje","ExecutorUri":"executor://MSTestAdapter/v2","Source":"C:\\Users\\Armin\\Documents\\GitHub\\Grupa-3-Verifikovani-i-Validirani-Softverasi\\Pijaca\\Zadatak 2\\bin\\Debug\\net5.0\\fine-code-coverage\\build-output\\Zadatak 2.dll","CodeFilePath":null,"LineNumber":-1,"Properties":[{"Key":{"Id":"TestCase.ManagedType","Label":"ManagedType","Category":"","Description":"","Attributes":1,"ValueType":"System.String"},"Value":"Zadatak_2.TDD"},{"Key":{"Id":"TestCase.ManagedMethod","Label":"ManagedMethod","Category":"","Description":"","Attributes":1,"ValueType":"System.String"},"Value":"NemogućeDodavanjeUzBrisanje"},{"Key":{"Id":"MSTestDiscoverer.TestClassName","Label":"ClassName","Category":"","Description":"","Attributes":1,"ValueType":"System.String"},"Value":"Zadatak_2.TDD"},{"Key":{"Id":"TestObject.Traits","Label":"Traits","Category":"","Description":"","Attributes":5,"ValueType":"System.Collections.Generic.KeyValuePair`2[[System.String],[System.String]][]"},"Value":[]}]},"Attachments":[],"Outcome":2,"ErrorMessage":"Test method threw exception System.NotImplementedException, but exception System.InvalidOperationException was expected. Exception message: System.NotImplementedException: The method or operation is not implemented.","ErrorStackTrace":"   at Pijaca.Tržnica.DodajTipskeNamirnice(Namirnica vrsta, Boolean svi) in C:\\Users\\Armin\\Documents\\GitHub\\Grupa-3-Verifikovani-i-Validirani-Softverasi\\Pijaca\\Pijaca\\Tržnica.cs:line 120\r\n   at Zadatak_2.TDD.NemogućeDodavanjeUzBrisanje() in C:\\Users\\Armin\\Documents\\GitHub\\Grupa-3-Verifikovani-i-Validirani-Softverasi\\Pijaca\\Zadatak 2\\TDD.cs:line 113\r\n","DisplayName":null,"Messages":[],"ComputerName":null,"Duration":"00:00:00.0007006","StartTime":"2021-11-17T22:14:05.2752185+01:00","EndTime":"2021-11-17T22:14:05.2762072+01:00","Properties":[{"Key":{"Id":"ExecutionId","Label":"ExecutionId","Category":"","Description":"","Attributes":1,"ValueType":"System.Guid"},"Value":"00000000-0000-0000-0000-000000000000"},{"Key":{"Id":"ParentExecId","Label":"ParentExecId","Category":"","Description":"","Attributes":1,"ValueType":"System.Guid"},"Value":"00000000-0000-0000-0000-000000000000"},{"Key":{"Id":"InnerResultsCount","Label":"InnerResultsCount","Category":"","Description":"","Attributes":1,"ValueType":"System.Int32"},"Value":0}]}],"TestRunStatistics":{"ExecutedTests":5,"Stats":{"Failed":5}},"ActiveTests":[]},"RunAttachments":[],"ExecutorUris":["executor://mstestadapter/v2"]}}
TpTrace Verbose: 0 : 10016, 4, 2021/11/17, 22:14:05.327, 198091454653, testhost.dll, BaseRunTests.RunTests: Run is complete.
TpTrace Verbose: 0 : 10016, 9, 2021/11/17, 22:14:05.331, 198091493142, testhost.dll, TcpClientExtensions.MessageLoopAsync: NotifyDataAvailable remoteEndPoint: [::ffff:127.0.0.1]:56758 localEndPoint: [::ffff:127.0.0.1]:56760
TpTrace Information: 0 : 10016, 9, 2021/11/17, 22:14:05.331, 198091495531, testhost.dll, TestRequestHandler.ProcessRequests: received message: (TestSession.Terminate) -> null
TpTrace Information: 0 : 10016, 9, 2021/11/17, 22:14:05.331, 198091496051, testhost.dll, Session End message received from server. Closing the connection.
TpTrace Information: 0 : 10016, 9, 2021/11/17, 22:14:05.331, 198091499780, testhost.dll, SocketClient.Stop: Stop communication from server endpoint: 127.0.0.1:056758
TpTrace Information: 0 : 10016, 9, 2021/11/17, 22:14:05.331, 198091500501, testhost.dll, SocketClient: Stop: Cancellation requested. Stopping message loop.
TpTrace Verbose: 0 : 10016, 9, 2021/11/17, 22:14:05.332, 198091501787, testhost.dll, LengthPrefixCommunicationChannel.Dispose: Dispose reader and writer.
TpTrace Information: 0 : 10016, 9, 2021/11/17, 22:14:05.332, 198091502284, testhost.dll, Closing the connection !
TpTrace Information: 0 : 10016, 9, 2021/11/17, 22:14:05.332, 198091504076, testhost.dll, SocketClient.PrivateStop: Stop communication from server endpoint: 127.0.0.1:056758, error:
TpTrace Verbose: 0 : 10016, 9, 2021/11/17, 22:14:05.332, 198091507149, testhost.dll, LengthPrefixCommunicationChannel.Dispose: Dispose reader and writer.
TpTrace Verbose: 0 : 10016, 9, 2021/11/17, 22:14:05.332, 198091507978, testhost.dll, TcpClientExtensions.MessageLoopAsync: exiting MessageLoopAsync remoteEndPoint: [::ffff:127.0.0.1]:56758 localEndPoint: [::ffff:127.0.0.1]:56760
TpTrace Information: 0 : 10016, 1, 2021/11/17, 22:14:05.332, 198091507153, testhost.dll, Closing the connection !
TpTrace Information: 0 : 10016, 1, 2021/11/17, 22:14:05.332, 198091508909, testhost.dll, SocketClient.Stop: Stop communication from server endpoint: 127.0.0.1:056758
TpTrace Verbose: 0 : 10016, 1, 2021/11/17, 22:14:05.332, 198091509245, testhost.dll, LengthPrefixCommunicationChannel.Dispose: Dispose reader and writer.
TpTrace Information: 0 : 10016, 1, 2021/11/17, 22:14:05.332, 198091510020, testhost.dll, Testhost process exiting.
