TpTrace Verbose: 0 : 17644, 1, 2021/11/17, 22:30:55.625, 208194461242, testhost.dll, Version: 16.9.4
TpTrace Information: 0 : 17644, 1, 2021/11/17, 22:30:55.635, 208194540090, testhost.dll, DefaultEngineInvoker.Invoke: Testhost process started with args :[--port, 57352],[--endpoint, 127.0.0.1:057352],[--role, client],[--parentprocessid, 3484],[--diag, C:\Users\Armin\Documents\GitHub\Grupa-3-Verifikovani-i-Validirani-Softverasi\Pijaca\Zadatak 2\bin\Debug\net5.0\fine-code-coverage\coverage-tool-output\diagnostics.host.21-11-17_22-30-55_42672_6.log],[--tracelevel, 4],[--datacollectionport, 57351],[--telemetryoptedin, false]
TpTrace Information: 0 : 17644, 1, 2021/11/17, 22:30:55.637, 208194560597, testhost.dll, Setting up debug trace listener.
TpTrace Verbose: 0 : 17644, 1, 2021/11/17, 22:30:55.638, 208194564774, testhost.dll, TestPlatformTraceListener.Setup: Replacing listener 0 with TestHostTraceListener.
TpTrace Verbose: 0 : 17644, 1, 2021/11/17, 22:30:55.638, 208194565961, testhost.dll, TestPlatformTraceListener.Setup: Added test platform trace listener.
TpTrace Information: 0 : 17644, 1, 2021/11/17, 22:30:55.639, 208194574030, testhost.dll, DefaultEngineInvoker.SetParentProcessExitCallback: Monitoring parent process with id: '3484'
TpTrace Information: 0 : 17644, 1, 2021/11/17, 22:30:55.650, 208194682138, testhost.dll, DefaultEngineInvoker.GetConnectionInfo: Initialize communication on endpoint address: '127.0.0.1:057352'
TpTrace Information: 0 : 17644, 1, 2021/11/17, 22:30:55.672, 208194906845, testhost.dll, SocketClient.Start: connecting to server endpoint: 127.0.0.1:057352
TpTrace Information: 0 : 17644, 1, 2021/11/17, 22:30:55.680, 208194988206, testhost.dll, DefaultEngineInvoker.ConnectToDatacollector: Connecting to datacollector, port: 57351
TpTrace Information: 0 : 17644, 5, 2021/11/17, 22:30:55.685, 208195034920, testhost.dll, SocketClient.OnServerConnected: connected to server endpoint: 127.0.0.1:057352
TpTrace Verbose: 0 : 17644, 5, 2021/11/17, 22:30:55.688, 208195063169, testhost.dll, Connected to server, and starting MessageLoopAsync
TpTrace Information: 0 : 17644, 1, 2021/11/17, 22:30:55.688, 208195064093, testhost.dll, Trying to connect to server on socket : 127.0.0.1:57351 
TpTrace Verbose: 0 : 17644, 1, 2021/11/17, 22:30:55.688, 208195068259, testhost.dll, SocketCommunicationManager : SetupClientAsync : Attempting to connect to the server.
TpTrace Information: 0 : 17644, 5, 2021/11/17, 22:30:55.690, 208195086798, testhost.dll, Connected to the server successfully 
TpTrace Information: 0 : 17644, 5, 2021/11/17, 22:30:55.690, 208195088501, testhost.dll, Using the buffer size of 16384 bytes
TpTrace Information: 0 : 17644, 1, 2021/11/17, 22:30:55.691, 208195093815, testhost.dll, DefaultEngineInvoker.Invoke: Start Request Processing.
TpTrace Verbose: 0 : 17644, 10, 2021/11/17, 22:30:55.691, 208195097331, testhost.dll, TcpClientExtensions.MessageLoopAsync: Polling on remoteEndPoint: [::ffff:127.0.0.1]:57352 localEndPoint: [::ffff:127.0.0.1]:57353
TpTrace Verbose: 0 : 17644, 10, 2021/11/17, 22:30:55.692, 208195102496, testhost.dll, TcpClientExtensions.MessageLoopAsync: NotifyDataAvailable remoteEndPoint: [::ffff:127.0.0.1]:57352 localEndPoint: [::ffff:127.0.0.1]:57353
TpTrace Information: 0 : 17644, 11, 2021/11/17, 22:30:55.692, 208195103505, testhost.dll, DefaultEngineInvoker.StartProcessingAsync: Connected to vstest.console, Starting process requests.
TpTrace Information: 0 : 17644, 10, 2021/11/17, 22:30:55.856, 208196744639, testhost.dll, TestRequestHandler.ProcessRequests: received message: (ProtocolVersion) -> 5
TpTrace Verbose: 0 : 17644, 10, 2021/11/17, 22:30:55.889, 208197074324, testhost.dll, TestRequestHandler.SendData:  sending data from testhost: {"Version":5,"MessageType":"TestSession.Message","Payload":{"MessageLevel":0,"Message":"Logging TestHost Diagnostics in file: C:\\Users\\Armin\\Documents\\GitHub\\Grupa-3-Verifikovani-i-Validirani-Softverasi\\Pijaca\\Zadatak 2\\bin\\Debug\\net5.0\\fine-code-coverage\\coverage-tool-output\\diagnostics.host.21-11-17_22-30-55_42672_6.log"}}
TpTrace Verbose: 0 : 17644, 10, 2021/11/17, 22:30:55.889, 208197077188, testhost.dll, TcpClientExtensions.MessageLoopAsync: Polling on remoteEndPoint: [::ffff:127.0.0.1]:57352 localEndPoint: [::ffff:127.0.0.1]:57353
TpTrace Verbose: 0 : 17644, 10, 2021/11/17, 22:30:55.889, 208197077969, testhost.dll, TcpClientExtensions.MessageLoopAsync: NotifyDataAvailable remoteEndPoint: [::ffff:127.0.0.1]:57352 localEndPoint: [::ffff:127.0.0.1]:57353
TpTrace Information: 0 : 17644, 10, 2021/11/17, 22:30:55.892, 208197111084, testhost.dll, TestRequestHandler.ProcessRequests: received message: (TestExecution.Initialize) -> [
  "C:\\Users\\Armin\\Documents\\GitHub\\Grupa-3-Verifikovani-i-Validirani-Softverasi\\Pijaca\\Zadatak 2\\bin\\Debug\\net5.0\\fine-code-coverage\\build-output\\Microsoft.VisualStudio.TestPlatform.MSTest.TestAdapter.dll"
]
TpTrace Information: 0 : 17644, 10, 2021/11/17, 22:30:55.893, 208197113413, testhost.dll, Execution Session Initialize.
TpTrace Verbose: 0 : 17644, 10, 2021/11/17, 22:30:55.902, 208197211658, testhost.dll, TcpClientExtensions.MessageLoopAsync: Polling on remoteEndPoint: [::ffff:127.0.0.1]:57352 localEndPoint: [::ffff:127.0.0.1]:57353
TpTrace Verbose: 0 : 17644, 10, 2021/11/17, 22:30:55.903, 208197213507, testhost.dll, TcpClientExtensions.MessageLoopAsync: NotifyDataAvailable remoteEndPoint: [::ffff:127.0.0.1]:57352 localEndPoint: [::ffff:127.0.0.1]:57353
TpTrace Verbose: 0 : 17644, 4, 2021/11/17, 22:30:55.905, 208197239044, testhost.dll, TestExecutorService: Loading the extensions
TpTrace Information: 0 : 17644, 10, 2021/11/17, 22:30:55.906, 208197242199, testhost.dll, TestRequestHandler.ProcessRequests: received message: (TestExecution.StartWithSources) -> {
  "AdapterSourceMap": {
    "_none_": [
      "C:\\Users\\Armin\\Documents\\GitHub\\Grupa-3-Verifikovani-i-Validirani-Softverasi\\Pijaca\\Zadatak 2\\bin\\Debug\\net5.0\\fine-code-coverage\\build-output\\Zadatak 2.dll"
    ]
  },
  "RunSettings": "<RunSettings>\r\n  <RunConfiguration>\r\n    <ResultsDirectory>C:\\Users\\Armin\\Documents\\GitHub\\Grupa-3-Verifikovani-i-Validirani-Softverasi\\Pijaca\\Zadatak 2\\bin\\Debug\\net5.0\\fine-code-coverage\\coverage-tool-output</ResultsDirectory>\r\n    <TargetPlatform>X64</TargetPlatform>\r\n    <TargetFrameworkVersion>.NETCoreApp,Version=v5.0</TargetFrameworkVersion>\r\n    <DesignMode>False</DesignMode>\r\n    <CollectSourceInformation>False</CollectSourceInformation>\r\n  </RunConfiguration>\r\n  <LoggerRunSettings>\r\n    <Loggers>\r\n      <Logger friendlyName=\"blame\" enabled=\"True\" />\r\n      <Logger friendlyName=\"Console\" uri=\"logger://microsoft/TestPlatform/ConsoleLogger/v1\" assemblyQualifiedName=\"Microsoft.VisualStudio.TestPlatform.CommandLine.Internal.ConsoleLogger, vstest.console, Version=15.0.0.0, Culture=neutral, PublicKeyToken=b03f5f7f11d50a3a\" codeBase=\"C:\\Program Files\\dotnet\\sdk\\5.0.402\\vstest.console.dll\" enabled=\"True\" />\r\n    </Loggers>\r\n  </LoggerRunSettings>\r\n  <DataCollectionRunSettings>\r\n    <DataCollectors>\r\n      <DataCollector friendlyName=\"blame\" enabled=\"True\">\r\n        <Configuration>\r\n          <ResultsDirectory>C:\\Users\\Armin\\Documents\\GitHub\\Grupa-3-Verifikovani-i-Validirani-Softverasi\\Pijaca\\Zadatak 2\\bin\\Debug\\net5.0\\fine-code-coverage\\coverage-tool-output</ResultsDirectory>\r\n        </Configuration>\r\n      </DataCollector>\r\n    </DataCollectors>\r\n  </DataCollectionRunSettings>\r\n</RunSettings>",
  "TestExecutionContext": {
    "FrequencyOfRunStatsChangeEvent": 10,
    "RunStatsChangeEventTimeout": "00:00:01.5000000",
    "InIsolation": false,
    "KeepAlive": false,
    "AreTestCaseLevelEventsRequired": false,
    "IsDebug": false,
    "TestCaseFilter": null,
    "FilterOptions": null
  },
  "Package": null
}
TpTrace Information: 0 : 17644, 10, 2021/11/17, 22:30:55.906, 208197243510, testhost.dll, Execution started.
TpTrace Verbose: 0 : 17644, 4, 2021/11/17, 22:30:55.907, 208197255273, testhost.dll, TestPluginCache.DiscoverTestExtensions: finding test extensions in assemblies ends with: TestAdapter.dll TPluginInfo: Microsoft.VisualStudio.TestPlatform.Common.ExtensionFramework.Utilities.TestExecutorPluginInformation TExtension: Microsoft.VisualStudio.TestPlatform.ObjectModel.Adapter.ITestExecutor
TpTrace Verbose: 0 : 17644, 4, 2021/11/17, 22:30:55.908, 208197264784, testhost.dll, TestPluginCache.GetExtensionPaths: Filtered extension paths: 
TpTrace Verbose: 0 : 17644, 4, 2021/11/17, 22:30:55.908, 208197268065, testhost.dll, TestPluginCache.GetExtensionPaths: Added default extension paths: C:\Users\Armin\Documents\GitHub\Grupa-3-Verifikovani-i-Validirani-Softverasi\Pijaca\Zadatak 2\bin\Debug\net5.0\fine-code-coverage\build-output\Microsoft.VisualStudio.TestPlatform.MSTest.TestAdapter.dll
TpTrace Verbose: 0 : 17644, 4, 2021/11/17, 22:30:55.908, 208197268546, testhost.dll, TestPluginCache.GetExtensionPaths: Added unfilterableExtensionPaths: 
TpTrace Information: 0 : 17644, 4, 2021/11/17, 22:30:55.910, 208197287913, testhost.dll, AssemblyResolver.ctor: Creating AssemblyResolver with searchDirectories C:\Users\Armin\Documents\GitHub\Grupa-3-Verifikovani-i-Validirani-Softverasi\Pijaca\Zadatak 2\bin\Debug\net5.0\fine-code-coverage\build-output
TpTrace Verbose: 0 : 17644, 4, 2021/11/17, 22:30:55.912, 208197303308, testhost.dll, TestPluginCache.DiscoverTestExtensions: Discovering the extensions using extension path.
TpTrace Verbose: 0 : 17644, 4, 2021/11/17, 22:30:55.912, 208197304982, testhost.dll, TestPluginCache.GetExtensionPaths: Filtered extension paths: 
TpTrace Verbose: 0 : 17644, 4, 2021/11/17, 22:30:55.912, 208197305429, testhost.dll, TestPluginCache.GetExtensionPaths: Added default extension paths: C:\Users\Armin\Documents\GitHub\Grupa-3-Verifikovani-i-Validirani-Softverasi\Pijaca\Zadatak 2\bin\Debug\net5.0\fine-code-coverage\build-output\Microsoft.VisualStudio.TestPlatform.MSTest.TestAdapter.dll
TpTrace Verbose: 0 : 17644, 4, 2021/11/17, 22:30:55.912, 208197305719, testhost.dll, TestPluginCache.GetExtensionPaths: Added unfilterableExtensionPaths: 
TpTrace Verbose: 0 : 17644, 4, 2021/11/17, 22:30:55.912, 208197306292, testhost.dll, TestPluginCache.DiscoverTestExtensions: Discovering the extensions using allExtensionPaths: C:\Users\Armin\Documents\GitHub\Grupa-3-Verifikovani-i-Validirani-Softverasi\Pijaca\Zadatak 2\bin\Debug\net5.0\fine-code-coverage\build-output\Microsoft.VisualStudio.TestPlatform.MSTest.TestAdapter.dll
TpTrace Information: 0 : 17644, 4, 2021/11/17, 22:30:55.913, 208197314478, testhost.dll, AssemblyResolver.AddSearchDirectories: Adding more searchDirectories C:\Users\Armin\Documents\GitHub\Grupa-3-Verifikovani-i-Validirani-Softverasi\Pijaca\Zadatak 2\bin\Debug\net5.0\fine-code-coverage\build-output
TpTrace Information: 0 : 17644, 4, 2021/11/17, 22:30:55.921, 208197393217, testhost.dll, AssemblyResolver.OnResolve: Microsoft.VisualStudio.TestPlatform.MSTest.TestAdapter: Resolving assembly.
TpTrace Information: 0 : 17644, 4, 2021/11/17, 22:30:55.922, 208197410040, testhost.dll, AssemblyResolver.OnResolve: Resolved assembly: Microsoft.VisualStudio.TestPlatform.MSTest.TestAdapter, from path: C:\Users\Armin\Documents\GitHub\Grupa-3-Verifikovani-i-Validirani-Softverasi\Pijaca\Zadatak 2\bin\Debug\net5.0\fine-code-coverage\build-output\Microsoft.VisualStudio.TestPlatform.MSTest.TestAdapter.dll
TpTrace Verbose: 0 : 17644, 4, 2021/11/17, 22:30:55.928, 208197465459, testhost.dll, TestPluginCache: Discovered the extensions using extension path ''.
TpTrace Verbose: 0 : 17644, 4, 2021/11/17, 22:30:55.928, 208197470037, testhost.dll, TestPluginCache: Discoverers are ''.
TpTrace Verbose: 0 : 17644, 4, 2021/11/17, 22:30:55.928, 208197471077, testhost.dll, TestPluginCache: Executors are 'executor://MSTestAdapter/v2'.
TpTrace Verbose: 0 : 17644, 4, 2021/11/17, 22:30:55.929, 208197471761, testhost.dll, TestPluginCache: Executors2 are ''.
TpTrace Verbose: 0 : 17644, 4, 2021/11/17, 22:30:55.929, 208197472399, testhost.dll, TestPluginCache: Setting providers are ''.
TpTrace Verbose: 0 : 17644, 4, 2021/11/17, 22:30:55.929, 208197473014, testhost.dll, TestPluginCache: Loggers are ''.
TpTrace Verbose: 0 : 17644, 10, 2021/11/17, 22:30:55.933, 208197519322, testhost.dll, TcpClientExtensions.MessageLoopAsync: Polling on remoteEndPoint: [::ffff:127.0.0.1]:57352 localEndPoint: [::ffff:127.0.0.1]:57353
TpTrace Verbose: 0 : 17644, 4, 2021/11/17, 22:30:55.936, 208197541641, testhost.dll, TestPluginCache.DiscoverTestExtensions: finding test extensions in assemblies ends with: TestAdapter.dll TPluginInfo: Microsoft.VisualStudio.TestPlatform.Common.ExtensionFramework.Utilities.TestExecutorPluginInformation2 TExtension: Microsoft.VisualStudio.TestPlatform.ObjectModel.Adapter.ITestExecutor2
TpTrace Verbose: 0 : 17644, 4, 2021/11/17, 22:30:55.936, 208197545754, testhost.dll, TestPluginCache.GetExtensionPaths: Filtered extension paths: 
TpTrace Verbose: 0 : 17644, 4, 2021/11/17, 22:30:55.936, 208197546524, testhost.dll, TestPluginCache.GetExtensionPaths: Added default extension paths: C:\Users\Armin\Documents\GitHub\Grupa-3-Verifikovani-i-Validirani-Softverasi\Pijaca\Zadatak 2\bin\Debug\net5.0\fine-code-coverage\build-output\Microsoft.VisualStudio.TestPlatform.MSTest.TestAdapter.dll
TpTrace Verbose: 0 : 17644, 4, 2021/11/17, 22:30:55.936, 208197546862, testhost.dll, TestPluginCache.GetExtensionPaths: Added unfilterableExtensionPaths: 
TpTrace Information: 0 : 17644, 4, 2021/11/17, 22:30:55.936, 208197548871, testhost.dll, AssemblyResolver.AddSearchDirectories: Adding more searchDirectories C:\Users\Armin\Documents\GitHub\Grupa-3-Verifikovani-i-Validirani-Softverasi\Pijaca\Zadatak 2\bin\Debug\net5.0\fine-code-coverage\build-output
TpTrace Verbose: 0 : 17644, 4, 2021/11/17, 22:30:55.936, 208197549804, testhost.dll, TestPluginCache.DiscoverTestExtensions: Discovering the extensions using extension path.
TpTrace Verbose: 0 : 17644, 4, 2021/11/17, 22:30:55.936, 208197550244, testhost.dll, TestPluginCache.GetExtensionPaths: Filtered extension paths: 
TpTrace Verbose: 0 : 17644, 4, 2021/11/17, 22:30:55.936, 208197550562, testhost.dll, TestPluginCache.GetExtensionPaths: Added default extension paths: C:\Users\Armin\Documents\GitHub\Grupa-3-Verifikovani-i-Validirani-Softverasi\Pijaca\Zadatak 2\bin\Debug\net5.0\fine-code-coverage\build-output\Microsoft.VisualStudio.TestPlatform.MSTest.TestAdapter.dll
TpTrace Verbose: 0 : 17644, 4, 2021/11/17, 22:30:55.936, 208197550854, testhost.dll, TestPluginCache.GetExtensionPaths: Added unfilterableExtensionPaths: 
TpTrace Verbose: 0 : 17644, 4, 2021/11/17, 22:30:55.936, 208197551164, testhost.dll, TestPluginCache.DiscoverTestExtensions: Discovering the extensions using allExtensionPaths: C:\Users\Armin\Documents\GitHub\Grupa-3-Verifikovani-i-Validirani-Softverasi\Pijaca\Zadatak 2\bin\Debug\net5.0\fine-code-coverage\build-output\Microsoft.VisualStudio.TestPlatform.MSTest.TestAdapter.dll
TpTrace Information: 0 : 17644, 4, 2021/11/17, 22:30:55.937, 208197551644, testhost.dll, AssemblyResolver.AddSearchDirectories: Adding more searchDirectories C:\Users\Armin\Documents\GitHub\Grupa-3-Verifikovani-i-Validirani-Softverasi\Pijaca\Zadatak 2\bin\Debug\net5.0\fine-code-coverage\build-output
TpTrace Verbose: 0 : 17644, 4, 2021/11/17, 22:30:55.937, 208197553811, testhost.dll, TestPluginCache: Discovered the extensions using extension path ''.
TpTrace Verbose: 0 : 17644, 4, 2021/11/17, 22:30:55.937, 208197554306, testhost.dll, TestPluginCache: Discoverers are ''.
TpTrace Verbose: 0 : 17644, 4, 2021/11/17, 22:30:55.937, 208197554724, testhost.dll, TestPluginCache: Executors are 'executor://MSTestAdapter/v2'.
TpTrace Verbose: 0 : 17644, 4, 2021/11/17, 22:30:55.937, 208197555395, testhost.dll, TestPluginCache: Executors2 are ''.
TpTrace Verbose: 0 : 17644, 4, 2021/11/17, 22:30:55.937, 208197555798, testhost.dll, TestPluginCache: Setting providers are ''.
TpTrace Verbose: 0 : 17644, 4, 2021/11/17, 22:30:55.937, 208197556104, testhost.dll, TestPluginCache: Loggers are ''.
TpTrace Information: 0 : 17644, 4, 2021/11/17, 22:30:55.942, 208197605847, testhost.dll, TestPluginManager.CreateTestExtension: Attempting to load test extension: Microsoft.VisualStudio.TestPlatform.MSTest.TestAdapter.MSTestExecutor
TpTrace Verbose: 0 : 17644, 4, 2021/11/17, 22:30:55.960, 208197791283, testhost.dll, TestExecutorExtensionManager: Loading executor Microsoft.VisualStudio.TestPlatform.MSTest.TestAdapter.MSTestExecutor
TpTrace Verbose: 0 : 17644, 4, 2021/11/17, 22:30:55.961, 208197792866, testhost.dll, TestExecutorService: Loaded the executors
TpTrace Verbose: 0 : 17644, 4, 2021/11/17, 22:30:55.962, 208197803362, testhost.dll, TestPluginCache.DiscoverTestExtensions: finding test extensions in assemblies ends with: TestAdapter.dll TPluginInfo: Microsoft.VisualStudio.TestPlatform.Common.ExtensionFramework.Utilities.TestSettingsProviderPluginInformation TExtension: Microsoft.VisualStudio.TestPlatform.ObjectModel.Adapter.ISettingsProvider
TpTrace Verbose: 0 : 17644, 4, 2021/11/17, 22:30:55.962, 208197805505, testhost.dll, TestPluginCache.GetExtensionPaths: Filtered extension paths: 
TpTrace Verbose: 0 : 17644, 4, 2021/11/17, 22:30:55.962, 208197806040, testhost.dll, TestPluginCache.GetExtensionPaths: Added default extension paths: C:\Users\Armin\Documents\GitHub\Grupa-3-Verifikovani-i-Validirani-Softverasi\Pijaca\Zadatak 2\bin\Debug\net5.0\fine-code-coverage\build-output\Microsoft.VisualStudio.TestPlatform.MSTest.TestAdapter.dll
TpTrace Verbose: 0 : 17644, 4, 2021/11/17, 22:30:55.962, 208197806668, testhost.dll, TestPluginCache.GetExtensionPaths: Added unfilterableExtensionPaths: 
TpTrace Information: 0 : 17644, 4, 2021/11/17, 22:30:55.962, 208197808542, testhost.dll, AssemblyResolver.AddSearchDirectories: Adding more searchDirectories C:\Users\Armin\Documents\GitHub\Grupa-3-Verifikovani-i-Validirani-Softverasi\Pijaca\Zadatak 2\bin\Debug\net5.0\fine-code-coverage\build-output
TpTrace Verbose: 0 : 17644, 4, 2021/11/17, 22:30:55.962, 208197809634, testhost.dll, TestPluginCache.DiscoverTestExtensions: Discovering the extensions using extension path.
TpTrace Verbose: 0 : 17644, 4, 2021/11/17, 22:30:55.962, 208197810209, testhost.dll, TestPluginCache.GetExtensionPaths: Filtered extension paths: 
TpTrace Verbose: 0 : 17644, 4, 2021/11/17, 22:30:55.962, 208197810508, testhost.dll, TestPluginCache.GetExtensionPaths: Added default extension paths: C:\Users\Armin\Documents\GitHub\Grupa-3-Verifikovani-i-Validirani-Softverasi\Pijaca\Zadatak 2\bin\Debug\net5.0\fine-code-coverage\build-output\Microsoft.VisualStudio.TestPlatform.MSTest.TestAdapter.dll
TpTrace Verbose: 0 : 17644, 4, 2021/11/17, 22:30:55.962, 208197810959, testhost.dll, TestPluginCache.GetExtensionPaths: Added unfilterableExtensionPaths: 
TpTrace Verbose: 0 : 17644, 4, 2021/11/17, 22:30:55.962, 208197811427, testhost.dll, TestPluginCache.DiscoverTestExtensions: Discovering the extensions using allExtensionPaths: C:\Users\Armin\Documents\GitHub\Grupa-3-Verifikovani-i-Validirani-Softverasi\Pijaca\Zadatak 2\bin\Debug\net5.0\fine-code-coverage\build-output\Microsoft.VisualStudio.TestPlatform.MSTest.TestAdapter.dll
TpTrace Information: 0 : 17644, 4, 2021/11/17, 22:30:55.963, 208197812207, testhost.dll, AssemblyResolver.AddSearchDirectories: Adding more searchDirectories C:\Users\Armin\Documents\GitHub\Grupa-3-Verifikovani-i-Validirani-Softverasi\Pijaca\Zadatak 2\bin\Debug\net5.0\fine-code-coverage\build-output
TpTrace Verbose: 0 : 17644, 4, 2021/11/17, 22:30:55.963, 208197816099, testhost.dll, TestPluginCache: Discovered the extensions using extension path ''.
TpTrace Verbose: 0 : 17644, 4, 2021/11/17, 22:30:55.963, 208197821060, testhost.dll, TestPluginCache: Discoverers are ''.
TpTrace Verbose: 0 : 17644, 4, 2021/11/17, 22:30:55.964, 208197825118, testhost.dll, TestPluginCache: Executors are 'executor://MSTestAdapter/v2'.
TpTrace Verbose: 0 : 17644, 4, 2021/11/17, 22:30:55.964, 208197827682, testhost.dll, TestPluginCache: Executors2 are ''.
TpTrace Verbose: 0 : 17644, 4, 2021/11/17, 22:30:55.964, 208197829957, testhost.dll, TestPluginCache: Setting providers are ''.
TpTrace Verbose: 0 : 17644, 4, 2021/11/17, 22:30:55.964, 208197831140, testhost.dll, TestPluginCache: Loggers are ''.
TpTrace Verbose: 0 : 17644, 4, 2021/11/17, 22:30:55.969, 208197872325, testhost.dll, TestExecutorService: Loaded the settings providers
TpTrace Information: 0 : 17644, 4, 2021/11/17, 22:30:55.969, 208197876173, testhost.dll, TestExecutorService: Loaded the extensions
TpTrace Information: 0 : 17644, 4, 2021/11/17, 22:30:56.057, 208198758105, testhost.dll, TestDiscoveryManager: Discovering tests from sources C:\Users\Armin\Documents\GitHub\Grupa-3-Verifikovani-i-Validirani-Softverasi\Pijaca\Zadatak 2\bin\Debug\net5.0\fine-code-coverage\build-output\Zadatak 2.dll
TpTrace Verbose: 0 : 17644, 4, 2021/11/17, 22:30:56.060, 208198782155, testhost.dll, TestPluginCache.DiscoverTestExtensions: finding test extensions in assemblies ends with: TestAdapter.dll TPluginInfo: Microsoft.VisualStudio.TestPlatform.Common.ExtensionFramework.Utilities.TestDiscovererPluginInformation TExtension: Microsoft.VisualStudio.TestPlatform.ObjectModel.Adapter.ITestDiscoverer
TpTrace Verbose: 0 : 17644, 4, 2021/11/17, 22:30:56.060, 208198783891, testhost.dll, TestPluginCache.GetExtensionPaths: Filtered extension paths: 
TpTrace Verbose: 0 : 17644, 4, 2021/11/17, 22:30:56.060, 208198784478, testhost.dll, TestPluginCache.GetExtensionPaths: Added default extension paths: C:\Users\Armin\Documents\GitHub\Grupa-3-Verifikovani-i-Validirani-Softverasi\Pijaca\Zadatak 2\bin\Debug\net5.0\fine-code-coverage\build-output\Microsoft.VisualStudio.TestPlatform.MSTest.TestAdapter.dll
TpTrace Verbose: 0 : 17644, 4, 2021/11/17, 22:30:56.060, 208198784821, testhost.dll, TestPluginCache.GetExtensionPaths: Added unfilterableExtensionPaths: 
TpTrace Information: 0 : 17644, 4, 2021/11/17, 22:30:56.060, 208198786262, testhost.dll, AssemblyResolver.AddSearchDirectories: Adding more searchDirectories C:\Users\Armin\Documents\GitHub\Grupa-3-Verifikovani-i-Validirani-Softverasi\Pijaca\Zadatak 2\bin\Debug\net5.0\fine-code-coverage\build-output
TpTrace Verbose: 0 : 17644, 4, 2021/11/17, 22:30:56.060, 208198786856, testhost.dll, TestPluginCache.DiscoverTestExtensions: Discovering the extensions using extension path.
TpTrace Verbose: 0 : 17644, 4, 2021/11/17, 22:30:56.060, 208198787212, testhost.dll, TestPluginCache.GetExtensionPaths: Filtered extension paths: 
TpTrace Verbose: 0 : 17644, 4, 2021/11/17, 22:30:56.060, 208198787534, testhost.dll, TestPluginCache.GetExtensionPaths: Added default extension paths: C:\Users\Armin\Documents\GitHub\Grupa-3-Verifikovani-i-Validirani-Softverasi\Pijaca\Zadatak 2\bin\Debug\net5.0\fine-code-coverage\build-output\Microsoft.VisualStudio.TestPlatform.MSTest.TestAdapter.dll
TpTrace Verbose: 0 : 17644, 4, 2021/11/17, 22:30:56.060, 208198787839, testhost.dll, TestPluginCache.GetExtensionPaths: Added unfilterableExtensionPaths: 
TpTrace Verbose: 0 : 17644, 4, 2021/11/17, 22:30:56.060, 208198788207, testhost.dll, TestPluginCache.DiscoverTestExtensions: Discovering the extensions using allExtensionPaths: C:\Users\Armin\Documents\GitHub\Grupa-3-Verifikovani-i-Validirani-Softverasi\Pijaca\Zadatak 2\bin\Debug\net5.0\fine-code-coverage\build-output\Microsoft.VisualStudio.TestPlatform.MSTest.TestAdapter.dll
TpTrace Information: 0 : 17644, 4, 2021/11/17, 22:30:56.060, 208198788667, testhost.dll, AssemblyResolver.AddSearchDirectories: Adding more searchDirectories C:\Users\Armin\Documents\GitHub\Grupa-3-Verifikovani-i-Validirani-Softverasi\Pijaca\Zadatak 2\bin\Debug\net5.0\fine-code-coverage\build-output
TpTrace Verbose: 0 : 17644, 4, 2021/11/17, 22:30:56.062, 208198811512, testhost.dll, TestPluginCache: Discovered the extensions using extension path ''.
TpTrace Verbose: 0 : 17644, 4, 2021/11/17, 22:30:56.063, 208198812909, testhost.dll, TestPluginCache: Discoverers are 'Microsoft.VisualStudio.TestPlatform.MSTest.TestAdapter.MSTestDiscoverer, Microsoft.VisualStudio.TestPlatform.MSTest.TestAdapter, Version=14.0.0.0, Culture=neutral, PublicKeyToken=b03f5f7f11d50a3a'.
TpTrace Verbose: 0 : 17644, 4, 2021/11/17, 22:30:56.063, 208198813345, testhost.dll, TestPluginCache: Executors are 'executor://MSTestAdapter/v2'.
TpTrace Verbose: 0 : 17644, 4, 2021/11/17, 22:30:56.063, 208198813681, testhost.dll, TestPluginCache: Executors2 are ''.
TpTrace Verbose: 0 : 17644, 4, 2021/11/17, 22:30:56.063, 208198814096, testhost.dll, TestPluginCache: Setting providers are ''.
TpTrace Verbose: 0 : 17644, 4, 2021/11/17, 22:30:56.063, 208198814441, testhost.dll, TestPluginCache: Loggers are ''.
TpTrace Verbose: 0 : 17644, 4, 2021/11/17, 22:30:56.073, 208198917983, testhost.dll, BaseRunTests.RunTestInternalWithExecutors: Running tests for executor://MSTestAdapter/v2
TpTrace Information: 0 : 17644, 4, 2021/11/17, 22:30:56.074, 208198924779, testhost.dll, AssemblyResolver.OnResolve: Microsoft.VisualStudio.TestPlatform.MSTestAdapter.PlatformServices.Interface: Resolving assembly.
TpTrace Information: 0 : 17644, 4, 2021/11/17, 22:30:56.075, 208198932972, testhost.dll, AssemblyResolver.OnResolve: Resolved assembly: Microsoft.VisualStudio.TestPlatform.MSTestAdapter.PlatformServices.Interface, from path: C:\Users\Armin\Documents\GitHub\Grupa-3-Verifikovani-i-Validirani-Softverasi\Pijaca\Zadatak 2\bin\Debug\net5.0\fine-code-coverage\build-output\Microsoft.VisualStudio.TestPlatform.MSTestAdapter.PlatformServices.Interface.dll
TpTrace Information: 0 : 17644, 4, 2021/11/17, 22:30:56.076, 208198945849, testhost.dll, AssemblyResolver.OnResolve: Microsoft.VisualStudio.TestPlatform.MSTestAdapter.PlatformServices: Resolving assembly.
TpTrace Information: 0 : 17644, 4, 2021/11/17, 22:30:56.077, 208198952270, testhost.dll, AssemblyResolver.OnResolve: Resolved assembly: Microsoft.VisualStudio.TestPlatform.MSTestAdapter.PlatformServices, from path: C:\Users\Armin\Documents\GitHub\Grupa-3-Verifikovani-i-Validirani-Softverasi\Pijaca\Zadatak 2\bin\Debug\net5.0\fine-code-coverage\build-output\Microsoft.VisualStudio.TestPlatform.MSTestAdapter.PlatformServices.dll
TpTrace Information: 0 : 17644, 4, 2021/11/17, 22:30:56.077, 208198955849, testhost.dll, MSTest - MSTestExecutor.RunTests: Running tests from sources.
TpTrace Information: 0 : 17644, 4, 2021/11/17, 22:30:56.080, 208198988096, testhost.dll, MSTest - CollectSourceInformation value Found : False 
TpTrace Information: 0 : 17644, 4, 2021/11/17, 22:30:56.108, 208199265684, testhost.dll, AssemblyResolver.OnResolve: Microsoft.TestPlatform.AdapterUtilities: Resolving assembly.
TpTrace Information: 0 : 17644, 4, 2021/11/17, 22:30:56.109, 208199274704, testhost.dll, AssemblyResolver.OnResolve: Resolved assembly: Microsoft.TestPlatform.AdapterUtilities, from path: C:\Users\Armin\Documents\GitHub\Grupa-3-Verifikovani-i-Validirani-Softverasi\Pijaca\Zadatak 2\bin\Debug\net5.0\fine-code-coverage\build-output\Microsoft.TestPlatform.AdapterUtilities.dll
TpTrace Information: 0 : 17644, 4, 2021/11/17, 22:30:56.125, 208199440519, testhost.dll, MSTest - MSTestDiscoverer: Found 5 tests from source C:\Users\Armin\Documents\GitHub\Grupa-3-Verifikovani-i-Validirani-Softverasi\Pijaca\Zadatak 2\bin\Debug\net5.0\fine-code-coverage\build-output\Zadatak 2.dll
TpTrace Information: 0 : 17644, 4, 2021/11/17, 22:30:56.145, 208199636718, testhost.dll, AssemblyResolver.OnResolve: Microsoft.VisualStudio.TestPlatform.MSTestAdapter.PlatformServices.resources: Resolving assembly.
TpTrace Information: 0 : 17644, 4, 2021/11/17, 22:30:56.145, 208199640283, testhost.dll, AssemblyResolver.OnResolve: Microsoft.VisualStudio.TestPlatform.MSTestAdapter.PlatformServices.resources: Failed to load assembly.
TpTrace Information: 0 : 17644, 4, 2021/11/17, 22:30:56.146, 208199645636, testhost.dll, AssemblyResolver.OnResolve: Microsoft.VisualStudio.TestPlatform.MSTestAdapter.PlatformServices.resources: Resolving assembly.
TpTrace Information: 0 : 17644, 4, 2021/11/17, 22:30:56.146, 208199646564, testhost.dll, AssemblyResolver.OnResolve: Microsoft.VisualStudio.TestPlatform.MSTestAdapter.PlatformServices.resources: Resolved from cache.
TpTrace Information: 0 : 17644, 4, 2021/11/17, 22:30:56.165, 208199832184, testhost.dll, MSTest - Created unit-test runner C:\Users\Armin\Documents\GitHub\Grupa-3-Verifikovani-i-Validirani-Softverasi\Pijaca\Zadatak 2\bin\Debug\net5.0\fine-code-coverage\build-output\Zadatak 2.dll
TpTrace Verbose: 0 : 17644, 4, 2021/11/17, 22:30:56.173, 208199915816, testhost.dll, TestExecutionRecorder.RecordStart: Starting test: Zadatak_2.TDD.TestZamjenskiObjekat.
TpTrace Information: 0 : 17644, 4, 2021/11/17, 22:30:56.273, 208200918533, testhost.dll, MSTest - Executing test TestZamjenskiObjekat
TpTrace Information: 0 : 17644, 4, 2021/11/17, 22:30:56.323, 208201414536, testhost.dll, AssemblyResolver.OnResolve: Microsoft.VisualStudio.TestPlatform.MSTest.TestAdapter.resources: Resolving assembly.
TpTrace Information: 0 : 17644, 4, 2021/11/17, 22:30:56.323, 208201416251, testhost.dll, AssemblyResolver.OnResolve: Microsoft.VisualStudio.TestPlatform.MSTest.TestAdapter.resources: Failed to load assembly.
TpTrace Information: 0 : 17644, 4, 2021/11/17, 22:30:56.354, 208201731299, testhost.dll, MSTest - Executed test TestZamjenskiObjekat
TpTrace Verbose: 0 : 17644, 4, 2021/11/17, 22:30:56.358, 208201767399, testhost.dll, TestExecutionRecorder.RecordEnd: test: Zadatak_2.TDD.TestZamjenskiObjekat execution completed.
TpTrace Information: 0 : 17644, 4, 2021/11/17, 22:30:56.378, 208201969902, testhost.dll, MSTest - MSTestExecutor:Test Zadatak_2.TDD.TestZamjenskiObjekat failed. ErrorMessage:Test method Zadatak_2.TDD.TestZamjenskiObjekat threw exception: 
System.NotImplementedException: The method or operation is not implemented., ErrorStackTrace:    at Pijaca.Inspekcija.ŠtandIspravan(Štand š) in C:\Users\Armin\Documents\GitHub\Grupa-3-Verifikovani-i-Validirani-Softverasi\Pijaca\Pijaca\Inspekcija.cs:line 18
   at Pijaca.Tržnica.IzvršiInspekciju(IInspekcija inspekcija) in C:\Users\Armin\Documents\GitHub\Grupa-3-Verifikovani-i-Validirani-Softverasi\Pijaca\Pijaca\Tržnica.cs:line 156
   at Zadatak_2.TDD.TestZamjenskiObjekat() in C:\Users\Armin\Documents\GitHub\Grupa-3-Verifikovani-i-Validirani-Softverasi\Pijaca\Zadatak 2\TDD.cs:line 35
.
TpTrace Verbose: 0 : 17644, 4, 2021/11/17, 22:30:56.379, 208201976513, testhost.dll, TestExecutionRecorder.RecordResult: Received result for test: Zadatak_2.TDD.TestZamjenskiObjekat.
TpTrace Warning: 0 : 17644, 4, 2021/11/17, 22:30:56.386, 208202043682, testhost.dll, TestRunCache: InProgressTests is null
TpTrace Warning: 0 : 17644, 4, 2021/11/17, 22:30:56.386, 208202046468, testhost.dll, TestRunCache: No test found corresponding to testResult '' in inProgress list.
TpTrace Verbose: 0 : 17644, 4, 2021/11/17, 22:30:56.386, 208202047627, testhost.dll, TestExecutionRecorder.RecordStart: Starting test: Zadatak_2.TDD.DodavanjeMesnihProizvoda.
TpTrace Information: 0 : 17644, 4, 2021/11/17, 22:30:56.387, 208202061030, testhost.dll, MSTest - Executing test DodavanjeMesnihProizvoda
TpTrace Information: 0 : 17644, 4, 2021/11/17, 22:30:56.395, 208202135287, testhost.dll, MSTest - Executed test DodavanjeMesnihProizvoda
TpTrace Verbose: 0 : 17644, 4, 2021/11/17, 22:30:56.395, 208202136472, testhost.dll, TestExecutionRecorder.RecordEnd: test: Zadatak_2.TDD.DodavanjeMesnihProizvoda execution completed.
TpTrace Information: 0 : 17644, 4, 2021/11/17, 22:30:56.396, 208202148478, testhost.dll, MSTest - MSTestExecutor:Test Zadatak_2.TDD.DodavanjeMesnihProizvoda failed. ErrorMessage:Test method Zadatak_2.TDD.DodavanjeMesnihProizvoda threw exception: 
System.NotImplementedException: The method or operation is not implemented., ErrorStackTrace:    at Pijaca.Tržnica.DodajTipskeNamirnice(Namirnica vrsta, Boolean svi) in C:\Users\Armin\Documents\GitHub\Grupa-3-Verifikovani-i-Validirani-Softverasi\Pijaca\Pijaca\Tržnica.cs:line 120
   at Zadatak_2.TDD.DodavanjeMesnihProizvoda() in C:\Users\Armin\Documents\GitHub\Grupa-3-Verifikovani-i-Validirani-Softverasi\Pijaca\Zadatak 2\TDD.cs:line 57
.
TpTrace Verbose: 0 : 17644, 4, 2021/11/17, 22:30:56.396, 208202149596, testhost.dll, TestExecutionRecorder.RecordResult: Received result for test: Zadatak_2.TDD.DodavanjeMesnihProizvoda.
TpTrace Warning: 0 : 17644, 4, 2021/11/17, 22:30:56.396, 208202151043, testhost.dll, TestRunCache: InProgressTests is null
TpTrace Warning: 0 : 17644, 4, 2021/11/17, 22:30:56.397, 208202152770, testhost.dll, TestRunCache: No test found corresponding to testResult '' in inProgress list.
TpTrace Verbose: 0 : 17644, 4, 2021/11/17, 22:30:56.397, 208202153959, testhost.dll, TestExecutionRecorder.RecordStart: Starting test: Zadatak_2.TDD.DodavanjeVoćaIBrisanje.
TpTrace Information: 0 : 17644, 4, 2021/11/17, 22:30:56.401, 208202198596, testhost.dll, MSTest - Executing test DodavanjeVoćaIBrisanje
TpTrace Information: 0 : 17644, 4, 2021/11/17, 22:30:56.404, 208202224100, testhost.dll, MSTest - Executed test DodavanjeVoćaIBrisanje
TpTrace Verbose: 0 : 17644, 4, 2021/11/17, 22:30:56.404, 208202225328, testhost.dll, TestExecutionRecorder.RecordEnd: test: Zadatak_2.TDD.DodavanjeVoćaIBrisanje execution completed.
TpTrace Information: 0 : 17644, 4, 2021/11/17, 22:30:56.408, 208202267674, testhost.dll, MSTest - MSTestExecutor:Test Zadatak_2.TDD.DodavanjeVoćaIBrisanje failed. ErrorMessage:Test method Zadatak_2.TDD.DodavanjeVoćaIBrisanje threw exception: 
System.NotImplementedException: The method or operation is not implemented., ErrorStackTrace:    at Pijaca.Tržnica.DodajTipskeNamirnice(Namirnica vrsta, Boolean svi) in C:\Users\Armin\Documents\GitHub\Grupa-3-Verifikovani-i-Validirani-Softverasi\Pijaca\Pijaca\Tržnica.cs:line 120
   at Zadatak_2.TDD.DodavanjeVoćaIBrisanje() in C:\Users\Armin\Documents\GitHub\Grupa-3-Verifikovani-i-Validirani-Softverasi\Pijaca\Zadatak 2\TDD.cs:line 80
.
TpTrace Verbose: 0 : 17644, 4, 2021/11/17, 22:30:56.408, 208202268600, testhost.dll, TestExecutionRecorder.RecordResult: Received result for test: Zadatak_2.TDD.DodavanjeVoćaIBrisanje.
TpTrace Warning: 0 : 17644, 4, 2021/11/17, 22:30:56.408, 208202269122, testhost.dll, TestRunCache: InProgressTests is null
TpTrace Warning: 0 : 17644, 4, 2021/11/17, 22:30:56.408, 208202269407, testhost.dll, TestRunCache: No test found corresponding to testResult '' in inProgress list.
TpTrace Verbose: 0 : 17644, 4, 2021/11/17, 22:30:56.408, 208202270026, testhost.dll, TestExecutionRecorder.RecordStart: Starting test: Zadatak_2.TDD.NepodržaniTipDodavanja.
TpTrace Information: 0 : 17644, 4, 2021/11/17, 22:30:56.410, 208202288677, testhost.dll, MSTest - Executing test NepodržaniTipDodavanja
TpTrace Information: 0 : 17644, 4, 2021/11/17, 22:30:56.412, 208202305904, testhost.dll, AssemblyResolver.OnResolve: Microsoft.VisualStudio.TestPlatform.TestFramework.resources: Resolving assembly.
TpTrace Information: 0 : 17644, 4, 2021/11/17, 22:30:56.412, 208202307331, testhost.dll, AssemblyResolver.OnResolve: Microsoft.VisualStudio.TestPlatform.TestFramework.resources: Failed to load assembly.
TpTrace Information: 0 : 17644, 4, 2021/11/17, 22:30:56.413, 208202315362, testhost.dll, MSTest - Executed test NepodržaniTipDodavanja
TpTrace Verbose: 0 : 17644, 4, 2021/11/17, 22:30:56.413, 208202316284, testhost.dll, TestExecutionRecorder.RecordEnd: test: Zadatak_2.TDD.NepodržaniTipDodavanja execution completed.
TpTrace Information: 0 : 17644, 4, 2021/11/17, 22:30:56.417, 208202356635, testhost.dll, MSTest - MSTestExecutor:Test Zadatak_2.TDD.NepodržaniTipDodavanja failed. ErrorMessage:Test method threw exception System.NotImplementedException, but exception System.InvalidOperationException was expected. Exception message: System.NotImplementedException: The method or operation is not implemented., ErrorStackTrace:   at Pijaca.Tržnica.DodajTipskeNamirnice(Namirnica vrsta, Boolean svi) in C:\Users\Armin\Documents\GitHub\Grupa-3-Verifikovani-i-Validirani-Softverasi\Pijaca\Pijaca\Tržnica.cs:line 120
   at Zadatak_2.TDD.NepodržaniTipDodavanja() in C:\Users\Armin\Documents\GitHub\Grupa-3-Verifikovani-i-Validirani-Softverasi\Pijaca\Zadatak 2\TDD.cs:line 100
.
TpTrace Verbose: 0 : 17644, 4, 2021/11/17, 22:30:56.417, 208202357930, testhost.dll, TestExecutionRecorder.RecordResult: Received result for test: Zadatak_2.TDD.NepodržaniTipDodavanja.
TpTrace Warning: 0 : 17644, 4, 2021/11/17, 22:30:56.417, 208202358752, testhost.dll, TestRunCache: InProgressTests is null
TpTrace Warning: 0 : 17644, 4, 2021/11/17, 22:30:56.417, 208202359066, testhost.dll, TestRunCache: No test found corresponding to testResult '' in inProgress list.
TpTrace Verbose: 0 : 17644, 4, 2021/11/17, 22:30:56.417, 208202360023, testhost.dll, TestExecutionRecorder.RecordStart: Starting test: Zadatak_2.TDD.NemogućeDodavanjeUzBrisanje.
TpTrace Information: 0 : 17644, 4, 2021/11/17, 22:30:56.419, 208202375637, testhost.dll, MSTest - Executing test NemogućeDodavanjeUzBrisanje
TpTrace Information: 0 : 17644, 4, 2021/11/17, 22:30:56.420, 208202385364, testhost.dll, MSTest - Executed test NemogućeDodavanjeUzBrisanje
TpTrace Verbose: 0 : 17644, 4, 2021/11/17, 22:30:56.420, 208202386114, testhost.dll, TestExecutionRecorder.RecordEnd: test: Zadatak_2.TDD.NemogućeDodavanjeUzBrisanje execution completed.
TpTrace Information: 0 : 17644, 4, 2021/11/17, 22:30:56.421, 208202397116, testhost.dll, MSTest - MSTestExecutor:Test Zadatak_2.TDD.NemogućeDodavanjeUzBrisanje failed. ErrorMessage:Test method threw exception System.NotImplementedException, but exception System.InvalidOperationException was expected. Exception message: System.NotImplementedException: The method or operation is not implemented., ErrorStackTrace:   at Pijaca.Tržnica.DodajTipskeNamirnice(Namirnica vrsta, Boolean svi) in C:\Users\Armin\Documents\GitHub\Grupa-3-Verifikovani-i-Validirani-Softverasi\Pijaca\Pijaca\Tržnica.cs:line 120
   at Zadatak_2.TDD.NemogućeDodavanjeUzBrisanje() in C:\Users\Armin\Documents\GitHub\Grupa-3-Verifikovani-i-Validirani-Softverasi\Pijaca\Zadatak 2\TDD.cs:line 113
.
TpTrace Verbose: 0 : 17644, 4, 2021/11/17, 22:30:56.421, 208202397787, testhost.dll, TestExecutionRecorder.RecordResult: Received result for test: Zadatak_2.TDD.NemogućeDodavanjeUzBrisanje.
TpTrace Warning: 0 : 17644, 4, 2021/11/17, 22:30:56.421, 208202398243, testhost.dll, TestRunCache: InProgressTests is null
TpTrace Warning: 0 : 17644, 4, 2021/11/17, 22:30:56.421, 208202398525, testhost.dll, TestRunCache: No test found corresponding to testResult '' in inProgress list.
TpTrace Information: 0 : 17644, 4, 2021/11/17, 22:30:56.421, 208202400530, testhost.dll, MSTest - Executing cleanup methods.
TpTrace Information: 0 : 17644, 4, 2021/11/17, 22:30:56.423, 208202412836, testhost.dll, MSTest - Executed cleanup methods.
TpTrace Information: 0 : 17644, 4, 2021/11/17, 22:30:56.423, 208202413549, testhost.dll, MSTest - Executed tests belonging to source C:\Users\Armin\Documents\GitHub\Grupa-3-Verifikovani-i-Validirani-Softverasi\Pijaca\Zadatak 2\bin\Debug\net5.0\fine-code-coverage\build-output\Zadatak 2.dll
TpTrace Verbose: 0 : 17644, 4, 2021/11/17, 22:30:56.423, 208202416731, testhost.dll, BaseRunTests.RunTestInternalWithExecutors: Completed running tests for executor://MSTestAdapter/v2
TpTrace Information: 0 : 17644, 4, 2021/11/17, 22:30:56.426, 208202444075, testhost.dll, Sending test run complete
TpTrace Verbose: 0 : 17644, 4, 2021/11/17, 22:30:56.476, 208202946073, testhost.dll, TestRequestHandler.SendData:  sending data from testhost: {"Version":5,"MessageType":"TestExecution.Completed","Payload":{"TestRunCompleteArgs":{"TestRunStatistics":{"ExecutedTests":5,"Stats":{"Failed":5}},"IsCanceled":false,"IsAborted":false,"Error":null,"AttachmentSets":[],"ElapsedTimeInRunningTests":"00:00:00.3553616","Metrics":{}},"LastRunTests":{"NewTestResults":[{"TestCase":{"Id":"cd075b4d-61b2-de77-403b-0cfb69a56f47","FullyQualifiedName":"Zadatak_2.TDD.TestZamjenskiObjekat","DisplayName":"TestZamjenskiObjekat","ExecutorUri":"executor://MSTestAdapter/v2","Source":"C:\\Users\\Armin\\Documents\\GitHub\\Grupa-3-Verifikovani-i-Validirani-Softverasi\\Pijaca\\Zadatak 2\\bin\\Debug\\net5.0\\fine-code-coverage\\build-output\\Zadatak 2.dll","CodeFilePath":null,"LineNumber":-1,"Properties":[{"Key":{"Id":"TestCase.ManagedType","Label":"ManagedType","Category":"","Description":"","Attributes":1,"ValueType":"System.String"},"Value":"Zadatak_2.TDD"},{"Key":{"Id":"TestCase.ManagedMethod","Label":"ManagedMethod","Category":"","Description":"","Attributes":1,"ValueType":"System.String"},"Value":"TestZamjenskiObjekat"},{"Key":{"Id":"MSTestDiscoverer.TestClassName","Label":"ClassName","Category":"","Description":"","Attributes":1,"ValueType":"System.String"},"Value":"Zadatak_2.TDD"},{"Key":{"Id":"TestObject.Traits","Label":"Traits","Category":"","Description":"","Attributes":5,"ValueType":"System.Collections.Generic.KeyValuePair`2[[System.String],[System.String]][]"},"Value":[]}]},"Attachments":[],"Outcome":2,"ErrorMessage":"Test method Zadatak_2.TDD.TestZamjenskiObjekat threw exception: \r\nSystem.NotImplementedException: The method or operation is not implemented.","ErrorStackTrace":"    at Pijaca.Inspekcija.ŠtandIspravan(Štand š) in C:\\Users\\Armin\\Documents\\GitHub\\Grupa-3-Verifikovani-i-Validirani-Softverasi\\Pijaca\\Pijaca\\Inspekcija.cs:line 18\r\n   at Pijaca.Tržnica.IzvršiInspekciju(IInspekcija inspekcija) in C:\\Users\\Armin\\Documents\\GitHub\\Grupa-3-Verifikovani-i-Validirani-Softverasi\\Pijaca\\Pijaca\\Tržnica.cs:line 156\r\n   at Zadatak_2.TDD.TestZamjenskiObjekat() in C:\\Users\\Armin\\Documents\\GitHub\\Grupa-3-Verifikovani-i-Validirani-Softverasi\\Pijaca\\Zadatak 2\\TDD.cs:line 35\r\n","DisplayName":null,"Messages":[],"ComputerName":null,"Duration":"00:00:00.0411725","StartTime":"2021-11-17T22:30:56.2735694+01:00","EndTime":"2021-11-17T22:30:56.3550917+01:00","Properties":[{"Key":{"Id":"ExecutionId","Label":"ExecutionId","Category":"","Description":"","Attributes":1,"ValueType":"System.Guid"},"Value":"00000000-0000-0000-0000-000000000000"},{"Key":{"Id":"ParentExecId","Label":"ParentExecId","Category":"","Description":"","Attributes":1,"ValueType":"System.Guid"},"Value":"00000000-0000-0000-0000-000000000000"},{"Key":{"Id":"InnerResultsCount","Label":"InnerResultsCount","Category":"","Description":"","Attributes":1,"ValueType":"System.Int32"},"Value":0}]},{"TestCase":{"Id":"3a1d8414-af96-8075-3e91-63006d286d73","FullyQualifiedName":"Zadatak_2.TDD.DodavanjeMesnihProizvoda","DisplayName":"DodavanjeMesnihProizvoda","ExecutorUri":"executor://MSTestAdapter/v2","Source":"C:\\Users\\Armin\\Documents\\GitHub\\Grupa-3-Verifikovani-i-Validirani-Softverasi\\Pijaca\\Zadatak 2\\bin\\Debug\\net5.0\\fine-code-coverage\\build-output\\Zadatak 2.dll","CodeFilePath":null,"LineNumber":-1,"Properties":[{"Key":{"Id":"TestCase.ManagedType","Label":"ManagedType","Category":"","Description":"","Attributes":1,"ValueType":"System.String"},"Value":"Zadatak_2.TDD"},{"Key":{"Id":"TestCase.ManagedMethod","Label":"ManagedMethod","Category":"","Description":"","Attributes":1,"ValueType":"System.String"},"Value":"DodavanjeMesnihProizvoda"},{"Key":{"Id":"MSTestDiscoverer.TestClassName","Label":"ClassName","Category":"","Description":"","Attributes":1,"ValueType":"System.String"},"Value":"Zadatak_2.TDD"},{"Key":{"Id":"TestObject.Traits","Label":"Traits","Category":"","Description":"","Attributes":5,"ValueType":"System.Collections.Generic.KeyValuePair`2[[System.String],[System.String]][]"},"Value":[]}]},"Attachments":[],"Outcome":2,"ErrorMessage":"Test method Zadatak_2.TDD.DodavanjeMesnihProizvoda threw exception: \r\nSystem.NotImplementedException: The method or operation is not implemented.","ErrorStackTrace":"    at Pijaca.Tržnica.DodajTipskeNamirnice(Namirnica vrsta, Boolean svi) in C:\\Users\\Armin\\Documents\\GitHub\\Grupa-3-Verifikovani-i-Validirani-Softverasi\\Pijaca\\Pijaca\\Tržnica.cs:line 120\r\n   at Zadatak_2.TDD.DodavanjeMesnihProizvoda() in C:\\Users\\Armin\\Documents\\GitHub\\Grupa-3-Verifikovani-i-Validirani-Softverasi\\Pijaca\\Zadatak 2\\TDD.cs:line 57\r\n","DisplayName":null,"Messages":[],"ComputerName":null,"Duration":"00:00:00.0071309","StartTime":"2021-11-17T22:30:56.3879346+01:00","EndTime":"2021-11-17T22:30:56.3954739+01:00","Properties":[{"Key":{"Id":"ExecutionId","Label":"ExecutionId","Category":"","Description":"","Attributes":1,"ValueType":"System.Guid"},"Value":"00000000-0000-0000-0000-000000000000"},{"Key":{"Id":"ParentExecId","Label":"ParentExecId","Category":"","Description":"","Attributes":1,"ValueType":"System.Guid"},"Value":"00000000-0000-0000-0000-000000000000"},{"Key":{"Id":"InnerResultsCount","Label":"InnerResultsCount","Category":"","Description":"","Attributes":1,"ValueType":"System.Int32"},"Value":0}]},{"TestCase":{"Id":"3f4528f8-6f76-6b66-8987-b10996504e89","FullyQualifiedName":"Zadatak_2.TDD.DodavanjeVoćaIBrisanje","DisplayName":"DodavanjeVoćaIBrisanje","ExecutorUri":"executor://MSTestAdapter/v2","Source":"C:\\Users\\Armin\\Documents\\GitHub\\Grupa-3-Verifikovani-i-Validirani-Softverasi\\Pijaca\\Zadatak 2\\bin\\Debug\\net5.0\\fine-code-coverage\\build-output\\Zadatak 2.dll","CodeFilePath":null,"LineNumber":-1,"Properties":[{"Key":{"Id":"TestCase.ManagedType","Label":"ManagedType","Category":"","Description":"","Attributes":1,"ValueType":"System.String"},"Value":"Zadatak_2.TDD"},{"Key":{"Id":"TestCase.ManagedMethod","Label":"ManagedMethod","Category":"","Description":"","Attributes":1,"ValueType":"System.String"},"Value":"DodavanjeVoćaIBrisanje"},{"Key":{"Id":"MSTestDiscoverer.TestClassName","Label":"ClassName","Category":"","Description":"","Attributes":1,"ValueType":"System.String"},"Value":"Zadatak_2.TDD"},{"Key":{"Id":"TestObject.Traits","Label":"Traits","Category":"","Description":"","Attributes":5,"ValueType":"System.Collections.Generic.KeyValuePair`2[[System.String],[System.String]][]"},"Value":[]}]},"Attachments":[],"Outcome":2,"ErrorMessage":"Test method Zadatak_2.TDD.DodavanjeVoćaIBrisanje threw exception: \r\nSystem.NotImplementedException: The method or operation is not implemented.","ErrorStackTrace":"    at Pijaca.Tržnica.DodajTipskeNamirnice(Namirnica vrsta, Boolean svi) in C:\\Users\\Armin\\Documents\\GitHub\\Grupa-3-Verifikovani-i-Validirani-Softverasi\\Pijaca\\Pijaca\\Tržnica.cs:line 120\r\n   at Zadatak_2.TDD.DodavanjeVoćaIBrisanje() in C:\\Users\\Armin\\Documents\\GitHub\\Grupa-3-Verifikovani-i-Validirani-Softverasi\\Pijaca\\Zadatak 2\\TDD.cs:line 80\r\n","DisplayName":null,"Messages":[],"ComputerName":null,"Duration":"00:00:00.0020306","StartTime":"2021-11-17T22:30:56.4016684+01:00","EndTime":"2021-11-17T22:30:56.404363+01:00","Properties":[{"Key":{"Id":"ExecutionId","Label":"ExecutionId","Category":"","Description":"","Attributes":1,"ValueType":"System.Guid"},"Value":"00000000-0000-0000-0000-000000000000"},{"Key":{"Id":"ParentExecId","Label":"ParentExecId","Category":"","Description":"","Attributes":1,"ValueType":"System.Guid"},"Value":"00000000-0000-0000-0000-000000000000"},{"Key":{"Id":"InnerResultsCount","Label":"InnerResultsCount","Category":"","Description":"","Attributes":1,"ValueType":"System.Int32"},"Value":0}]},{"TestCase":{"Id":"94f032db-9346-302f-6689-ffa07b4ffe55","FullyQualifiedName":"Zadatak_2.TDD.NepodržaniTipDodavanja","DisplayName":"NepodržaniTipDodavanja","ExecutorUri":"executor://MSTestAdapter/v2","Source":"C:\\Users\\Armin\\Documents\\GitHub\\Grupa-3-Verifikovani-i-Validirani-Softverasi\\Pijaca\\Zadatak 2\\bin\\Debug\\net5.0\\fine-code-coverage\\build-output\\Zadatak 2.dll","CodeFilePath":null,"LineNumber":-1,"Properties":[{"Key":{"Id":"TestCase.ManagedType","Label":"ManagedType","Category":"","Description":"","Attributes":1,"ValueType":"System.String"},"Value":"Zadatak_2.TDD"},{"Key":{"Id":"TestCase.ManagedMethod","Label":"ManagedMethod","Category":"","Description":"","Attributes":1,"ValueType":"System.String"},"Value":"NepodržaniTipDodavanja"},{"Key":{"Id":"MSTestDiscoverer.TestClassName","Label":"ClassName","Category":"","Description":"","Attributes":1,"ValueType":"System.String"},"Value":"Zadatak_2.TDD"},{"Key":{"Id":"TestObject.Traits","Label":"Traits","Category":"","Description":"","Attributes":5,"ValueType":"System.Collections.Generic.KeyValuePair`2[[System.String],[System.String]][]"},"Value":[]}]},"Attachments":[],"Outcome":2,"ErrorMessage":"Test method threw exception System.NotImplementedException, but exception System.InvalidOperationException was expected. Exception message: System.NotImplementedException: The method or operation is not implemented.","ErrorStackTrace":"   at Pijaca.Tržnica.DodajTipskeNamirnice(Namirnica vrsta, Boolean svi) in C:\\Users\\Armin\\Documents\\GitHub\\Grupa-3-Verifikovani-i-Validirani-Softverasi\\Pijaca\\Pijaca\\Tržnica.cs:line 120\r\n   at Zadatak_2.TDD.NepodržaniTipDodavanja() in C:\\Users\\Armin\\Documents\\GitHub\\Grupa-3-Verifikovani-i-Validirani-Softverasi\\Pijaca\\Zadatak 2\\TDD.cs:line 100\r\n","DisplayName":null,"Messages":[],"ComputerName":null,"Duration":"00:00:00.0022874","StartTime":"2021-11-17T22:30:56.4106967+01:00","EndTime":"2021-11-17T22:30:56.41345+01:00","Properties":[{"Key":{"Id":"ExecutionId","Label":"ExecutionId","Category":"","Description":"","Attributes":1,"ValueType":"System.Guid"},"Value":"00000000-0000-0000-0000-000000000000"},{"Key":{"Id":"ParentExecId","Label":"ParentExecId","Category":"","Description":"","Attributes":1,"ValueType":"System.Guid"},"Value":"00000000-0000-0000-0000-000000000000"},{"Key":{"Id":"InnerResultsCount","Label":"InnerResultsCount","Category":"","Description":"","Attributes":1,"ValueType":"System.Int32"},"Value":0}]},{"TestCase":{"Id":"0e86f05c-b4ae-450e-5451-e8f8450dc484","FullyQualifiedName":"Zadatak_2.TDD.NemogućeDodavanjeUzBrisanje","DisplayName":"NemogućeDodavanjeUzBrisanje","ExecutorUri":"executor://MSTestAdapter/v2","Source":"C:\\Users\\Armin\\Documents\\GitHub\\Grupa-3-Verifikovani-i-Validirani-Softverasi\\Pijaca\\Zadatak 2\\bin\\Debug\\net5.0\\fine-code-coverage\\build-output\\Zadatak 2.dll","CodeFilePath":null,"LineNumber":-1,"Properties":[{"Key":{"Id":"TestCase.ManagedType","Label":"ManagedType","Category":"","Description":"","Attributes":1,"ValueType":"System.String"},"Value":"Zadatak_2.TDD"},{"Key":{"Id":"TestCase.ManagedMethod","Label":"ManagedMethod","Category":"","Description":"","Attributes":1,"ValueType":"System.String"},"Value":"NemogućeDodavanjeUzBrisanje"},{"Key":{"Id":"MSTestDiscoverer.TestClassName","Label":"ClassName","Category":"","Description":"","Attributes":1,"ValueType":"System.String"},"Value":"Zadatak_2.TDD"},{"Key":{"Id":"TestObject.Traits","Label":"Traits","Category":"","Description":"","Attributes":5,"ValueType":"System.Collections.Generic.KeyValuePair`2[[System.String],[System.String]][]"},"Value":[]}]},"Attachments":[],"Outcome":2,"ErrorMessage":"Test method threw exception System.NotImplementedException, but exception System.InvalidOperationException was expected. Exception message: System.NotImplementedException: The method or operation is not implemented.","ErrorStackTrace":"   at Pijaca.Tržnica.DodajTipskeNamirnice(Namirnica vrsta, Boolean svi) in C:\\Users\\Armin\\Documents\\GitHub\\Grupa-3-Verifikovani-i-Validirani-Softverasi\\Pijaca\\Pijaca\\Tržnica.cs:line 120\r\n   at Zadatak_2.TDD.NemogućeDodavanjeUzBrisanje() in C:\\Users\\Armin\\Documents\\GitHub\\Grupa-3-Verifikovani-i-Validirani-Softverasi\\Pijaca\\Zadatak 2\\TDD.cs:line 113\r\n","DisplayName":null,"Messages":[],"ComputerName":null,"Duration":"00:00:00.0006887","StartTime":"2021-11-17T22:30:56.4193945+01:00","EndTime":"2021-11-17T22:30:56.4204425+01:00","Properties":[{"Key":{"Id":"ExecutionId","Label":"ExecutionId","Category":"","Description":"","Attributes":1,"ValueType":"System.Guid"},"Value":"00000000-0000-0000-0000-000000000000"},{"Key":{"Id":"ParentExecId","Label":"ParentExecId","Category":"","Description":"","Attributes":1,"ValueType":"System.Guid"},"Value":"00000000-0000-0000-0000-000000000000"},{"Key":{"Id":"InnerResultsCount","Label":"InnerResultsCount","Category":"","Description":"","Attributes":1,"ValueType":"System.Int32"},"Value":0}]}],"TestRunStatistics":{"ExecutedTests":5,"Stats":{"Failed":5}},"ActiveTests":[]},"RunAttachments":[],"ExecutorUris":["executor://mstestadapter/v2"]}}
TpTrace Verbose: 0 : 17644, 4, 2021/11/17, 22:30:56.477, 208202959221, testhost.dll, BaseRunTests.RunTests: Run is complete.
TpTrace Verbose: 0 : 17644, 10, 2021/11/17, 22:30:56.479, 208202974886, testhost.dll, TcpClientExtensions.MessageLoopAsync: NotifyDataAvailable remoteEndPoint: [::ffff:127.0.0.1]:57352 localEndPoint: [::ffff:127.0.0.1]:57353
TpTrace Information: 0 : 17644, 10, 2021/11/17, 22:30:56.479, 208202976596, testhost.dll, TestRequestHandler.ProcessRequests: received message: (TestSession.Terminate) -> null
TpTrace Information: 0 : 17644, 10, 2021/11/17, 22:30:56.479, 208202977001, testhost.dll, Session End message received from server. Closing the connection.
TpTrace Information: 0 : 17644, 10, 2021/11/17, 22:30:56.479, 208202981489, testhost.dll, SocketClient.Stop: Stop communication from server endpoint: 127.0.0.1:057352
TpTrace Information: 0 : 17644, 10, 2021/11/17, 22:30:56.480, 208202983257, testhost.dll, SocketClient: Stop: Cancellation requested. Stopping message loop.
TpTrace Verbose: 0 : 17644, 10, 2021/11/17, 22:30:56.481, 208203000374, testhost.dll, LengthPrefixCommunicationChannel.Dispose: Dispose reader and writer.
TpTrace Information: 0 : 17644, 10, 2021/11/17, 22:30:56.482, 208203005993, testhost.dll, Closing the connection !
TpTrace Information: 0 : 17644, 1, 2021/11/17, 22:30:56.484, 208203022367, testhost.dll, Closing the connection !
TpTrace Information: 0 : 17644, 10, 2021/11/17, 22:30:56.484, 208203023695, testhost.dll, SocketClient.PrivateStop: Stop communication from server endpoint: 127.0.0.1:057352, error:
TpTrace Information: 0 : 17644, 1, 2021/11/17, 22:30:56.484, 208203025626, testhost.dll, SocketClient.Stop: Stop communication from server endpoint: 127.0.0.1:057352
TpTrace Verbose: 0 : 17644, 1, 2021/11/17, 22:30:56.484, 208203028177, testhost.dll, LengthPrefixCommunicationChannel.Dispose: Dispose reader and writer.
TpTrace Verbose: 0 : 17644, 10, 2021/11/17, 22:30:56.484, 208203030284, testhost.dll, LengthPrefixCommunicationChannel.Dispose: Dispose reader and writer.
TpTrace Verbose: 0 : 17644, 10, 2021/11/17, 22:30:56.484, 208203031322, testhost.dll, TcpClientExtensions.MessageLoopAsync: exiting MessageLoopAsync remoteEndPoint: [::ffff:127.0.0.1]:57352 localEndPoint: [::ffff:127.0.0.1]:57353
TpTrace Information: 0 : 17644, 1, 2021/11/17, 22:30:56.485, 208203035305, testhost.dll, Testhost process exiting.
