TpTrace Verbose: 0 : 10264, 1, 2021/11/17, 23:02:01.212, 226850345398, testhost.dll, Version: 16.9.4
TpTrace Information: 0 : 10264, 1, 2021/11/17, 23:02:01.221, 226850395174, testhost.dll, DefaultEngineInvoker.Invoke: Testhost process started with args :[--port, 57828],[--endpoint, 127.0.0.1:057828],[--role, client],[--parentprocessid, 5156],[--diag, C:\Users\Armin\Documents\GitHub\Grupa-3-Verifikovani-i-Validirani-Softverasi\Pijaca\Zadatak 2\bin\Debug\net5.0\fine-code-coverage\coverage-tool-output\diagnostics.host.21-11-17_23-02-00_98736_4.log],[--tracelevel, 4],[--datacollectionport, 57827],[--telemetryoptedin, false]
TpTrace Information: 0 : 10264, 1, 2021/11/17, 23:02:01.222, 226850409223, testhost.dll, Setting up debug trace listener.
TpTrace Verbose: 0 : 10264, 1, 2021/11/17, 23:02:01.222, 226850411500, testhost.dll, TestPlatformTraceListener.Setup: Replacing listener 0 with TestHostTraceListener.
TpTrace Verbose: 0 : 10264, 1, 2021/11/17, 23:02:01.223, 226850412038, testhost.dll, TestPlatformTraceListener.Setup: Added test platform trace listener.
TpTrace Information: 0 : 10264, 1, 2021/11/17, 23:02:01.223, 226850416532, testhost.dll, DefaultEngineInvoker.SetParentProcessExitCallback: Monitoring parent process with id: '5156'
TpTrace Information: 0 : 10264, 1, 2021/11/17, 23:02:01.234, 226850524311, testhost.dll, DefaultEngineInvoker.GetConnectionInfo: Initialize communication on endpoint address: '127.0.0.1:057828'
TpTrace Information: 0 : 10264, 1, 2021/11/17, 23:02:01.252, 226850706621, testhost.dll, SocketClient.Start: connecting to server endpoint: 127.0.0.1:057828
TpTrace Information: 0 : 10264, 1, 2021/11/17, 23:02:01.264, 226850824265, testhost.dll, DefaultEngineInvoker.ConnectToDatacollector: Connecting to datacollector, port: 57827
TpTrace Information: 0 : 10264, 5, 2021/11/17, 23:02:01.265, 226850836434, testhost.dll, SocketClient.OnServerConnected: connected to server endpoint: 127.0.0.1:057828
TpTrace Verbose: 0 : 10264, 5, 2021/11/17, 23:02:01.268, 226850871509, testhost.dll, Connected to server, and starting MessageLoopAsync
TpTrace Information: 0 : 10264, 1, 2021/11/17, 23:02:01.269, 226850876992, testhost.dll, Trying to connect to server on socket : 127.0.0.1:57827 
TpTrace Verbose: 0 : 10264, 1, 2021/11/17, 23:02:01.270, 226850882179, testhost.dll, SocketCommunicationManager : SetupClientAsync : Attempting to connect to the server.
TpTrace Information: 0 : 10264, 10, 2021/11/17, 23:02:01.273, 226850912749, testhost.dll, Connected to the server successfully 
TpTrace Verbose: 0 : 10264, 9, 2021/11/17, 23:02:01.273, 226850914076, testhost.dll, TcpClientExtensions.MessageLoopAsync: Polling on remoteEndPoint: [::ffff:127.0.0.1]:57828 localEndPoint: [::ffff:127.0.0.1]:57830
TpTrace Information: 0 : 10264, 10, 2021/11/17, 23:02:01.273, 226850914666, testhost.dll, Using the buffer size of 16384 bytes
TpTrace Verbose: 0 : 10264, 9, 2021/11/17, 23:02:01.273, 226850919801, testhost.dll, TcpClientExtensions.MessageLoopAsync: NotifyDataAvailable remoteEndPoint: [::ffff:127.0.0.1]:57828 localEndPoint: [::ffff:127.0.0.1]:57830
TpTrace Information: 0 : 10264, 1, 2021/11/17, 23:02:01.274, 226850921957, testhost.dll, DefaultEngineInvoker.Invoke: Start Request Processing.
TpTrace Information: 0 : 10264, 11, 2021/11/17, 23:02:01.279, 226850980175, testhost.dll, DefaultEngineInvoker.StartProcessingAsync: Connected to vstest.console, Starting process requests.
TpTrace Information: 0 : 10264, 9, 2021/11/17, 23:02:01.420, 226852385165, testhost.dll, TestRequestHandler.ProcessRequests: received message: (ProtocolVersion) -> 5
TpTrace Verbose: 0 : 10264, 9, 2021/11/17, 23:02:01.453, 226852715027, testhost.dll, TestRequestHandler.SendData:  sending data from testhost: {"Version":5,"MessageType":"TestSession.Message","Payload":{"MessageLevel":0,"Message":"Logging TestHost Diagnostics in file: C:\\Users\\Armin\\Documents\\GitHub\\Grupa-3-Verifikovani-i-Validirani-Softverasi\\Pijaca\\Zadatak 2\\bin\\Debug\\net5.0\\fine-code-coverage\\coverage-tool-output\\diagnostics.host.21-11-17_23-02-00_98736_4.log"}}
TpTrace Verbose: 0 : 10264, 9, 2021/11/17, 23:02:01.453, 226852717951, testhost.dll, TcpClientExtensions.MessageLoopAsync: Polling on remoteEndPoint: [::ffff:127.0.0.1]:57828 localEndPoint: [::ffff:127.0.0.1]:57830
TpTrace Verbose: 0 : 10264, 9, 2021/11/17, 23:02:01.453, 226852719069, testhost.dll, TcpClientExtensions.MessageLoopAsync: NotifyDataAvailable remoteEndPoint: [::ffff:127.0.0.1]:57828 localEndPoint: [::ffff:127.0.0.1]:57830
TpTrace Information: 0 : 10264, 9, 2021/11/17, 23:02:01.457, 226852755466, testhost.dll, TestRequestHandler.ProcessRequests: received message: (TestExecution.Initialize) -> [
  "C:\\Users\\Armin\\Documents\\GitHub\\Grupa-3-Verifikovani-i-Validirani-Softverasi\\Pijaca\\Zadatak 2\\bin\\Debug\\net5.0\\fine-code-coverage\\build-output\\Microsoft.VisualStudio.TestPlatform.MSTest.TestAdapter.dll"
]
TpTrace Information: 0 : 10264, 9, 2021/11/17, 23:02:01.457, 226852758477, testhost.dll, Execution Session Initialize.
TpTrace Verbose: 0 : 10264, 9, 2021/11/17, 23:02:01.467, 226852858038, testhost.dll, TcpClientExtensions.MessageLoopAsync: Polling on remoteEndPoint: [::ffff:127.0.0.1]:57828 localEndPoint: [::ffff:127.0.0.1]:57830
TpTrace Verbose: 0 : 10264, 9, 2021/11/17, 23:02:01.467, 226852859448, testhost.dll, TcpClientExtensions.MessageLoopAsync: NotifyDataAvailable remoteEndPoint: [::ffff:127.0.0.1]:57828 localEndPoint: [::ffff:127.0.0.1]:57830
TpTrace Information: 0 : 10264, 9, 2021/11/17, 23:02:01.470, 226852884490, testhost.dll, TestRequestHandler.ProcessRequests: received message: (TestExecution.StartWithSources) -> {
  "AdapterSourceMap": {
    "_none_": [
      "C:\\Users\\Armin\\Documents\\GitHub\\Grupa-3-Verifikovani-i-Validirani-Softverasi\\Pijaca\\Zadatak 2\\bin\\Debug\\net5.0\\fine-code-coverage\\build-output\\Zadatak 2.dll"
    ]
  },
  "RunSettings": "<RunSettings>\r\n  <RunConfiguration>\r\n    <ResultsDirectory>C:\\Users\\Armin\\Documents\\GitHub\\Grupa-3-Verifikovani-i-Validirani-Softverasi\\Pijaca\\Zadatak 2\\bin\\Debug\\net5.0\\fine-code-coverage\\coverage-tool-output</ResultsDirectory>\r\n    <TargetPlatform>X64</TargetPlatform>\r\n    <TargetFrameworkVersion>.NETCoreApp,Version=v5.0</TargetFrameworkVersion>\r\n    <DesignMode>False</DesignMode>\r\n    <CollectSourceInformation>False</CollectSourceInformation>\r\n  </RunConfiguration>\r\n  <LoggerRunSettings>\r\n    <Loggers>\r\n      <Logger friendlyName=\"blame\" enabled=\"True\" />\r\n      <Logger friendlyName=\"Console\" uri=\"logger://microsoft/TestPlatform/ConsoleLogger/v1\" assemblyQualifiedName=\"Microsoft.VisualStudio.TestPlatform.CommandLine.Internal.ConsoleLogger, vstest.console, Version=15.0.0.0, Culture=neutral, PublicKeyToken=b03f5f7f11d50a3a\" codeBase=\"C:\\Program Files\\dotnet\\sdk\\5.0.402\\vstest.console.dll\" enabled=\"True\" />\r\n    </Loggers>\r\n  </LoggerRunSettings>\r\n  <DataCollectionRunSettings>\r\n    <DataCollectors>\r\n      <DataCollector friendlyName=\"blame\" enabled=\"True\">\r\n        <Configuration>\r\n          <ResultsDirectory>C:\\Users\\Armin\\Documents\\GitHub\\Grupa-3-Verifikovani-i-Validirani-Softverasi\\Pijaca\\Zadatak 2\\bin\\Debug\\net5.0\\fine-code-coverage\\coverage-tool-output</ResultsDirectory>\r\n        </Configuration>\r\n      </DataCollector>\r\n    </DataCollectors>\r\n  </DataCollectionRunSettings>\r\n</RunSettings>",
  "TestExecutionContext": {
    "FrequencyOfRunStatsChangeEvent": 10,
    "RunStatsChangeEventTimeout": "00:00:01.5000000",
    "InIsolation": false,
    "KeepAlive": false,
    "AreTestCaseLevelEventsRequired": false,
    "IsDebug": false,
    "TestCaseFilter": null,
    "FilterOptions": null
  },
  "Package": null
}
TpTrace Information: 0 : 10264, 9, 2021/11/17, 23:02:01.470, 226852886096, testhost.dll, Execution started.
TpTrace Verbose: 0 : 10264, 4, 2021/11/17, 23:02:01.470, 226852890829, testhost.dll, TestExecutorService: Loading the extensions
TpTrace Verbose: 0 : 10264, 4, 2021/11/17, 23:02:01.473, 226852916310, testhost.dll, TestPluginCache.DiscoverTestExtensions: finding test extensions in assemblies ends with: TestAdapter.dll TPluginInfo: Microsoft.VisualStudio.TestPlatform.Common.ExtensionFramework.Utilities.TestExecutorPluginInformation TExtension: Microsoft.VisualStudio.TestPlatform.ObjectModel.Adapter.ITestExecutor
TpTrace Verbose: 0 : 10264, 4, 2021/11/17, 23:02:01.476, 226852945387, testhost.dll, TestPluginCache.GetExtensionPaths: Filtered extension paths: 
TpTrace Verbose: 0 : 10264, 4, 2021/11/17, 23:02:01.478, 226852966020, testhost.dll, TestPluginCache.GetExtensionPaths: Added default extension paths: C:\Users\Armin\Documents\GitHub\Grupa-3-Verifikovani-i-Validirani-Softverasi\Pijaca\Zadatak 2\bin\Debug\net5.0\fine-code-coverage\build-output\Microsoft.VisualStudio.TestPlatform.MSTest.TestAdapter.dll
TpTrace Verbose: 0 : 10264, 4, 2021/11/17, 23:02:01.478, 226852968762, testhost.dll, TestPluginCache.GetExtensionPaths: Added unfilterableExtensionPaths: 
TpTrace Information: 0 : 10264, 4, 2021/11/17, 23:02:01.481, 226852992963, testhost.dll, AssemblyResolver.ctor: Creating AssemblyResolver with searchDirectories C:\Users\Armin\Documents\GitHub\Grupa-3-Verifikovani-i-Validirani-Softverasi\Pijaca\Zadatak 2\bin\Debug\net5.0\fine-code-coverage\build-output
TpTrace Verbose: 0 : 10264, 4, 2021/11/17, 23:02:01.482, 226853008535, testhost.dll, TestPluginCache.DiscoverTestExtensions: Discovering the extensions using extension path.
TpTrace Verbose: 0 : 10264, 4, 2021/11/17, 23:02:01.482, 226853010099, testhost.dll, TestPluginCache.GetExtensionPaths: Filtered extension paths: 
TpTrace Verbose: 0 : 10264, 4, 2021/11/17, 23:02:01.482, 226853010529, testhost.dll, TestPluginCache.GetExtensionPaths: Added default extension paths: C:\Users\Armin\Documents\GitHub\Grupa-3-Verifikovani-i-Validirani-Softverasi\Pijaca\Zadatak 2\bin\Debug\net5.0\fine-code-coverage\build-output\Microsoft.VisualStudio.TestPlatform.MSTest.TestAdapter.dll
TpTrace Verbose: 0 : 10264, 4, 2021/11/17, 23:02:01.482, 226853010812, testhost.dll, TestPluginCache.GetExtensionPaths: Added unfilterableExtensionPaths: 
TpTrace Verbose: 0 : 10264, 4, 2021/11/17, 23:02:01.482, 226853011360, testhost.dll, TestPluginCache.DiscoverTestExtensions: Discovering the extensions using allExtensionPaths: C:\Users\Armin\Documents\GitHub\Grupa-3-Verifikovani-i-Validirani-Softverasi\Pijaca\Zadatak 2\bin\Debug\net5.0\fine-code-coverage\build-output\Microsoft.VisualStudio.TestPlatform.MSTest.TestAdapter.dll
TpTrace Information: 0 : 10264, 4, 2021/11/17, 23:02:01.483, 226853018891, testhost.dll, AssemblyResolver.AddSearchDirectories: Adding more searchDirectories C:\Users\Armin\Documents\GitHub\Grupa-3-Verifikovani-i-Validirani-Softverasi\Pijaca\Zadatak 2\bin\Debug\net5.0\fine-code-coverage\build-output
TpTrace Information: 0 : 10264, 4, 2021/11/17, 23:02:01.487, 226853056454, testhost.dll, AssemblyResolver.OnResolve: Microsoft.VisualStudio.TestPlatform.MSTest.TestAdapter: Resolving assembly.
TpTrace Information: 0 : 10264, 4, 2021/11/17, 23:02:01.488, 226853070617, testhost.dll, AssemblyResolver.OnResolve: Resolved assembly: Microsoft.VisualStudio.TestPlatform.MSTest.TestAdapter, from path: C:\Users\Armin\Documents\GitHub\Grupa-3-Verifikovani-i-Validirani-Softverasi\Pijaca\Zadatak 2\bin\Debug\net5.0\fine-code-coverage\build-output\Microsoft.VisualStudio.TestPlatform.MSTest.TestAdapter.dll
TpTrace Verbose: 0 : 10264, 9, 2021/11/17, 23:02:01.501, 226853196358, testhost.dll, TcpClientExtensions.MessageLoopAsync: Polling on remoteEndPoint: [::ffff:127.0.0.1]:57828 localEndPoint: [::ffff:127.0.0.1]:57830
TpTrace Verbose: 0 : 10264, 4, 2021/11/17, 23:02:01.502, 226853207845, testhost.dll, TestPluginCache: Discovered the extensions using extension path ''.
TpTrace Verbose: 0 : 10264, 4, 2021/11/17, 23:02:01.503, 226853212695, testhost.dll, TestPluginCache: Discoverers are ''.
TpTrace Verbose: 0 : 10264, 4, 2021/11/17, 23:02:01.503, 226853213986, testhost.dll, TestPluginCache: Executors are 'executor://MSTestAdapter/v2'.
TpTrace Verbose: 0 : 10264, 4, 2021/11/17, 23:02:01.503, 226853214749, testhost.dll, TestPluginCache: Executors2 are ''.
TpTrace Verbose: 0 : 10264, 4, 2021/11/17, 23:02:01.503, 226853215368, testhost.dll, TestPluginCache: Setting providers are ''.
TpTrace Verbose: 0 : 10264, 4, 2021/11/17, 23:02:01.503, 226853216171, testhost.dll, TestPluginCache: Loggers are ''.
TpTrace Verbose: 0 : 10264, 4, 2021/11/17, 23:02:01.508, 226853264219, testhost.dll, TestPluginCache.DiscoverTestExtensions: finding test extensions in assemblies ends with: TestAdapter.dll TPluginInfo: Microsoft.VisualStudio.TestPlatform.Common.ExtensionFramework.Utilities.TestExecutorPluginInformation2 TExtension: Microsoft.VisualStudio.TestPlatform.ObjectModel.Adapter.ITestExecutor2
TpTrace Verbose: 0 : 10264, 4, 2021/11/17, 23:02:01.509, 226853274166, testhost.dll, TestPluginCache.GetExtensionPaths: Filtered extension paths: 
TpTrace Verbose: 0 : 10264, 4, 2021/11/17, 23:02:01.509, 226853277681, testhost.dll, TestPluginCache.GetExtensionPaths: Added default extension paths: C:\Users\Armin\Documents\GitHub\Grupa-3-Verifikovani-i-Validirani-Softverasi\Pijaca\Zadatak 2\bin\Debug\net5.0\fine-code-coverage\build-output\Microsoft.VisualStudio.TestPlatform.MSTest.TestAdapter.dll
TpTrace Verbose: 0 : 10264, 4, 2021/11/17, 23:02:01.509, 226853279277, testhost.dll, TestPluginCache.GetExtensionPaths: Added unfilterableExtensionPaths: 
TpTrace Information: 0 : 10264, 4, 2021/11/17, 23:02:01.510, 226853287364, testhost.dll, AssemblyResolver.AddSearchDirectories: Adding more searchDirectories C:\Users\Armin\Documents\GitHub\Grupa-3-Verifikovani-i-Validirani-Softverasi\Pijaca\Zadatak 2\bin\Debug\net5.0\fine-code-coverage\build-output
TpTrace Verbose: 0 : 10264, 4, 2021/11/17, 23:02:01.510, 226853289158, testhost.dll, TestPluginCache.DiscoverTestExtensions: Discovering the extensions using extension path.
TpTrace Verbose: 0 : 10264, 4, 2021/11/17, 23:02:01.510, 226853289558, testhost.dll, TestPluginCache.GetExtensionPaths: Filtered extension paths: 
TpTrace Verbose: 0 : 10264, 4, 2021/11/17, 23:02:01.510, 226853290016, testhost.dll, TestPluginCache.GetExtensionPaths: Added default extension paths: C:\Users\Armin\Documents\GitHub\Grupa-3-Verifikovani-i-Validirani-Softverasi\Pijaca\Zadatak 2\bin\Debug\net5.0\fine-code-coverage\build-output\Microsoft.VisualStudio.TestPlatform.MSTest.TestAdapter.dll
TpTrace Verbose: 0 : 10264, 4, 2021/11/17, 23:02:01.510, 226853290309, testhost.dll, TestPluginCache.GetExtensionPaths: Added unfilterableExtensionPaths: 
TpTrace Verbose: 0 : 10264, 4, 2021/11/17, 23:02:01.510, 226853290759, testhost.dll, TestPluginCache.DiscoverTestExtensions: Discovering the extensions using allExtensionPaths: C:\Users\Armin\Documents\GitHub\Grupa-3-Verifikovani-i-Validirani-Softverasi\Pijaca\Zadatak 2\bin\Debug\net5.0\fine-code-coverage\build-output\Microsoft.VisualStudio.TestPlatform.MSTest.TestAdapter.dll
TpTrace Information: 0 : 10264, 4, 2021/11/17, 23:02:01.511, 226853291621, testhost.dll, AssemblyResolver.AddSearchDirectories: Adding more searchDirectories C:\Users\Armin\Documents\GitHub\Grupa-3-Verifikovani-i-Validirani-Softverasi\Pijaca\Zadatak 2\bin\Debug\net5.0\fine-code-coverage\build-output
TpTrace Verbose: 0 : 10264, 4, 2021/11/17, 23:02:01.511, 226853295599, testhost.dll, TestPluginCache: Discovered the extensions using extension path ''.
TpTrace Verbose: 0 : 10264, 4, 2021/11/17, 23:02:01.511, 226853296126, testhost.dll, TestPluginCache: Discoverers are ''.
TpTrace Verbose: 0 : 10264, 4, 2021/11/17, 23:02:01.511, 226853296652, testhost.dll, TestPluginCache: Executors are 'executor://MSTestAdapter/v2'.
TpTrace Verbose: 0 : 10264, 4, 2021/11/17, 23:02:01.511, 226853298605, testhost.dll, TestPluginCache: Executors2 are ''.
TpTrace Verbose: 0 : 10264, 4, 2021/11/17, 23:02:01.511, 226853300007, testhost.dll, TestPluginCache: Setting providers are ''.
TpTrace Verbose: 0 : 10264, 4, 2021/11/17, 23:02:01.511, 226853300813, testhost.dll, TestPluginCache: Loggers are ''.
TpTrace Information: 0 : 10264, 4, 2021/11/17, 23:02:01.516, 226853348811, testhost.dll, TestPluginManager.CreateTestExtension: Attempting to load test extension: Microsoft.VisualStudio.TestPlatform.MSTest.TestAdapter.MSTestExecutor
TpTrace Verbose: 0 : 10264, 4, 2021/11/17, 23:02:01.523, 226853413286, testhost.dll, TestExecutorExtensionManager: Loading executor Microsoft.VisualStudio.TestPlatform.MSTest.TestAdapter.MSTestExecutor
TpTrace Verbose: 0 : 10264, 4, 2021/11/17, 23:02:01.523, 226853414468, testhost.dll, TestExecutorService: Loaded the executors
TpTrace Verbose: 0 : 10264, 4, 2021/11/17, 23:02:01.524, 226853428146, testhost.dll, TestPluginCache.DiscoverTestExtensions: finding test extensions in assemblies ends with: TestAdapter.dll TPluginInfo: Microsoft.VisualStudio.TestPlatform.Common.ExtensionFramework.Utilities.TestSettingsProviderPluginInformation TExtension: Microsoft.VisualStudio.TestPlatform.ObjectModel.Adapter.ISettingsProvider
TpTrace Verbose: 0 : 10264, 4, 2021/11/17, 23:02:01.526, 226853442036, testhost.dll, TestPluginCache.GetExtensionPaths: Filtered extension paths: 
TpTrace Verbose: 0 : 10264, 4, 2021/11/17, 23:02:01.526, 226853446225, testhost.dll, TestPluginCache.GetExtensionPaths: Added default extension paths: C:\Users\Armin\Documents\GitHub\Grupa-3-Verifikovani-i-Validirani-Softverasi\Pijaca\Zadatak 2\bin\Debug\net5.0\fine-code-coverage\build-output\Microsoft.VisualStudio.TestPlatform.MSTest.TestAdapter.dll
TpTrace Verbose: 0 : 10264, 4, 2021/11/17, 23:02:01.526, 226853447480, testhost.dll, TestPluginCache.GetExtensionPaths: Added unfilterableExtensionPaths: 
TpTrace Information: 0 : 10264, 4, 2021/11/17, 23:02:01.527, 226853453334, testhost.dll, AssemblyResolver.AddSearchDirectories: Adding more searchDirectories C:\Users\Armin\Documents\GitHub\Grupa-3-Verifikovani-i-Validirani-Softverasi\Pijaca\Zadatak 2\bin\Debug\net5.0\fine-code-coverage\build-output
TpTrace Verbose: 0 : 10264, 4, 2021/11/17, 23:02:01.527, 226853457008, testhost.dll, TestPluginCache.DiscoverTestExtensions: Discovering the extensions using extension path.
TpTrace Verbose: 0 : 10264, 4, 2021/11/17, 23:02:01.527, 226853459204, testhost.dll, TestPluginCache.GetExtensionPaths: Filtered extension paths: 
TpTrace Verbose: 0 : 10264, 4, 2021/11/17, 23:02:01.527, 226853460165, testhost.dll, TestPluginCache.GetExtensionPaths: Added default extension paths: C:\Users\Armin\Documents\GitHub\Grupa-3-Verifikovani-i-Validirani-Softverasi\Pijaca\Zadatak 2\bin\Debug\net5.0\fine-code-coverage\build-output\Microsoft.VisualStudio.TestPlatform.MSTest.TestAdapter.dll
TpTrace Verbose: 0 : 10264, 4, 2021/11/17, 23:02:01.527, 226853460594, testhost.dll, TestPluginCache.GetExtensionPaths: Added unfilterableExtensionPaths: 
TpTrace Verbose: 0 : 10264, 4, 2021/11/17, 23:02:01.527, 226853461298, testhost.dll, TestPluginCache.DiscoverTestExtensions: Discovering the extensions using allExtensionPaths: C:\Users\Armin\Documents\GitHub\Grupa-3-Verifikovani-i-Validirani-Softverasi\Pijaca\Zadatak 2\bin\Debug\net5.0\fine-code-coverage\build-output\Microsoft.VisualStudio.TestPlatform.MSTest.TestAdapter.dll
TpTrace Information: 0 : 10264, 4, 2021/11/17, 23:02:01.528, 226853462347, testhost.dll, AssemblyResolver.AddSearchDirectories: Adding more searchDirectories C:\Users\Armin\Documents\GitHub\Grupa-3-Verifikovani-i-Validirani-Softverasi\Pijaca\Zadatak 2\bin\Debug\net5.0\fine-code-coverage\build-output
TpTrace Verbose: 0 : 10264, 4, 2021/11/17, 23:02:01.528, 226853465582, testhost.dll, TestPluginCache: Discovered the extensions using extension path ''.
TpTrace Verbose: 0 : 10264, 4, 2021/11/17, 23:02:01.528, 226853466264, testhost.dll, TestPluginCache: Discoverers are ''.
TpTrace Verbose: 0 : 10264, 4, 2021/11/17, 23:02:01.528, 226853466563, testhost.dll, TestPluginCache: Executors are 'executor://MSTestAdapter/v2'.
TpTrace Verbose: 0 : 10264, 4, 2021/11/17, 23:02:01.528, 226853466832, testhost.dll, TestPluginCache: Executors2 are ''.
TpTrace Verbose: 0 : 10264, 4, 2021/11/17, 23:02:01.528, 226853467199, testhost.dll, TestPluginCache: Setting providers are ''.
TpTrace Verbose: 0 : 10264, 4, 2021/11/17, 23:02:01.528, 226853467496, testhost.dll, TestPluginCache: Loggers are ''.
TpTrace Verbose: 0 : 10264, 4, 2021/11/17, 23:02:01.529, 226853475948, testhost.dll, TestExecutorService: Loaded the settings providers
TpTrace Information: 0 : 10264, 4, 2021/11/17, 23:02:01.529, 226853477577, testhost.dll, TestExecutorService: Loaded the extensions
TpTrace Information: 0 : 10264, 4, 2021/11/17, 23:02:01.618, 226854362712, testhost.dll, TestDiscoveryManager: Discovering tests from sources C:\Users\Armin\Documents\GitHub\Grupa-3-Verifikovani-i-Validirani-Softverasi\Pijaca\Zadatak 2\bin\Debug\net5.0\fine-code-coverage\build-output\Zadatak 2.dll
TpTrace Verbose: 0 : 10264, 4, 2021/11/17, 23:02:01.619, 226854381562, testhost.dll, TestPluginCache.DiscoverTestExtensions: finding test extensions in assemblies ends with: TestAdapter.dll TPluginInfo: Microsoft.VisualStudio.TestPlatform.Common.ExtensionFramework.Utilities.TestDiscovererPluginInformation TExtension: Microsoft.VisualStudio.TestPlatform.ObjectModel.Adapter.ITestDiscoverer
TpTrace Verbose: 0 : 10264, 4, 2021/11/17, 23:02:01.620, 226854383187, testhost.dll, TestPluginCache.GetExtensionPaths: Filtered extension paths: 
TpTrace Verbose: 0 : 10264, 4, 2021/11/17, 23:02:01.620, 226854384331, testhost.dll, TestPluginCache.GetExtensionPaths: Added default extension paths: C:\Users\Armin\Documents\GitHub\Grupa-3-Verifikovani-i-Validirani-Softverasi\Pijaca\Zadatak 2\bin\Debug\net5.0\fine-code-coverage\build-output\Microsoft.VisualStudio.TestPlatform.MSTest.TestAdapter.dll
TpTrace Verbose: 0 : 10264, 4, 2021/11/17, 23:02:01.620, 226854384613, testhost.dll, TestPluginCache.GetExtensionPaths: Added unfilterableExtensionPaths: 
TpTrace Information: 0 : 10264, 4, 2021/11/17, 23:02:01.620, 226854386151, testhost.dll, AssemblyResolver.AddSearchDirectories: Adding more searchDirectories C:\Users\Armin\Documents\GitHub\Grupa-3-Verifikovani-i-Validirani-Softverasi\Pijaca\Zadatak 2\bin\Debug\net5.0\fine-code-coverage\build-output
TpTrace Verbose: 0 : 10264, 4, 2021/11/17, 23:02:01.620, 226854387058, testhost.dll, TestPluginCache.DiscoverTestExtensions: Discovering the extensions using extension path.
TpTrace Verbose: 0 : 10264, 4, 2021/11/17, 23:02:01.620, 226854387358, testhost.dll, TestPluginCache.GetExtensionPaths: Filtered extension paths: 
TpTrace Verbose: 0 : 10264, 4, 2021/11/17, 23:02:01.620, 226854387651, testhost.dll, TestPluginCache.GetExtensionPaths: Added default extension paths: C:\Users\Armin\Documents\GitHub\Grupa-3-Verifikovani-i-Validirani-Softverasi\Pijaca\Zadatak 2\bin\Debug\net5.0\fine-code-coverage\build-output\Microsoft.VisualStudio.TestPlatform.MSTest.TestAdapter.dll
TpTrace Verbose: 0 : 10264, 4, 2021/11/17, 23:02:01.620, 226854388027, testhost.dll, TestPluginCache.GetExtensionPaths: Added unfilterableExtensionPaths: 
TpTrace Verbose: 0 : 10264, 4, 2021/11/17, 23:02:01.620, 226854388376, testhost.dll, TestPluginCache.DiscoverTestExtensions: Discovering the extensions using allExtensionPaths: C:\Users\Armin\Documents\GitHub\Grupa-3-Verifikovani-i-Validirani-Softverasi\Pijaca\Zadatak 2\bin\Debug\net5.0\fine-code-coverage\build-output\Microsoft.VisualStudio.TestPlatform.MSTest.TestAdapter.dll
TpTrace Information: 0 : 10264, 4, 2021/11/17, 23:02:01.620, 226854388752, testhost.dll, AssemblyResolver.AddSearchDirectories: Adding more searchDirectories C:\Users\Armin\Documents\GitHub\Grupa-3-Verifikovani-i-Validirani-Softverasi\Pijaca\Zadatak 2\bin\Debug\net5.0\fine-code-coverage\build-output
TpTrace Verbose: 0 : 10264, 4, 2021/11/17, 23:02:01.622, 226854407864, testhost.dll, TestPluginCache: Discovered the extensions using extension path ''.
TpTrace Verbose: 0 : 10264, 4, 2021/11/17, 23:02:01.622, 226854409092, testhost.dll, TestPluginCache: Discoverers are 'Microsoft.VisualStudio.TestPlatform.MSTest.TestAdapter.MSTestDiscoverer, Microsoft.VisualStudio.TestPlatform.MSTest.TestAdapter, Version=14.0.0.0, Culture=neutral, PublicKeyToken=b03f5f7f11d50a3a'.
TpTrace Verbose: 0 : 10264, 4, 2021/11/17, 23:02:01.622, 226854410337, testhost.dll, TestPluginCache: Executors are 'executor://MSTestAdapter/v2'.
TpTrace Verbose: 0 : 10264, 4, 2021/11/17, 23:02:01.622, 226854410661, testhost.dll, TestPluginCache: Executors2 are ''.
TpTrace Verbose: 0 : 10264, 4, 2021/11/17, 23:02:01.622, 226854410954, testhost.dll, TestPluginCache: Setting providers are ''.
TpTrace Verbose: 0 : 10264, 4, 2021/11/17, 23:02:01.623, 226854412195, testhost.dll, TestPluginCache: Loggers are ''.
TpTrace Verbose: 0 : 10264, 4, 2021/11/17, 23:02:01.633, 226854513235, testhost.dll, BaseRunTests.RunTestInternalWithExecutors: Running tests for executor://MSTestAdapter/v2
TpTrace Information: 0 : 10264, 4, 2021/11/17, 23:02:01.633, 226854520535, testhost.dll, AssemblyResolver.OnResolve: Microsoft.VisualStudio.TestPlatform.MSTestAdapter.PlatformServices.Interface: Resolving assembly.
TpTrace Information: 0 : 10264, 4, 2021/11/17, 23:02:01.634, 226854529004, testhost.dll, AssemblyResolver.OnResolve: Resolved assembly: Microsoft.VisualStudio.TestPlatform.MSTestAdapter.PlatformServices.Interface, from path: C:\Users\Armin\Documents\GitHub\Grupa-3-Verifikovani-i-Validirani-Softverasi\Pijaca\Zadatak 2\bin\Debug\net5.0\fine-code-coverage\build-output\Microsoft.VisualStudio.TestPlatform.MSTestAdapter.PlatformServices.Interface.dll
TpTrace Information: 0 : 10264, 4, 2021/11/17, 23:02:01.635, 226854539099, testhost.dll, AssemblyResolver.OnResolve: Microsoft.VisualStudio.TestPlatform.MSTestAdapter.PlatformServices: Resolving assembly.
TpTrace Information: 0 : 10264, 4, 2021/11/17, 23:02:01.636, 226854545320, testhost.dll, AssemblyResolver.OnResolve: Resolved assembly: Microsoft.VisualStudio.TestPlatform.MSTestAdapter.PlatformServices, from path: C:\Users\Armin\Documents\GitHub\Grupa-3-Verifikovani-i-Validirani-Softverasi\Pijaca\Zadatak 2\bin\Debug\net5.0\fine-code-coverage\build-output\Microsoft.VisualStudio.TestPlatform.MSTestAdapter.PlatformServices.dll
TpTrace Information: 0 : 10264, 4, 2021/11/17, 23:02:01.636, 226854551172, testhost.dll, MSTest - MSTestExecutor.RunTests: Running tests from sources.
TpTrace Information: 0 : 10264, 4, 2021/11/17, 23:02:01.639, 226854581054, testhost.dll, MSTest - CollectSourceInformation value Found : False 
TpTrace Information: 0 : 10264, 4, 2021/11/17, 23:02:01.662, 226854808116, testhost.dll, AssemblyResolver.OnResolve: Microsoft.TestPlatform.AdapterUtilities: Resolving assembly.
TpTrace Information: 0 : 10264, 4, 2021/11/17, 23:02:01.663, 226854821243, testhost.dll, AssemblyResolver.OnResolve: Resolved assembly: Microsoft.TestPlatform.AdapterUtilities, from path: C:\Users\Armin\Documents\GitHub\Grupa-3-Verifikovani-i-Validirani-Softverasi\Pijaca\Zadatak 2\bin\Debug\net5.0\fine-code-coverage\build-output\Microsoft.TestPlatform.AdapterUtilities.dll
TpTrace Information: 0 : 10264, 4, 2021/11/17, 23:02:01.673, 226854919452, testhost.dll, MSTest - MSTestDiscoverer: Found 5 tests from source C:\Users\Armin\Documents\GitHub\Grupa-3-Verifikovani-i-Validirani-Softverasi\Pijaca\Zadatak 2\bin\Debug\net5.0\fine-code-coverage\build-output\Zadatak 2.dll
TpTrace Information: 0 : 10264, 4, 2021/11/17, 23:02:01.689, 226855072270, testhost.dll, AssemblyResolver.OnResolve: Microsoft.VisualStudio.TestPlatform.MSTestAdapter.PlatformServices.resources: Resolving assembly.
TpTrace Information: 0 : 10264, 4, 2021/11/17, 23:02:01.689, 226855074826, testhost.dll, AssemblyResolver.OnResolve: Microsoft.VisualStudio.TestPlatform.MSTestAdapter.PlatformServices.resources: Failed to load assembly.
TpTrace Information: 0 : 10264, 4, 2021/11/17, 23:02:01.689, 226855078631, testhost.dll, AssemblyResolver.OnResolve: Microsoft.VisualStudio.TestPlatform.MSTestAdapter.PlatformServices.resources: Resolving assembly.
TpTrace Information: 0 : 10264, 4, 2021/11/17, 23:02:01.689, 226855079664, testhost.dll, AssemblyResolver.OnResolve: Microsoft.VisualStudio.TestPlatform.MSTestAdapter.PlatformServices.resources: Resolved from cache.
TpTrace Information: 0 : 10264, 4, 2021/11/17, 23:02:01.704, 226855230996, testhost.dll, MSTest - Created unit-test runner C:\Users\Armin\Documents\GitHub\Grupa-3-Verifikovani-i-Validirani-Softverasi\Pijaca\Zadatak 2\bin\Debug\net5.0\fine-code-coverage\build-output\Zadatak 2.dll
TpTrace Verbose: 0 : 10264, 4, 2021/11/17, 23:02:01.711, 226855300384, testhost.dll, TestExecutionRecorder.RecordStart: Starting test: Zadatak_2.TDD.TestZamjenskiObjekat.
TpTrace Information: 0 : 10264, 4, 2021/11/17, 23:02:01.851, 226856697609, testhost.dll, MSTest - Executing test TestZamjenskiObjekat
TpTrace Information: 0 : 10264, 4, 2021/11/17, 23:02:01.925, 226857440119, testhost.dll, MSTest - Executed test TestZamjenskiObjekat
TpTrace Verbose: 0 : 10264, 4, 2021/11/17, 23:02:01.932, 226857511441, testhost.dll, TestExecutionRecorder.RecordEnd: test: Zadatak_2.TDD.TestZamjenskiObjekat execution completed.
TpTrace Verbose: 0 : 10264, 4, 2021/11/17, 23:02:01.954, 226857724250, testhost.dll, TestExecutionRecorder.RecordResult: Received result for test: Zadatak_2.TDD.TestZamjenskiObjekat.
TpTrace Warning: 0 : 10264, 4, 2021/11/17, 23:02:01.961, 226857794504, testhost.dll, TestRunCache: InProgressTests is null
TpTrace Warning: 0 : 10264, 4, 2021/11/17, 23:02:01.961, 226857798762, testhost.dll, TestRunCache: No test found corresponding to testResult '' in inProgress list.
TpTrace Verbose: 0 : 10264, 4, 2021/11/17, 23:02:01.961, 226857801169, testhost.dll, TestExecutionRecorder.RecordStart: Starting test: Zadatak_2.TDD.DodavanjeMesnihProizvoda.
TpTrace Information: 0 : 10264, 4, 2021/11/17, 23:02:01.964, 226857826063, testhost.dll, MSTest - Executing test DodavanjeMesnihProizvoda
TpTrace Information: 0 : 10264, 4, 2021/11/17, 23:02:01.973, 226857917804, testhost.dll, AssemblyResolver.OnResolve: Microsoft.VisualStudio.TestPlatform.MSTest.TestAdapter.resources: Resolving assembly.
TpTrace Information: 0 : 10264, 4, 2021/11/17, 23:02:01.973, 226857919499, testhost.dll, AssemblyResolver.OnResolve: Microsoft.VisualStudio.TestPlatform.MSTest.TestAdapter.resources: Failed to load assembly.
TpTrace Information: 0 : 10264, 4, 2021/11/17, 23:02:02.006, 226858244356, testhost.dll, MSTest - Executed test DodavanjeMesnihProizvoda
TpTrace Verbose: 0 : 10264, 4, 2021/11/17, 23:02:02.006, 226858246084, testhost.dll, TestExecutionRecorder.RecordEnd: test: Zadatak_2.TDD.DodavanjeMesnihProizvoda execution completed.
TpTrace Information: 0 : 10264, 4, 2021/11/17, 23:02:02.011, 226858294597, testhost.dll, MSTest - MSTestExecutor:Test Zadatak_2.TDD.DodavanjeMesnihProizvoda failed. ErrorMessage:Test method Zadatak_2.TDD.DodavanjeMesnihProizvoda threw exception: 
System.NotImplementedException: The method or operation is not implemented., ErrorStackTrace:    at Pijaca.Tržnica.DodajTipskeNamirnice(Namirnica vrsta, Boolean svi) in C:\Users\Armin\Documents\GitHub\Grupa-3-Verifikovani-i-Validirani-Softverasi\Pijaca\Pijaca\Tržnica.cs:line 120
   at Zadatak_2.TDD.DodavanjeMesnihProizvoda() in C:\Users\Armin\Documents\GitHub\Grupa-3-Verifikovani-i-Validirani-Softverasi\Pijaca\Zadatak 2\TDD.cs:line 57
.
TpTrace Verbose: 0 : 10264, 4, 2021/11/17, 23:02:02.012, 226858305551, testhost.dll, TestExecutionRecorder.RecordResult: Received result for test: Zadatak_2.TDD.DodavanjeMesnihProizvoda.
TpTrace Warning: 0 : 10264, 4, 2021/11/17, 23:02:02.012, 226858307075, testhost.dll, TestRunCache: InProgressTests is null
TpTrace Warning: 0 : 10264, 4, 2021/11/17, 23:02:02.012, 226858307605, testhost.dll, TestRunCache: No test found corresponding to testResult '' in inProgress list.
TpTrace Verbose: 0 : 10264, 4, 2021/11/17, 23:02:02.012, 226858308494, testhost.dll, TestExecutionRecorder.RecordStart: Starting test: Zadatak_2.TDD.DodavanjeVoćaIBrisanje.
TpTrace Information: 0 : 10264, 4, 2021/11/17, 23:02:02.014, 226858321685, testhost.dll, MSTest - Executing test DodavanjeVoćaIBrisanje
TpTrace Information: 0 : 10264, 4, 2021/11/17, 23:02:02.015, 226858337543, testhost.dll, MSTest - Executed test DodavanjeVoćaIBrisanje
TpTrace Verbose: 0 : 10264, 4, 2021/11/17, 23:02:02.015, 226858339224, testhost.dll, TestExecutionRecorder.RecordEnd: test: Zadatak_2.TDD.DodavanjeVoćaIBrisanje execution completed.
TpTrace Information: 0 : 10264, 4, 2021/11/17, 23:02:02.022, 226858405712, testhost.dll, MSTest - MSTestExecutor:Test Zadatak_2.TDD.DodavanjeVoćaIBrisanje failed. ErrorMessage:Test method Zadatak_2.TDD.DodavanjeVoćaIBrisanje threw exception: 
System.NotImplementedException: The method or operation is not implemented., ErrorStackTrace:    at Pijaca.Tržnica.DodajTipskeNamirnice(Namirnica vrsta, Boolean svi) in C:\Users\Armin\Documents\GitHub\Grupa-3-Verifikovani-i-Validirani-Softverasi\Pijaca\Pijaca\Tržnica.cs:line 120
   at Zadatak_2.TDD.DodavanjeVoćaIBrisanje() in C:\Users\Armin\Documents\GitHub\Grupa-3-Verifikovani-i-Validirani-Softverasi\Pijaca\Zadatak 2\TDD.cs:line 80
.
TpTrace Verbose: 0 : 10264, 4, 2021/11/17, 23:02:02.022, 226858406740, testhost.dll, TestExecutionRecorder.RecordResult: Received result for test: Zadatak_2.TDD.DodavanjeVoćaIBrisanje.
TpTrace Warning: 0 : 10264, 4, 2021/11/17, 23:02:02.022, 226858407343, testhost.dll, TestRunCache: InProgressTests is null
TpTrace Warning: 0 : 10264, 4, 2021/11/17, 23:02:02.022, 226858407665, testhost.dll, TestRunCache: No test found corresponding to testResult '' in inProgress list.
TpTrace Verbose: 0 : 10264, 4, 2021/11/17, 23:02:02.022, 226858408302, testhost.dll, TestExecutionRecorder.RecordStart: Starting test: Zadatak_2.TDD.NepodržaniTipDodavanja.
TpTrace Information: 0 : 10264, 4, 2021/11/17, 23:02:02.027, 226858452178, testhost.dll, MSTest - Executing test NepodržaniTipDodavanja
TpTrace Information: 0 : 10264, 4, 2021/11/17, 23:02:02.030, 226858483171, testhost.dll, AssemblyResolver.OnResolve: Microsoft.VisualStudio.TestPlatform.TestFramework.resources: Resolving assembly.
TpTrace Information: 0 : 10264, 4, 2021/11/17, 23:02:02.030, 226858484834, testhost.dll, AssemblyResolver.OnResolve: Microsoft.VisualStudio.TestPlatform.TestFramework.resources: Failed to load assembly.
TpTrace Information: 0 : 10264, 4, 2021/11/17, 23:02:02.031, 226858495350, testhost.dll, MSTest - Executed test NepodržaniTipDodavanja
TpTrace Verbose: 0 : 10264, 4, 2021/11/17, 23:02:02.031, 226858497720, testhost.dll, TestExecutionRecorder.RecordEnd: test: Zadatak_2.TDD.NepodržaniTipDodavanja execution completed.
TpTrace Information: 0 : 10264, 4, 2021/11/17, 23:02:02.033, 226858513525, testhost.dll, MSTest - MSTestExecutor:Test Zadatak_2.TDD.NepodržaniTipDodavanja failed. ErrorMessage:Test method threw exception System.NotImplementedException, but exception System.InvalidOperationException was expected. Exception message: System.NotImplementedException: The method or operation is not implemented., ErrorStackTrace:   at Pijaca.Tržnica.DodajTipskeNamirnice(Namirnica vrsta, Boolean svi) in C:\Users\Armin\Documents\GitHub\Grupa-3-Verifikovani-i-Validirani-Softverasi\Pijaca\Pijaca\Tržnica.cs:line 120
   at Zadatak_2.TDD.NepodržaniTipDodavanja() in C:\Users\Armin\Documents\GitHub\Grupa-3-Verifikovani-i-Validirani-Softverasi\Pijaca\Zadatak 2\TDD.cs:line 100
.
TpTrace Verbose: 0 : 10264, 4, 2021/11/17, 23:02:02.033, 226858514377, testhost.dll, TestExecutionRecorder.RecordResult: Received result for test: Zadatak_2.TDD.NepodržaniTipDodavanja.
TpTrace Warning: 0 : 10264, 4, 2021/11/17, 23:02:02.033, 226858514937, testhost.dll, TestRunCache: InProgressTests is null
TpTrace Warning: 0 : 10264, 4, 2021/11/17, 23:02:02.033, 226858515230, testhost.dll, TestRunCache: No test found corresponding to testResult '' in inProgress list.
TpTrace Verbose: 0 : 10264, 4, 2021/11/17, 23:02:02.033, 226858515876, testhost.dll, TestExecutionRecorder.RecordStart: Starting test: Zadatak_2.TDD.NemogućeDodavanjeUzBrisanje.
TpTrace Information: 0 : 10264, 4, 2021/11/17, 23:02:02.034, 226858525391, testhost.dll, MSTest - Executing test NemogućeDodavanjeUzBrisanje
TpTrace Information: 0 : 10264, 4, 2021/11/17, 23:02:02.035, 226858535396, testhost.dll, MSTest - Executed test NemogućeDodavanjeUzBrisanje
TpTrace Verbose: 0 : 10264, 4, 2021/11/17, 23:02:02.035, 226858536337, testhost.dll, TestExecutionRecorder.RecordEnd: test: Zadatak_2.TDD.NemogućeDodavanjeUzBrisanje execution completed.
TpTrace Information: 0 : 10264, 4, 2021/11/17, 23:02:02.037, 226858555936, testhost.dll, MSTest - MSTestExecutor:Test Zadatak_2.TDD.NemogućeDodavanjeUzBrisanje failed. ErrorMessage:Test method threw exception System.NotImplementedException, but exception System.InvalidOperationException was expected. Exception message: System.NotImplementedException: The method or operation is not implemented., ErrorStackTrace:   at Pijaca.Tržnica.DodajTipskeNamirnice(Namirnica vrsta, Boolean svi) in C:\Users\Armin\Documents\GitHub\Grupa-3-Verifikovani-i-Validirani-Softverasi\Pijaca\Pijaca\Tržnica.cs:line 120
   at Zadatak_2.TDD.NemogućeDodavanjeUzBrisanje() in C:\Users\Armin\Documents\GitHub\Grupa-3-Verifikovani-i-Validirani-Softverasi\Pijaca\Zadatak 2\TDD.cs:line 113
.
TpTrace Verbose: 0 : 10264, 4, 2021/11/17, 23:02:02.037, 226858556804, testhost.dll, TestExecutionRecorder.RecordResult: Received result for test: Zadatak_2.TDD.NemogućeDodavanjeUzBrisanje.
TpTrace Warning: 0 : 10264, 4, 2021/11/17, 23:02:02.037, 226858557388, testhost.dll, TestRunCache: InProgressTests is null
TpTrace Warning: 0 : 10264, 4, 2021/11/17, 23:02:02.037, 226858557689, testhost.dll, TestRunCache: No test found corresponding to testResult '' in inProgress list.
TpTrace Information: 0 : 10264, 4, 2021/11/17, 23:02:02.037, 226858560022, testhost.dll, MSTest - Executing cleanup methods.
TpTrace Information: 0 : 10264, 4, 2021/11/17, 23:02:02.039, 226858572384, testhost.dll, MSTest - Executed cleanup methods.
TpTrace Information: 0 : 10264, 4, 2021/11/17, 23:02:02.039, 226858573045, testhost.dll, MSTest - Executed tests belonging to source C:\Users\Armin\Documents\GitHub\Grupa-3-Verifikovani-i-Validirani-Softverasi\Pijaca\Zadatak 2\bin\Debug\net5.0\fine-code-coverage\build-output\Zadatak 2.dll
TpTrace Verbose: 0 : 10264, 4, 2021/11/17, 23:02:02.039, 226858576729, testhost.dll, BaseRunTests.RunTestInternalWithExecutors: Completed running tests for executor://MSTestAdapter/v2
TpTrace Information: 0 : 10264, 4, 2021/11/17, 23:02:02.046, 226858644058, testhost.dll, Sending test run complete
TpTrace Verbose: 0 : 10264, 4, 2021/11/17, 23:02:02.096, 226859147472, testhost.dll, TestRequestHandler.SendData:  sending data from testhost: {"Version":5,"MessageType":"TestExecution.Completed","Payload":{"TestRunCompleteArgs":{"TestRunStatistics":{"ExecutedTests":5,"Stats":{"Passed":1,"Failed":4}},"IsCanceled":false,"IsAborted":false,"Error":null,"AttachmentSets":[],"ElapsedTimeInRunningTests":"00:00:00.4147077","Metrics":{}},"LastRunTests":{"NewTestResults":[{"TestCase":{"Id":"cd075b4d-61b2-de77-403b-0cfb69a56f47","FullyQualifiedName":"Zadatak_2.TDD.TestZamjenskiObjekat","DisplayName":"TestZamjenskiObjekat","ExecutorUri":"executor://MSTestAdapter/v2","Source":"C:\\Users\\Armin\\Documents\\GitHub\\Grupa-3-Verifikovani-i-Validirani-Softverasi\\Pijaca\\Zadatak 2\\bin\\Debug\\net5.0\\fine-code-coverage\\build-output\\Zadatak 2.dll","CodeFilePath":null,"LineNumber":-1,"Properties":[{"Key":{"Id":"TestCase.ManagedType","Label":"ManagedType","Category":"","Description":"","Attributes":1,"ValueType":"System.String"},"Value":"Zadatak_2.TDD"},{"Key":{"Id":"TestCase.ManagedMethod","Label":"ManagedMethod","Category":"","Description":"","Attributes":1,"ValueType":"System.String"},"Value":"TestZamjenskiObjekat"},{"Key":{"Id":"MSTestDiscoverer.TestClassName","Label":"ClassName","Category":"","Description":"","Attributes":1,"ValueType":"System.String"},"Value":"Zadatak_2.TDD"},{"Key":{"Id":"TestObject.Traits","Label":"Traits","Category":"","Description":"","Attributes":5,"ValueType":"System.Collections.Generic.KeyValuePair`2[[System.String],[System.String]][]"},"Value":[]}]},"Attachments":[],"Outcome":1,"ErrorMessage":null,"ErrorStackTrace":null,"DisplayName":null,"Messages":[],"ComputerName":null,"Duration":"00:00:00.0115538","StartTime":"2021-11-17T23:02:01.8514633+01:00","EndTime":"2021-11-17T23:02:01.9263677+01:00","Properties":[{"Key":{"Id":"ExecutionId","Label":"ExecutionId","Category":"","Description":"","Attributes":1,"ValueType":"System.Guid"},"Value":"00000000-0000-0000-0000-000000000000"},{"Key":{"Id":"ParentExecId","Label":"ParentExecId","Category":"","Description":"","Attributes":1,"ValueType":"System.Guid"},"Value":"00000000-0000-0000-0000-000000000000"},{"Key":{"Id":"InnerResultsCount","Label":"InnerResultsCount","Category":"","Description":"","Attributes":1,"ValueType":"System.Int32"},"Value":0}]},{"TestCase":{"Id":"3a1d8414-af96-8075-3e91-63006d286d73","FullyQualifiedName":"Zadatak_2.TDD.DodavanjeMesnihProizvoda","DisplayName":"DodavanjeMesnihProizvoda","ExecutorUri":"executor://MSTestAdapter/v2","Source":"C:\\Users\\Armin\\Documents\\GitHub\\Grupa-3-Verifikovani-i-Validirani-Softverasi\\Pijaca\\Zadatak 2\\bin\\Debug\\net5.0\\fine-code-coverage\\build-output\\Zadatak 2.dll","CodeFilePath":null,"LineNumber":-1,"Properties":[{"Key":{"Id":"TestCase.ManagedType","Label":"ManagedType","Category":"","Description":"","Attributes":1,"ValueType":"System.String"},"Value":"Zadatak_2.TDD"},{"Key":{"Id":"TestCase.ManagedMethod","Label":"ManagedMethod","Category":"","Description":"","Attributes":1,"ValueType":"System.String"},"Value":"DodavanjeMesnihProizvoda"},{"Key":{"Id":"MSTestDiscoverer.TestClassName","Label":"ClassName","Category":"","Description":"","Attributes":1,"ValueType":"System.String"},"Value":"Zadatak_2.TDD"},{"Key":{"Id":"TestObject.Traits","Label":"Traits","Category":"","Description":"","Attributes":5,"ValueType":"System.Collections.Generic.KeyValuePair`2[[System.String],[System.String]][]"},"Value":[]}]},"Attachments":[],"Outcome":2,"ErrorMessage":"Test method Zadatak_2.TDD.DodavanjeMesnihProizvoda threw exception: \r\nSystem.NotImplementedException: The method or operation is not implemented.","ErrorStackTrace":"    at Pijaca.Tržnica.DodajTipskeNamirnice(Namirnica vrsta, Boolean svi) in C:\\Users\\Armin\\Documents\\GitHub\\Grupa-3-Verifikovani-i-Validirani-Softverasi\\Pijaca\\Pijaca\\Tržnica.cs:line 120\r\n   at Zadatak_2.TDD.DodavanjeMesnihProizvoda() in C:\\Users\\Armin\\Documents\\GitHub\\Grupa-3-Verifikovani-i-Validirani-Softverasi\\Pijaca\\Zadatak 2\\TDD.cs:line 57\r\n","DisplayName":null,"Messages":[],"ComputerName":null,"Duration":"00:00:00.0409373","StartTime":"2021-11-17T23:02:01.964435+01:00","EndTime":"2021-11-17T23:02:02.0064243+01:00","Properties":[{"Key":{"Id":"ExecutionId","Label":"ExecutionId","Category":"","Description":"","Attributes":1,"ValueType":"System.Guid"},"Value":"00000000-0000-0000-0000-000000000000"},{"Key":{"Id":"ParentExecId","Label":"ParentExecId","Category":"","Description":"","Attributes":1,"ValueType":"System.Guid"},"Value":"00000000-0000-0000-0000-000000000000"},{"Key":{"Id":"InnerResultsCount","Label":"InnerResultsCount","Category":"","Description":"","Attributes":1,"ValueType":"System.Int32"},"Value":0}]},{"TestCase":{"Id":"3f4528f8-6f76-6b66-8987-b10996504e89","FullyQualifiedName":"Zadatak_2.TDD.DodavanjeVoćaIBrisanje","DisplayName":"DodavanjeVoćaIBrisanje","ExecutorUri":"executor://MSTestAdapter/v2","Source":"C:\\Users\\Armin\\Documents\\GitHub\\Grupa-3-Verifikovani-i-Validirani-Softverasi\\Pijaca\\Zadatak 2\\bin\\Debug\\net5.0\\fine-code-coverage\\build-output\\Zadatak 2.dll","CodeFilePath":null,"LineNumber":-1,"Properties":[{"Key":{"Id":"TestCase.ManagedType","Label":"ManagedType","Category":"","Description":"","Attributes":1,"ValueType":"System.String"},"Value":"Zadatak_2.TDD"},{"Key":{"Id":"TestCase.ManagedMethod","Label":"ManagedMethod","Category":"","Description":"","Attributes":1,"ValueType":"System.String"},"Value":"DodavanjeVoćaIBrisanje"},{"Key":{"Id":"MSTestDiscoverer.TestClassName","Label":"ClassName","Category":"","Description":"","Attributes":1,"ValueType":"System.String"},"Value":"Zadatak_2.TDD"},{"Key":{"Id":"TestObject.Traits","Label":"Traits","Category":"","Description":"","Attributes":5,"ValueType":"System.Collections.Generic.KeyValuePair`2[[System.String],[System.String]][]"},"Value":[]}]},"Attachments":[],"Outcome":2,"ErrorMessage":"Test method Zadatak_2.TDD.DodavanjeVoćaIBrisanje threw exception: \r\nSystem.NotImplementedException: The method or operation is not implemented.","ErrorStackTrace":"    at Pijaca.Tržnica.DodajTipskeNamirnice(Namirnica vrsta, Boolean svi) in C:\\Users\\Armin\\Documents\\GitHub\\Grupa-3-Verifikovani-i-Validirani-Softverasi\\Pijaca\\Pijaca\\Tržnica.cs:line 120\r\n   at Zadatak_2.TDD.DodavanjeVoćaIBrisanje() in C:\\Users\\Armin\\Documents\\GitHub\\Grupa-3-Verifikovani-i-Validirani-Softverasi\\Pijaca\\Zadatak 2\\TDD.cs:line 80\r\n","DisplayName":null,"Messages":[],"ComputerName":null,"Duration":"00:00:00.0013318","StartTime":"2021-11-17T23:02:02.0140008+01:00","EndTime":"2021-11-17T23:02:02.015746+01:00","Properties":[{"Key":{"Id":"ExecutionId","Label":"ExecutionId","Category":"","Description":"","Attributes":1,"ValueType":"System.Guid"},"Value":"00000000-0000-0000-0000-000000000000"},{"Key":{"Id":"ParentExecId","Label":"ParentExecId","Category":"","Description":"","Attributes":1,"ValueType":"System.Guid"},"Value":"00000000-0000-0000-0000-000000000000"},{"Key":{"Id":"InnerResultsCount","Label":"InnerResultsCount","Category":"","Description":"","Attributes":1,"ValueType":"System.Int32"},"Value":0}]},{"TestCase":{"Id":"94f032db-9346-302f-6689-ffa07b4ffe55","FullyQualifiedName":"Zadatak_2.TDD.NepodržaniTipDodavanja","DisplayName":"NepodržaniTipDodavanja","ExecutorUri":"executor://MSTestAdapter/v2","Source":"C:\\Users\\Armin\\Documents\\GitHub\\Grupa-3-Verifikovani-i-Validirani-Softverasi\\Pijaca\\Zadatak 2\\bin\\Debug\\net5.0\\fine-code-coverage\\build-output\\Zadatak 2.dll","CodeFilePath":null,"LineNumber":-1,"Properties":[{"Key":{"Id":"TestCase.ManagedType","Label":"ManagedType","Category":"","Description":"","Attributes":1,"ValueType":"System.String"},"Value":"Zadatak_2.TDD"},{"Key":{"Id":"TestCase.ManagedMethod","Label":"ManagedMethod","Category":"","Description":"","Attributes":1,"ValueType":"System.String"},"Value":"NepodržaniTipDodavanja"},{"Key":{"Id":"MSTestDiscoverer.TestClassName","Label":"ClassName","Category":"","Description":"","Attributes":1,"ValueType":"System.String"},"Value":"Zadatak_2.TDD"},{"Key":{"Id":"TestObject.Traits","Label":"Traits","Category":"","Description":"","Attributes":5,"ValueType":"System.Collections.Generic.KeyValuePair`2[[System.String],[System.String]][]"},"Value":[]}]},"Attachments":[],"Outcome":2,"ErrorMessage":"Test method threw exception System.NotImplementedException, but exception System.InvalidOperationException was expected. Exception message: System.NotImplementedException: The method or operation is not implemented.","ErrorStackTrace":"   at Pijaca.Tržnica.DodajTipskeNamirnice(Namirnica vrsta, Boolean svi) in C:\\Users\\Armin\\Documents\\GitHub\\Grupa-3-Verifikovani-i-Validirani-Softverasi\\Pijaca\\Pijaca\\Tržnica.cs:line 120\r\n   at Zadatak_2.TDD.NepodržaniTipDodavanja() in C:\\Users\\Armin\\Documents\\GitHub\\Grupa-3-Verifikovani-i-Validirani-Softverasi\\Pijaca\\Zadatak 2\\TDD.cs:line 100\r\n","DisplayName":null,"Messages":[],"ComputerName":null,"Duration":"00:00:00.0028286","StartTime":"2021-11-17T23:02:02.0269673+01:00","EndTime":"2021-11-17T23:02:02.0315925+01:00","Properties":[{"Key":{"Id":"ExecutionId","Label":"ExecutionId","Category":"","Description":"","Attributes":1,"ValueType":"System.Guid"},"Value":"00000000-0000-0000-0000-000000000000"},{"Key":{"Id":"ParentExecId","Label":"ParentExecId","Category":"","Description":"","Attributes":1,"ValueType":"System.Guid"},"Value":"00000000-0000-0000-0000-000000000000"},{"Key":{"Id":"InnerResultsCount","Label":"InnerResultsCount","Category":"","Description":"","Attributes":1,"ValueType":"System.Int32"},"Value":0}]},{"TestCase":{"Id":"0e86f05c-b4ae-450e-5451-e8f8450dc484","FullyQualifiedName":"Zadatak_2.TDD.NemogućeDodavanjeUzBrisanje","DisplayName":"NemogućeDodavanjeUzBrisanje","ExecutorUri":"executor://MSTestAdapter/v2","Source":"C:\\Users\\Armin\\Documents\\GitHub\\Grupa-3-Verifikovani-i-Validirani-Softverasi\\Pijaca\\Zadatak 2\\bin\\Debug\\net5.0\\fine-code-coverage\\build-output\\Zadatak 2.dll","CodeFilePath":null,"LineNumber":-1,"Properties":[{"Key":{"Id":"TestCase.ManagedType","Label":"ManagedType","Category":"","Description":"","Attributes":1,"ValueType":"System.String"},"Value":"Zadatak_2.TDD"},{"Key":{"Id":"TestCase.ManagedMethod","Label":"ManagedMethod","Category":"","Description":"","Attributes":1,"ValueType":"System.String"},"Value":"NemogućeDodavanjeUzBrisanje"},{"Key":{"Id":"MSTestDiscoverer.TestClassName","Label":"ClassName","Category":"","Description":"","Attributes":1,"ValueType":"System.String"},"Value":"Zadatak_2.TDD"},{"Key":{"Id":"TestObject.Traits","Label":"Traits","Category":"","Description":"","Attributes":5,"ValueType":"System.Collections.Generic.KeyValuePair`2[[System.String],[System.String]][]"},"Value":[]}]},"Attachments":[],"Outcome":2,"ErrorMessage":"Test method threw exception System.NotImplementedException, but exception System.InvalidOperationException was expected. Exception message: System.NotImplementedException: The method or operation is not implemented.","ErrorStackTrace":"   at Pijaca.Tržnica.DodajTipskeNamirnice(Namirnica vrsta, Boolean svi) in C:\\Users\\Armin\\Documents\\GitHub\\Grupa-3-Verifikovani-i-Validirani-Softverasi\\Pijaca\\Pijaca\\Tržnica.cs:line 120\r\n   at Zadatak_2.TDD.NemogućeDodavanjeUzBrisanje() in C:\\Users\\Armin\\Documents\\GitHub\\Grupa-3-Verifikovani-i-Validirani-Softverasi\\Pijaca\\Zadatak 2\\TDD.cs:line 113\r\n","DisplayName":null,"Messages":[],"ComputerName":null,"Duration":"00:00:00.0007511","StartTime":"2021-11-17T23:02:02.0343776+01:00","EndTime":"2021-11-17T23:02:02.0354659+01:00","Properties":[{"Key":{"Id":"ExecutionId","Label":"ExecutionId","Category":"","Description":"","Attributes":1,"ValueType":"System.Guid"},"Value":"00000000-0000-0000-0000-000000000000"},{"Key":{"Id":"ParentExecId","Label":"ParentExecId","Category":"","Description":"","Attributes":1,"ValueType":"System.Guid"},"Value":"00000000-0000-0000-0000-000000000000"},{"Key":{"Id":"InnerResultsCount","Label":"InnerResultsCount","Category":"","Description":"","Attributes":1,"ValueType":"System.Int32"},"Value":0}]}],"TestRunStatistics":{"ExecutedTests":5,"Stats":{"Passed":1,"Failed":4}},"ActiveTests":[]},"RunAttachments":[],"ExecutorUris":["executor://mstestadapter/v2"]}}
TpTrace Verbose: 0 : 10264, 4, 2021/11/17, 23:02:02.097, 226859154433, testhost.dll, BaseRunTests.RunTests: Run is complete.
TpTrace Verbose: 0 : 10264, 9, 2021/11/17, 23:02:02.099, 226859174201, testhost.dll, TcpClientExtensions.MessageLoopAsync: NotifyDataAvailable remoteEndPoint: [::ffff:127.0.0.1]:57828 localEndPoint: [::ffff:127.0.0.1]:57830
TpTrace Information: 0 : 10264, 9, 2021/11/17, 23:02:02.099, 226859176151, testhost.dll, TestRequestHandler.ProcessRequests: received message: (TestSession.Terminate) -> null
TpTrace Information: 0 : 10264, 9, 2021/11/17, 23:02:02.099, 226859176809, testhost.dll, Session End message received from server. Closing the connection.
TpTrace Information: 0 : 10264, 9, 2021/11/17, 23:02:02.099, 226859180245, testhost.dll, SocketClient.Stop: Stop communication from server endpoint: 127.0.0.1:057828
TpTrace Information: 0 : 10264, 9, 2021/11/17, 23:02:02.099, 226859180826, testhost.dll, SocketClient: Stop: Cancellation requested. Stopping message loop.
TpTrace Verbose: 0 : 10264, 9, 2021/11/17, 23:02:02.100, 226859182234, testhost.dll, LengthPrefixCommunicationChannel.Dispose: Dispose reader and writer.
TpTrace Information: 0 : 10264, 9, 2021/11/17, 23:02:02.100, 226859182743, testhost.dll, Closing the connection !
TpTrace Information: 0 : 10264, 9, 2021/11/17, 23:02:02.100, 226859184521, testhost.dll, SocketClient.PrivateStop: Stop communication from server endpoint: 127.0.0.1:057828, error:
TpTrace Verbose: 0 : 10264, 9, 2021/11/17, 23:02:02.100, 226859188402, testhost.dll, LengthPrefixCommunicationChannel.Dispose: Dispose reader and writer.
TpTrace Information: 0 : 10264, 1, 2021/11/17, 23:02:02.100, 226859188404, testhost.dll, Closing the connection !
TpTrace Verbose: 0 : 10264, 9, 2021/11/17, 23:02:02.100, 226859189165, testhost.dll, TcpClientExtensions.MessageLoopAsync: exiting MessageLoopAsync remoteEndPoint: [::ffff:127.0.0.1]:57828 localEndPoint: [::ffff:127.0.0.1]:57830
TpTrace Information: 0 : 10264, 1, 2021/11/17, 23:02:02.100, 226859189887, testhost.dll, SocketClient.Stop: Stop communication from server endpoint: 127.0.0.1:057828
TpTrace Verbose: 0 : 10264, 1, 2021/11/17, 23:02:02.100, 226859190941, testhost.dll, LengthPrefixCommunicationChannel.Dispose: Dispose reader and writer.
TpTrace Information: 0 : 10264, 1, 2021/11/17, 23:02:02.101, 226859192335, testhost.dll, Testhost process exiting.
